2018-02-11 10:42:22.014 [main] INFO  org.springframework.context.annotation.AnnotationConfigApplicationContext [AbstractApplicationContext.java:583] - Refreshing org.springframework.context.annotation.AnnotationConfigApplicationContext@1151e434: startup date [Sun Feb 11 10:42:21 CST 2018]; root of context hierarchy
2018-02-11 10:42:22.573 [background-preinit] INFO  org.hibernate.validator.internal.util.Version [Version.java:30] - HV000001: Hibernate Validator 5.3.6.Final
2018-02-11 10:42:22.988 [main] INFO  org.springframework.beans.factory.annotation.AutowiredAnnotationBeanPostProcessor [AutowiredAnnotationBeanPostProcessor.java:155] - JSR-330 'javax.inject.Inject' annotation found and supported for autowiring
2018-02-11 10:42:23.048 [main] INFO  org.springframework.context.support.PostProcessorRegistrationDelegate$BeanPostProcessorChecker [PostProcessorRegistrationDelegate.java:327] - Bean 'configurationPropertiesRebinderAutoConfiguration' of type [org.springframework.cloud.autoconfigure.ConfigurationPropertiesRebinderAutoConfiguration$$EnhancerBySpringCGLIB$$d3c09a05] is not eligible for getting processed by all BeanPostProcessors (for example: not eligible for auto-proxying)
2018-02-11 10:42:25.503 [main] INFO  org.springframework.cloud.commons.util.InetUtils [InetUtils.java:171] - Cannot determine local hostname
2018-02-11 10:42:25.677 [main] INFO  org.springframework.cloud.netflix.eureka.InstanceInfoFactory [InstanceInfoFactory.java:71] - Setting initial instance status as: STARTING
2018-02-11 10:42:25.831 [main] INFO  com.netflix.discovery.DiscoveryClient [DiscoveryClient.java:347] - Initializing Eureka in region us-east-1
2018-02-11 10:42:26.798 [main] INFO  com.netflix.discovery.provider.DiscoveryJerseyProvider [DiscoveryJerseyProvider.java:70] - Using JSON encoding codec LegacyJacksonJson
2018-02-11 10:42:26.799 [main] INFO  com.netflix.discovery.provider.DiscoveryJerseyProvider [DiscoveryJerseyProvider.java:71] - Using JSON decoding codec LegacyJacksonJson
2018-02-11 10:42:26.937 [main] INFO  com.netflix.discovery.provider.DiscoveryJerseyProvider [DiscoveryJerseyProvider.java:80] - Using XML encoding codec XStreamXml
2018-02-11 10:42:26.938 [main] INFO  com.netflix.discovery.provider.DiscoveryJerseyProvider [DiscoveryJerseyProvider.java:81] - Using XML decoding codec XStreamXml
2018-02-11 10:42:27.245 [main] INFO  com.netflix.discovery.shared.resolver.aws.ConfigClusterResolver [ConfigClusterResolver.java:43] - Resolving eureka endpoints via configuration
2018-02-11 10:42:27.737 [main] INFO  com.netflix.discovery.DiscoveryClient [DiscoveryClient.java:929] - Disable delta property : false
2018-02-11 10:42:27.738 [main] INFO  com.netflix.discovery.DiscoveryClient [DiscoveryClient.java:930] - Single vip registry refresh property : null
2018-02-11 10:42:27.738 [main] INFO  com.netflix.discovery.DiscoveryClient [DiscoveryClient.java:931] - Force full registry fetch : false
2018-02-11 10:42:27.739 [main] INFO  com.netflix.discovery.DiscoveryClient [DiscoveryClient.java:932] - Application is null : false
2018-02-11 10:42:27.740 [main] INFO  com.netflix.discovery.DiscoveryClient [DiscoveryClient.java:933] - Registered Applications size is zero : true
2018-02-11 10:42:27.741 [main] INFO  com.netflix.discovery.DiscoveryClient [DiscoveryClient.java:935] - Application version is -1: true
2018-02-11 10:42:27.741 [main] INFO  com.netflix.discovery.DiscoveryClient [DiscoveryClient.java:1018] - Getting all instance registry info from the eureka server
2018-02-11 10:42:27.930 [main] INFO  com.netflix.discovery.DiscoveryClient [DiscoveryClient.java:1027] - The response status is 200
2018-02-11 10:42:27.933 [main] INFO  com.netflix.discovery.DiscoveryClient [DiscoveryClient.java:1300] - Not registering with Eureka server per configuration
2018-02-11 10:42:27.936 [main] INFO  com.netflix.discovery.DiscoveryClient [DiscoveryClient.java:434] - Discovery Client initialized at timestamp 1518316947936 with initial instances count: 2
2018-02-11 10:42:29.868 [main] INFO  org.springframework.cloud.config.client.ConfigServicePropertySourceLocator [ConfigServicePropertySourceLocator.java:82] - Fetching config from server at: http://192.168.221.1:2005/
2018-02-11 10:42:34.347 [main] INFO  org.springframework.cloud.config.client.ConfigServicePropertySourceLocator [ConfigServicePropertySourceLocator.java:96] - Located environment: name=model, profiles=[dev], label=master, version=0271ea712b9afb423a2ce73493fb61cfa9208819, state=null
2018-02-11 10:42:34.348 [main] INFO  org.springframework.cloud.bootstrap.config.PropertySourceBootstrapConfiguration [PropertySourceBootstrapConfiguration.java:98] - Located property source: CompositePropertySource [name='configService', propertySources=[MapPropertySource {name='configClient'}, MapPropertySource {name='https://github.com/passliang/ProjectConfig/styleConfig/model-dev.yml'}]]
2018-02-11 10:42:34.388 [main] INFO  com.google.model.ModelApplication [SpringApplication.java:597] - The following profiles are active: dev
2018-02-11 10:42:34.409 [main] INFO  org.springframework.boot.context.embedded.AnnotationConfigEmbeddedWebApplicationContext [AbstractApplicationContext.java:583] - Refreshing org.springframework.boot.context.embedded.AnnotationConfigEmbeddedWebApplicationContext@3e67f5f2: startup date [Sun Feb 11 10:42:34 CST 2018]; parent: org.springframework.context.annotation.AnnotationConfigApplicationContext@1151e434
2018-02-11 10:42:36.477 [main] INFO  org.springframework.cloud.context.scope.GenericScope [GenericScope.java:287] - BeanFactory id=6cc85cb6-a013-3a86-9f6a-497d027783b6
2018-02-11 10:42:36.513 [main] INFO  org.springframework.beans.factory.annotation.AutowiredAnnotationBeanPostProcessor [AutowiredAnnotationBeanPostProcessor.java:155] - JSR-330 'javax.inject.Inject' annotation found and supported for autowiring
2018-02-11 10:42:36.805 [main] INFO  org.springframework.context.support.PostProcessorRegistrationDelegate$BeanPostProcessorChecker [PostProcessorRegistrationDelegate.java:327] - Bean 'org.springframework.cloud.sleuth.annotation.SleuthAnnotationAutoConfiguration' of type [org.springframework.cloud.sleuth.annotation.SleuthAnnotationAutoConfiguration$$EnhancerBySpringCGLIB$$ba0bdd3a] is not eligible for getting processed by all BeanPostProcessors (for example: not eligible for auto-proxying)
2018-02-11 10:42:37.182 [main] INFO  org.springframework.context.support.PostProcessorRegistrationDelegate$BeanPostProcessorChecker [PostProcessorRegistrationDelegate.java:327] - Bean 'sleuthAdvisorConfig' of type [org.springframework.cloud.sleuth.annotation.SleuthAdvisorConfig] is not eligible for getting processed by all BeanPostProcessors (for example: not eligible for auto-proxying)
2018-02-11 10:42:37.188 [main] INFO  org.springframework.context.support.PostProcessorRegistrationDelegate$BeanPostProcessorChecker [PostProcessorRegistrationDelegate.java:327] - Bean 'org.springframework.cloud.netflix.metrics.MetricsInterceptorConfiguration$MetricsRestTemplateConfiguration' of type [org.springframework.cloud.netflix.metrics.MetricsInterceptorConfiguration$MetricsRestTemplateConfiguration$$EnhancerBySpringCGLIB$$e9d33d49] is not eligible for getting processed by all BeanPostProcessors (for example: not eligible for auto-proxying)
2018-02-11 10:42:37.233 [main] INFO  org.springframework.context.support.PostProcessorRegistrationDelegate$BeanPostProcessorChecker [PostProcessorRegistrationDelegate.java:327] - Bean 'org.springframework.cloud.autoconfigure.ConfigurationPropertiesRebinderAutoConfiguration' of type [org.springframework.cloud.autoconfigure.ConfigurationPropertiesRebinderAutoConfiguration$$EnhancerBySpringCGLIB$$d3c09a05] is not eligible for getting processed by all BeanPostProcessors (for example: not eligible for auto-proxying)
2018-02-11 10:42:37.264 [main] INFO  org.springframework.context.support.PostProcessorRegistrationDelegate$BeanPostProcessorChecker [PostProcessorRegistrationDelegate.java:327] - Bean 'org.springframework.cloud.sleuth.instrument.web.client.feign.TraceFeignClientAutoConfiguration$FeignBeanPostProcessorConfiguration' of type [org.springframework.cloud.sleuth.instrument.web.client.feign.TraceFeignClientAutoConfiguration$FeignBeanPostProcessorConfiguration$$EnhancerBySpringCGLIB$$f7386fce] is not eligible for getting processed by all BeanPostProcessors (for example: not eligible for auto-proxying)
2018-02-11 10:42:37.295 [main] INFO  org.springframework.context.support.PostProcessorRegistrationDelegate$BeanPostProcessorChecker [PostProcessorRegistrationDelegate.java:327] - Bean 'org.springframework.cloud.sleuth.instrument.async.AsyncDefaultAutoConfiguration' of type [org.springframework.cloud.sleuth.instrument.async.AsyncDefaultAutoConfiguration$$EnhancerBySpringCGLIB$$9f8a4327] is not eligible for getting processed by all BeanPostProcessors (for example: not eligible for auto-proxying)
2018-02-11 10:42:37.320 [main] INFO  org.springframework.context.support.PostProcessorRegistrationDelegate$BeanPostProcessorChecker [PostProcessorRegistrationDelegate.java:327] - Bean 'org.springframework.cloud.sleuth.instrument.web.client.TraceWebClientAutoConfiguration' of type [org.springframework.cloud.sleuth.instrument.web.client.TraceWebClientAutoConfiguration$$EnhancerBySpringCGLIB$$64396287] is not eligible for getting processed by all BeanPostProcessors (for example: not eligible for auto-proxying)
2018-02-11 10:42:37.994 [main] INFO  org.springframework.boot.context.embedded.tomcat.TomcatEmbeddedServletContainer [TomcatEmbeddedServletContainer.java:89] - Tomcat initialized with port(s): 5010 (http)
2018-02-11 10:42:38.015 [main] INFO  org.apache.catalina.core.StandardService [DirectJDKLog.java:179] - Starting service [Tomcat]
2018-02-11 10:42:38.017 [main] INFO  org.apache.catalina.core.StandardEngine [DirectJDKLog.java:179] - Starting Servlet Engine: Apache Tomcat/8.5.23
2018-02-11 10:42:38.273 [localhost-startStop-1] INFO  org.apache.catalina.core.ContainerBase.[Tomcat].[localhost].[/] [DirectJDKLog.java:179] - Initializing Spring embedded WebApplicationContext
2018-02-11 10:42:38.279 [localhost-startStop-1] INFO  org.springframework.web.context.ContextLoader [EmbeddedWebApplicationContext.java:276] - Root WebApplicationContext: initialization completed in 3870 ms
2018-02-11 10:42:39.149 [localhost-startStop-1] INFO  org.springframework.boot.web.servlet.FilterRegistrationBean [AbstractFilterRegistrationBean.java:258] - Mapping filter: 'metricsFilter' to: [/*]
2018-02-11 10:42:39.150 [localhost-startStop-1] INFO  org.springframework.boot.web.servlet.FilterRegistrationBean [AbstractFilterRegistrationBean.java:258] - Mapping filter: 'characterEncodingFilter' to: [/*]
2018-02-11 10:42:39.151 [localhost-startStop-1] INFO  org.springframework.boot.web.servlet.FilterRegistrationBean [AbstractFilterRegistrationBean.java:258] - Mapping filter: 'traceFilter' to: [/*]
2018-02-11 10:42:39.151 [localhost-startStop-1] INFO  org.springframework.boot.web.servlet.FilterRegistrationBean [AbstractFilterRegistrationBean.java:258] - Mapping filter: 'hiddenHttpMethodFilter' to: [/*]
2018-02-11 10:42:39.153 [localhost-startStop-1] INFO  org.springframework.boot.web.servlet.FilterRegistrationBean [AbstractFilterRegistrationBean.java:258] - Mapping filter: 'httpPutFormContentFilter' to: [/*]
2018-02-11 10:42:39.153 [localhost-startStop-1] INFO  org.springframework.boot.web.servlet.FilterRegistrationBean [AbstractFilterRegistrationBean.java:258] - Mapping filter: 'requestContextFilter' to: [/*]
2018-02-11 10:42:39.154 [localhost-startStop-1] INFO  org.springframework.boot.web.servlet.FilterRegistrationBean [AbstractFilterRegistrationBean.java:258] - Mapping filter: 'webRequestLoggingFilter' to: [/*]
2018-02-11 10:42:39.155 [localhost-startStop-1] INFO  org.springframework.boot.web.servlet.FilterRegistrationBean [AbstractFilterRegistrationBean.java:258] - Mapping filter: 'applicationContextIdFilter' to: [/*]
2018-02-11 10:42:39.156 [localhost-startStop-1] INFO  org.springframework.boot.web.servlet.ServletRegistrationBean [ServletRegistrationBean.java:190] - Mapping servlet: 'dispatcherServlet' to [/]
2018-02-11 10:42:39.551 [main] WARN  com.netflix.config.sources.URLConfigurationSource [URLConfigurationSource.java:121] - No URLs will be polled as dynamic configuration sources.
2018-02-11 10:42:39.554 [main] INFO  com.netflix.config.sources.URLConfigurationSource [URLConfigurationSource.java:122] - To enable URLs as dynamic configuration sources, define System property archaius.configurationSource.additionalUrls or make config.properties available on classpath.
2018-02-11 10:42:39.564 [main] WARN  com.netflix.config.sources.URLConfigurationSource [URLConfigurationSource.java:121] - No URLs will be polled as dynamic configuration sources.
2018-02-11 10:42:39.565 [main] INFO  com.netflix.config.sources.URLConfigurationSource [URLConfigurationSource.java:122] - To enable URLs as dynamic configuration sources, define System property archaius.configurationSource.additionalUrls or make config.properties available on classpath.
2018-02-11 10:42:40.277 [main] INFO  org.springframework.web.servlet.mvc.method.annotation.RequestMappingHandlerAdapter [RequestMappingHandlerAdapter.java:534] - Looking for @ControllerAdvice: org.springframework.boot.context.embedded.AnnotationConfigEmbeddedWebApplicationContext@3e67f5f2: startup date [Sun Feb 11 10:42:34 CST 2018]; parent: org.springframework.context.annotation.AnnotationConfigApplicationContext@1151e434
2018-02-11 10:42:40.605 [main] INFO  org.springframework.web.servlet.mvc.method.annotation.RequestMappingHandlerMapping [AbstractHandlerMethodMapping.java:543] - Mapped "{[/error]}" onto public org.springframework.http.ResponseEntity<java.util.Map<java.lang.String, java.lang.Object>> org.springframework.boot.autoconfigure.web.BasicErrorController.error(javax.servlet.http.HttpServletRequest)
2018-02-11 10:42:40.607 [main] INFO  org.springframework.web.servlet.mvc.method.annotation.RequestMappingHandlerMapping [AbstractHandlerMethodMapping.java:543] - Mapped "{[/error],produces=[text/html]}" onto public org.springframework.web.servlet.ModelAndView org.springframework.boot.autoconfigure.web.BasicErrorController.errorHtml(javax.servlet.http.HttpServletRequest,javax.servlet.http.HttpServletResponse)
2018-02-11 10:42:40.702 [main] INFO  org.springframework.web.servlet.handler.SimpleUrlHandlerMapping [AbstractUrlHandlerMapping.java:362] - Mapped URL path [/webjars/**] onto handler of type [class org.springframework.web.servlet.resource.ResourceHttpRequestHandler]
2018-02-11 10:42:40.703 [main] INFO  org.springframework.web.servlet.handler.SimpleUrlHandlerMapping [AbstractUrlHandlerMapping.java:362] - Mapped URL path [/**] onto handler of type [class org.springframework.web.servlet.resource.ResourceHttpRequestHandler]
2018-02-11 10:42:40.824 [main] INFO  org.springframework.web.servlet.handler.SimpleUrlHandlerMapping [AbstractUrlHandlerMapping.java:362] - Mapped URL path [/**/favicon.ico] onto handler of type [class org.springframework.web.servlet.resource.ResourceHttpRequestHandler]
2018-02-11 10:42:42.803 [main] INFO  org.springframework.cloud.commons.util.InetUtils [InetUtils.java:171] - Cannot determine local hostname
2018-02-11 10:42:44.863 [main] INFO  org.springframework.cloud.commons.util.InetUtils [InetUtils.java:171] - Cannot determine local hostname
2018-02-11 10:42:45.939 [main] INFO  org.springframework.boot.actuate.endpoint.mvc.EndpointHandlerMapping [AbstractHandlerMethodMapping.java:543] - Mapped "{[/archaius || /archaius.json],methods=[GET],produces=[application/vnd.spring-boot.actuator.v1+json || application/json]}" onto public java.lang.Object org.springframework.boot.actuate.endpoint.mvc.EndpointMvcAdapter.invoke()
2018-02-11 10:42:45.940 [main] INFO  org.springframework.boot.actuate.endpoint.mvc.EndpointHandlerMapping [AbstractHandlerMethodMapping.java:543] - Mapped "{[/beans || /beans.json],methods=[GET],produces=[application/vnd.spring-boot.actuator.v1+json || application/json]}" onto public java.lang.Object org.springframework.boot.actuate.endpoint.mvc.EndpointMvcAdapter.invoke()
2018-02-11 10:42:45.942 [main] INFO  org.springframework.boot.actuate.endpoint.mvc.EndpointHandlerMapping [AbstractHandlerMethodMapping.java:543] - Mapped "{[/health || /health.json],methods=[GET],produces=[application/vnd.spring-boot.actuator.v1+json || application/json]}" onto public java.lang.Object org.springframework.boot.actuate.endpoint.mvc.HealthMvcEndpoint.invoke(javax.servlet.http.HttpServletRequest,java.security.Principal)
2018-02-11 10:42:45.943 [main] INFO  org.springframework.boot.actuate.endpoint.mvc.EndpointHandlerMapping [AbstractHandlerMethodMapping.java:543] - Mapped "{[/env],methods=[POST]}" onto public java.lang.Object org.springframework.cloud.context.environment.EnvironmentManagerMvcEndpoint.value(java.util.Map<java.lang.String, java.lang.String>)
2018-02-11 10:42:45.944 [main] INFO  org.springframework.boot.actuate.endpoint.mvc.EndpointHandlerMapping [AbstractHandlerMethodMapping.java:543] - Mapped "{[/env/reset],methods=[POST]}" onto public java.util.Map<java.lang.String, java.lang.Object> org.springframework.cloud.context.environment.EnvironmentManagerMvcEndpoint.reset()
2018-02-11 10:42:45.947 [main] INFO  org.springframework.boot.actuate.endpoint.mvc.EndpointHandlerMapping [AbstractHandlerMethodMapping.java:543] - Mapped "{[/env/{name:.*}],methods=[GET],produces=[application/vnd.spring-boot.actuator.v1+json || application/json]}" onto public java.lang.Object org.springframework.boot.actuate.endpoint.mvc.EnvironmentMvcEndpoint.value(java.lang.String)
2018-02-11 10:42:45.947 [main] INFO  org.springframework.boot.actuate.endpoint.mvc.EndpointHandlerMapping [AbstractHandlerMethodMapping.java:543] - Mapped "{[/env || /env.json],methods=[GET],produces=[application/vnd.spring-boot.actuator.v1+json || application/json]}" onto public java.lang.Object org.springframework.boot.actuate.endpoint.mvc.EndpointMvcAdapter.invoke()
2018-02-11 10:42:45.949 [main] INFO  org.springframework.boot.actuate.endpoint.mvc.EndpointHandlerMapping [AbstractHandlerMethodMapping.java:543] - Mapped "{[/dump || /dump.json],methods=[GET],produces=[application/vnd.spring-boot.actuator.v1+json || application/json]}" onto public java.lang.Object org.springframework.boot.actuate.endpoint.mvc.EndpointMvcAdapter.invoke()
2018-02-11 10:42:45.950 [main] INFO  org.springframework.boot.actuate.endpoint.mvc.EndpointHandlerMapping [AbstractHandlerMethodMapping.java:543] - Mapped "{[/heapdump || /heapdump.json],methods=[GET],produces=[application/octet-stream]}" onto public void org.springframework.boot.actuate.endpoint.mvc.HeapdumpMvcEndpoint.invoke(boolean,javax.servlet.http.HttpServletRequest,javax.servlet.http.HttpServletResponse) throws java.io.IOException,javax.servlet.ServletException
2018-02-11 10:42:45.956 [main] INFO  org.springframework.boot.actuate.endpoint.mvc.EndpointHandlerMapping [AbstractHandlerMethodMapping.java:543] - Mapped "{[/loggers/{name:.*}],methods=[GET],produces=[application/vnd.spring-boot.actuator.v1+json || application/json]}" onto public java.lang.Object org.springframework.boot.actuate.endpoint.mvc.LoggersMvcEndpoint.get(java.lang.String)
2018-02-11 10:42:45.960 [main] INFO  org.springframework.boot.actuate.endpoint.mvc.EndpointHandlerMapping [AbstractHandlerMethodMapping.java:543] - Mapped "{[/loggers/{name:.*}],methods=[POST],consumes=[application/vnd.spring-boot.actuator.v1+json || application/json],produces=[application/vnd.spring-boot.actuator.v1+json || application/json]}" onto public java.lang.Object org.springframework.boot.actuate.endpoint.mvc.LoggersMvcEndpoint.set(java.lang.String,java.util.Map<java.lang.String, java.lang.String>)
2018-02-11 10:42:45.961 [main] INFO  org.springframework.boot.actuate.endpoint.mvc.EndpointHandlerMapping [AbstractHandlerMethodMapping.java:543] - Mapped "{[/loggers || /loggers.json],methods=[GET],produces=[application/vnd.spring-boot.actuator.v1+json || application/json]}" onto public java.lang.Object org.springframework.boot.actuate.endpoint.mvc.EndpointMvcAdapter.invoke()
2018-02-11 10:42:45.964 [main] INFO  org.springframework.boot.actuate.endpoint.mvc.EndpointHandlerMapping [AbstractHandlerMethodMapping.java:543] - Mapped "{[/metrics/{name:.*}],methods=[GET],produces=[application/vnd.spring-boot.actuator.v1+json || application/json]}" onto public java.lang.Object org.springframework.boot.actuate.endpoint.mvc.MetricsMvcEndpoint.value(java.lang.String)
2018-02-11 10:42:45.965 [main] INFO  org.springframework.boot.actuate.endpoint.mvc.EndpointHandlerMapping [AbstractHandlerMethodMapping.java:543] - Mapped "{[/metrics || /metrics.json],methods=[GET],produces=[application/vnd.spring-boot.actuator.v1+json || application/json]}" onto public java.lang.Object org.springframework.boot.actuate.endpoint.mvc.EndpointMvcAdapter.invoke()
2018-02-11 10:42:45.966 [main] INFO  org.springframework.boot.actuate.endpoint.mvc.EndpointHandlerMapping [AbstractHandlerMethodMapping.java:543] - Mapped "{[/autoconfig || /autoconfig.json],methods=[GET],produces=[application/vnd.spring-boot.actuator.v1+json || application/json]}" onto public java.lang.Object org.springframework.boot.actuate.endpoint.mvc.EndpointMvcAdapter.invoke()
2018-02-11 10:42:45.966 [main] INFO  org.springframework.boot.actuate.endpoint.mvc.EndpointHandlerMapping [AbstractHandlerMethodMapping.java:543] - Mapped "{[/trace || /trace.json],methods=[GET],produces=[application/vnd.spring-boot.actuator.v1+json || application/json]}" onto public java.lang.Object org.springframework.boot.actuate.endpoint.mvc.EndpointMvcAdapter.invoke()
2018-02-11 10:42:45.967 [main] INFO  org.springframework.boot.actuate.endpoint.mvc.EndpointHandlerMapping [AbstractHandlerMethodMapping.java:543] - Mapped "{[/mappings || /mappings.json],methods=[GET],produces=[application/vnd.spring-boot.actuator.v1+json || application/json]}" onto public java.lang.Object org.springframework.boot.actuate.endpoint.mvc.EndpointMvcAdapter.invoke()
2018-02-11 10:42:45.968 [main] INFO  org.springframework.boot.actuate.endpoint.mvc.EndpointHandlerMapping [AbstractHandlerMethodMapping.java:543] - Mapped "{[/configprops || /configprops.json],methods=[GET],produces=[application/vnd.spring-boot.actuator.v1+json || application/json]}" onto public java.lang.Object org.springframework.boot.actuate.endpoint.mvc.EndpointMvcAdapter.invoke()
2018-02-11 10:42:45.969 [main] INFO  org.springframework.boot.actuate.endpoint.mvc.EndpointHandlerMapping [AbstractHandlerMethodMapping.java:543] - Mapped "{[/refresh || /refresh.json],methods=[POST]}" onto public java.lang.Object org.springframework.cloud.endpoint.GenericPostableMvcEndpoint.invoke()
2018-02-11 10:42:45.970 [main] INFO  org.springframework.boot.actuate.endpoint.mvc.EndpointHandlerMapping [AbstractHandlerMethodMapping.java:543] - Mapped "{[/auditevents || /auditevents.json],methods=[GET],produces=[application/vnd.spring-boot.actuator.v1+json || application/json]}" onto public org.springframework.http.ResponseEntity<?> org.springframework.boot.actuate.endpoint.mvc.AuditEventsMvcEndpoint.findByPrincipalAndAfterAndType(java.lang.String,java.util.Date,java.lang.String)
2018-02-11 10:42:45.972 [main] INFO  org.springframework.boot.actuate.endpoint.mvc.EndpointHandlerMapping [AbstractHandlerMethodMapping.java:543] - Mapped "{[/info || /info.json],methods=[GET],produces=[application/vnd.spring-boot.actuator.v1+json || application/json]}" onto public java.lang.Object org.springframework.boot.actuate.endpoint.mvc.EndpointMvcAdapter.invoke()
2018-02-11 10:42:45.973 [main] INFO  org.springframework.boot.actuate.endpoint.mvc.EndpointHandlerMapping [AbstractHandlerMethodMapping.java:543] - Mapped "{[/service-registry/instance-status],methods=[GET]}" onto public org.springframework.http.ResponseEntity org.springframework.cloud.client.serviceregistry.endpoint.ServiceRegistryEndpoint.getStatus()
2018-02-11 10:42:45.974 [main] INFO  org.springframework.boot.actuate.endpoint.mvc.EndpointHandlerMapping [AbstractHandlerMethodMapping.java:543] - Mapped "{[/service-registry/instance-status],methods=[POST]}" onto public org.springframework.http.ResponseEntity<?> org.springframework.cloud.client.serviceregistry.endpoint.ServiceRegistryEndpoint.setStatus(java.lang.String)
2018-02-11 10:42:45.975 [main] INFO  org.springframework.boot.actuate.endpoint.mvc.EndpointHandlerMapping [AbstractHandlerMethodMapping.java:543] - Mapped "{[/features || /features.json],methods=[GET],produces=[application/vnd.spring-boot.actuator.v1+json || application/json]}" onto public java.lang.Object org.springframework.boot.actuate.endpoint.mvc.EndpointMvcAdapter.invoke()
2018-02-11 10:42:46.810 [main] INFO  com.netflix.discovery.DiscoveryClient [DiscoveryClient.java:861] - Shutting down DiscoveryClient ...
2018-02-11 10:42:46.825 [main] INFO  com.netflix.discovery.DiscoveryClient [DiscoveryClient.java:882] - Completed shut down of DiscoveryClient
2018-02-11 10:42:47.209 [main] INFO  org.springframework.scheduling.concurrent.ThreadPoolTaskScheduler [ExecutorConfigurationSupport.java:165] - Initializing ExecutorService 
2018-02-11 10:42:47.269 [main] WARN  org.springframework.cloud.starter.eureka.EurekaStarterDeprecationWarningAutoConfiguration [EurekaStarterDeprecationWarningAutoConfiguration.java:19] - spring-cloud-starter-eureka is deprecated as of Spring Cloud Netflix 1.4.0, please migrate to spring-cloud-starter-netflix-eureka
2018-02-11 10:42:47.409 [main] INFO  org.springframework.jmx.export.annotation.AnnotationMBeanExporter [MBeanExporter.java:431] - Registering beans for JMX exposure on startup
2018-02-11 10:42:47.434 [main] INFO  org.springframework.jmx.export.annotation.AnnotationMBeanExporter [MBeanExporter.java:916] - Bean with name 'environmentManager' has been autodetected for JMX exposure
2018-02-11 10:42:47.436 [main] INFO  org.springframework.jmx.export.annotation.AnnotationMBeanExporter [MBeanExporter.java:916] - Bean with name 'configurationPropertiesRebinder' has been autodetected for JMX exposure
2018-02-11 10:42:47.437 [main] INFO  org.springframework.jmx.export.annotation.AnnotationMBeanExporter [MBeanExporter.java:916] - Bean with name 'refreshEndpoint' has been autodetected for JMX exposure
2018-02-11 10:42:47.438 [main] INFO  org.springframework.jmx.export.annotation.AnnotationMBeanExporter [MBeanExporter.java:916] - Bean with name 'serviceRegistryEndpoint' has been autodetected for JMX exposure
2018-02-11 10:42:47.440 [main] INFO  org.springframework.jmx.export.annotation.AnnotationMBeanExporter [MBeanExporter.java:916] - Bean with name 'refreshScope' has been autodetected for JMX exposure
2018-02-11 10:42:47.446 [main] INFO  org.springframework.jmx.export.annotation.AnnotationMBeanExporter [MBeanExporter.java:678] - Located managed bean 'environmentManager': registering with JMX server as MBean [org.springframework.cloud.context.environment:name=environmentManager,type=EnvironmentManager]
2018-02-11 10:42:47.472 [main] INFO  org.springframework.jmx.export.annotation.AnnotationMBeanExporter [MBeanExporter.java:678] - Located managed bean 'serviceRegistryEndpoint': registering with JMX server as MBean [org.springframework.cloud.client.serviceregistry.endpoint:name=serviceRegistryEndpoint,type=ServiceRegistryEndpoint]
2018-02-11 10:42:47.485 [main] INFO  org.springframework.jmx.export.annotation.AnnotationMBeanExporter [MBeanExporter.java:678] - Located managed bean 'refreshScope': registering with JMX server as MBean [org.springframework.cloud.context.scope.refresh:name=refreshScope,type=RefreshScope]
2018-02-11 10:42:47.518 [main] INFO  org.springframework.jmx.export.annotation.AnnotationMBeanExporter [MBeanExporter.java:678] - Located managed bean 'configurationPropertiesRebinder': registering with JMX server as MBean [org.springframework.cloud.context.properties:name=configurationPropertiesRebinder,context=3e67f5f2,type=ConfigurationPropertiesRebinder]
2018-02-11 10:42:47.537 [main] INFO  org.springframework.jmx.export.annotation.AnnotationMBeanExporter [MBeanExporter.java:678] - Located managed bean 'refreshEndpoint': registering with JMX server as MBean [org.springframework.cloud.endpoint:name=refreshEndpoint,type=RefreshEndpoint]
2018-02-11 10:42:47.541 [main] INFO  org.springframework.boot.actuate.endpoint.jmx.EndpointMBeanExporter [MBeanExporter.java:431] - Registering beans for JMX exposure on startup
2018-02-11 10:42:47.596 [main] INFO  org.springframework.context.support.DefaultLifecycleProcessor [DefaultLifecycleProcessor.java:343] - Starting beans in phase 0
2018-02-11 10:42:47.607 [main] INFO  org.springframework.cloud.netflix.eureka.InstanceInfoFactory [InstanceInfoFactory.java:71] - Setting initial instance status as: STARTING
2018-02-11 10:42:47.619 [main] INFO  com.netflix.discovery.DiscoveryClient [DiscoveryClient.java:347] - Initializing Eureka in region us-east-1
2018-02-11 10:42:47.625 [main] INFO  com.netflix.discovery.provider.DiscoveryJerseyProvider [DiscoveryJerseyProvider.java:70] - Using JSON encoding codec LegacyJacksonJson
2018-02-11 10:42:47.625 [main] INFO  com.netflix.discovery.provider.DiscoveryJerseyProvider [DiscoveryJerseyProvider.java:71] - Using JSON decoding codec LegacyJacksonJson
2018-02-11 10:42:47.626 [main] INFO  com.netflix.discovery.provider.DiscoveryJerseyProvider [DiscoveryJerseyProvider.java:80] - Using XML encoding codec XStreamXml
2018-02-11 10:42:47.626 [main] INFO  com.netflix.discovery.provider.DiscoveryJerseyProvider [DiscoveryJerseyProvider.java:81] - Using XML decoding codec XStreamXml
2018-02-11 10:42:47.729 [main] INFO  com.netflix.discovery.shared.resolver.aws.ConfigClusterResolver [ConfigClusterResolver.java:43] - Resolving eureka endpoints via configuration
2018-02-11 10:42:47.731 [main] INFO  com.netflix.discovery.DiscoveryClient [DiscoveryClient.java:929] - Disable delta property : false
2018-02-11 10:42:47.732 [main] INFO  com.netflix.discovery.DiscoveryClient [DiscoveryClient.java:930] - Single vip registry refresh property : null
2018-02-11 10:42:47.732 [main] INFO  com.netflix.discovery.DiscoveryClient [DiscoveryClient.java:931] - Force full registry fetch : false
2018-02-11 10:42:47.732 [main] INFO  com.netflix.discovery.DiscoveryClient [DiscoveryClient.java:932] - Application is null : false
2018-02-11 10:42:47.733 [main] INFO  com.netflix.discovery.DiscoveryClient [DiscoveryClient.java:933] - Registered Applications size is zero : true
2018-02-11 10:42:47.733 [main] INFO  com.netflix.discovery.DiscoveryClient [DiscoveryClient.java:935] - Application version is -1: true
2018-02-11 10:42:47.733 [main] INFO  com.netflix.discovery.DiscoveryClient [DiscoveryClient.java:1018] - Getting all instance registry info from the eureka server
2018-02-11 10:42:47.740 [main] INFO  com.netflix.discovery.DiscoveryClient [DiscoveryClient.java:1027] - The response status is 200
2018-02-11 10:42:47.741 [main] INFO  com.netflix.discovery.DiscoveryClient [DiscoveryClient.java:1253] - Starting heartbeat executor: renew interval is: 10
2018-02-11 10:42:47.745 [main] INFO  com.netflix.discovery.InstanceInfoReplicator [InstanceInfoReplicator.java:59] - InstanceInfoReplicator onDemand update allowed rate per min is 4
2018-02-11 10:42:47.748 [main] INFO  com.netflix.discovery.DiscoveryClient [DiscoveryClient.java:434] - Discovery Client initialized at timestamp 1518316967748 with initial instances count: 2
2018-02-11 10:42:47.765 [main] INFO  org.springframework.cloud.netflix.eureka.serviceregistry.EurekaServiceRegistry [EurekaServiceRegistry.java:40] - Registering application model with eureka with status UP
2018-02-11 10:42:47.768 [main] INFO  com.netflix.discovery.DiscoveryClient [DiscoveryClient.java:1288] - Saw local status change event StatusChangeEvent [timestamp=1518316967767, current=UP, previous=STARTING]
2018-02-11 10:42:47.774 [main] INFO  org.springframework.boot.actuate.endpoint.jmx.EndpointMBeanExporter [MBeanExporter.java:678] - Located managed bean 'auditEventsEndpoint': registering with JMX server as MBean [org.springframework.boot:type=Endpoint,name=auditEventsEndpoint]
2018-02-11 10:42:47.782 [DiscoveryClient-InstanceInfoReplicator-0] INFO  com.netflix.discovery.DiscoveryClient [DiscoveryClient.java:804] - DiscoveryClient_MODEL/localhost:model:5010: registering service...
2018-02-11 10:42:47.783 [main] INFO  org.springframework.boot.actuate.endpoint.jmx.EndpointMBeanExporter [MBeanExporter.java:678] - Located managed bean 'archaiusEndpoint': registering with JMX server as MBean [org.springframework.boot:type=Endpoint,name=archaiusEndpoint]
2018-02-11 10:42:47.814 [main] INFO  org.springframework.boot.actuate.endpoint.jmx.EndpointMBeanExporter [MBeanExporter.java:678] - Located managed bean 'featuresEndpoint': registering with JMX server as MBean [org.springframework.boot:type=Endpoint,name=featuresEndpoint]
2018-02-11 10:42:47.825 [main] INFO  org.springframework.boot.actuate.endpoint.jmx.EndpointMBeanExporter [MBeanExporter.java:678] - Located managed bean 'requestMappingEndpoint': registering with JMX server as MBean [org.springframework.boot:type=Endpoint,name=requestMappingEndpoint]
2018-02-11 10:42:47.832 [main] INFO  org.springframework.boot.actuate.endpoint.jmx.EndpointMBeanExporter [MBeanExporter.java:678] - Located managed bean 'environmentEndpoint': registering with JMX server as MBean [org.springframework.boot:type=Endpoint,name=environmentEndpoint]
2018-02-11 10:42:47.836 [main] INFO  org.springframework.boot.actuate.endpoint.jmx.EndpointMBeanExporter [MBeanExporter.java:678] - Located managed bean 'healthEndpoint': registering with JMX server as MBean [org.springframework.boot:type=Endpoint,name=healthEndpoint]
2018-02-11 10:42:47.842 [main] INFO  org.springframework.boot.actuate.endpoint.jmx.EndpointMBeanExporter [MBeanExporter.java:678] - Located managed bean 'beansEndpoint': registering with JMX server as MBean [org.springframework.boot:type=Endpoint,name=beansEndpoint]
2018-02-11 10:42:47.847 [main] INFO  org.springframework.boot.actuate.endpoint.jmx.EndpointMBeanExporter [MBeanExporter.java:678] - Located managed bean 'infoEndpoint': registering with JMX server as MBean [org.springframework.boot:type=Endpoint,name=infoEndpoint]
2018-02-11 10:42:47.855 [main] INFO  org.springframework.boot.actuate.endpoint.jmx.EndpointMBeanExporter [MBeanExporter.java:678] - Located managed bean 'loggersEndpoint': registering with JMX server as MBean [org.springframework.boot:type=Endpoint,name=loggersEndpoint]
2018-02-11 10:42:47.866 [DiscoveryClient-InstanceInfoReplicator-0] INFO  com.netflix.discovery.DiscoveryClient [DiscoveryClient.java:813] - DiscoveryClient_MODEL/localhost:model:5010 - registration status: 204
2018-02-11 10:42:47.877 [main] INFO  org.springframework.boot.actuate.endpoint.jmx.EndpointMBeanExporter [MBeanExporter.java:678] - Located managed bean 'metricsEndpoint': registering with JMX server as MBean [org.springframework.boot:type=Endpoint,name=metricsEndpoint]
2018-02-11 10:42:47.880 [main] INFO  org.springframework.boot.actuate.endpoint.jmx.EndpointMBeanExporter [MBeanExporter.java:678] - Located managed bean 'traceEndpoint': registering with JMX server as MBean [org.springframework.boot:type=Endpoint,name=traceEndpoint]
2018-02-11 10:42:47.884 [main] INFO  org.springframework.boot.actuate.endpoint.jmx.EndpointMBeanExporter [MBeanExporter.java:678] - Located managed bean 'dumpEndpoint': registering with JMX server as MBean [org.springframework.boot:type=Endpoint,name=dumpEndpoint]
2018-02-11 10:42:47.889 [main] INFO  org.springframework.boot.actuate.endpoint.jmx.EndpointMBeanExporter [MBeanExporter.java:678] - Located managed bean 'autoConfigurationReportEndpoint': registering with JMX server as MBean [org.springframework.boot:type=Endpoint,name=autoConfigurationReportEndpoint]
2018-02-11 10:42:47.892 [main] INFO  org.springframework.boot.actuate.endpoint.jmx.EndpointMBeanExporter [MBeanExporter.java:678] - Located managed bean 'configurationPropertiesReportEndpoint': registering with JMX server as MBean [org.springframework.boot:type=Endpoint,name=configurationPropertiesReportEndpoint]
2018-02-11 10:42:47.955 [main] INFO  org.apache.coyote.http11.Http11NioProtocol [DirectJDKLog.java:179] - Initializing ProtocolHandler ["http-nio-5010"]
2018-02-11 10:42:47.975 [main] INFO  org.apache.coyote.http11.Http11NioProtocol [DirectJDKLog.java:179] - Starting ProtocolHandler ["http-nio-5010"]
2018-02-11 10:42:47.990 [main] INFO  org.apache.tomcat.util.net.NioSelectorPool [DirectJDKLog.java:179] - Using a shared selector for servlet write/read
2018-02-11 10:42:48.018 [main] INFO  org.springframework.boot.context.embedded.tomcat.TomcatEmbeddedServletContainer [TomcatEmbeddedServletContainer.java:201] - Tomcat started on port(s): 5010 (http)
2018-02-11 10:42:48.019 [main] INFO  org.springframework.cloud.netflix.eureka.serviceregistry.EurekaAutoServiceRegistration [EurekaAutoServiceRegistration.java:124] - Updating port to 5010
2018-02-11 10:42:48.027 [main] INFO  com.google.model.ModelApplication [StartupInfoLogger.java:57] - Started ModelApplication in 29.776 seconds (JVM running for 30.949)
2018-02-11 10:47:47.735 [AsyncResolver-bootstrap-executor-0] INFO  com.netflix.discovery.shared.resolver.aws.ConfigClusterResolver [ConfigClusterResolver.java:43] - Resolving eureka endpoints via configuration
2018-02-11 10:52:47.737 [AsyncResolver-bootstrap-executor-0] INFO  com.netflix.discovery.shared.resolver.aws.ConfigClusterResolver [ConfigClusterResolver.java:43] - Resolving eureka endpoints via configuration
2018-02-11 10:57:47.739 [AsyncResolver-bootstrap-executor-0] INFO  com.netflix.discovery.shared.resolver.aws.ConfigClusterResolver [ConfigClusterResolver.java:43] - Resolving eureka endpoints via configuration
