2018-01-30 17:00:00.676 [main] WARN  com.netflix.config.sources.URLConfigurationSource [URLConfigurationSource.java:121] - No URLs will be polled as dynamic configuration sources.
2018-01-30 17:00:00.690 [main] INFO  com.netflix.config.sources.URLConfigurationSource [URLConfigurationSource.java:122] - To enable URLs as dynamic configuration sources, define System property archaius.configurationSource.additionalUrls or make config.properties available on classpath.
2018-01-30 17:00:00.707 [main] INFO  com.netflix.config.DynamicPropertyFactory [DynamicPropertyFactory.java:281] - DynamicPropertyFactory is initialized with configuration sources: com.netflix.config.ConcurrentCompositeConfiguration@7845b21a
2018-01-30 17:00:01.831 [main] WARN  com.netflix.config.sources.URLConfigurationSource [URLConfigurationSource.java:121] - No URLs will be polled as dynamic configuration sources.
2018-01-30 17:00:01.832 [main] INFO  com.netflix.config.sources.URLConfigurationSource [URLConfigurationSource.java:122] - To enable URLs as dynamic configuration sources, define System property archaius.configurationSource.additionalUrls or make config.properties available on classpath.
2018-01-30 17:00:03.080 [main] INFO  org.springframework.web.servlet.mvc.method.annotation.RequestMappingHandlerAdapter [RequestMappingHandlerAdapter.java:534] - Looking for @ControllerAdvice: org.springframework.boot.context.embedded.AnnotationConfigEmbeddedWebApplicationContext@feb98ef: startup date [Tue Jan 30 16:59:50 CST 2018]; parent: org.springframework.context.annotation.AnnotationConfigApplicationContext@2d710f1a
2018-01-30 17:00:03.498 [main] INFO  org.springframework.web.servlet.mvc.method.annotation.RequestMappingHandlerMapping [AbstractHandlerMethodMapping.java:543] - Mapped "{[/login]}" onto public java.lang.String com.google.style.app.controller.LoginController.login()
2018-01-30 17:00:03.499 [main] INFO  org.springframework.web.servlet.mvc.method.annotation.RequestMappingHandlerMapping [AbstractHandlerMethodMapping.java:543] - Mapped "{[/ti]}" onto public java.lang.String com.google.style.app.controller.TestController.one()
2018-01-30 17:00:03.511 [main] INFO  org.springframework.web.servlet.mvc.method.annotation.RequestMappingHandlerMapping [AbstractHandlerMethodMapping.java:543] - Mapped "{[/error]}" onto public org.springframework.http.ResponseEntity<java.util.Map<java.lang.String, java.lang.Object>> org.springframework.boot.autoconfigure.web.BasicErrorController.error(javax.servlet.http.HttpServletRequest)
2018-01-30 17:00:03.512 [main] INFO  org.springframework.web.servlet.mvc.method.annotation.RequestMappingHandlerMapping [AbstractHandlerMethodMapping.java:543] - Mapped "{[/error],produces=[text/html]}" onto public org.springframework.web.servlet.ModelAndView org.springframework.boot.autoconfigure.web.BasicErrorController.errorHtml(javax.servlet.http.HttpServletRequest,javax.servlet.http.HttpServletResponse)
2018-01-30 17:00:03.721 [main] INFO  org.springframework.web.servlet.handler.SimpleUrlHandlerMapping [AbstractUrlHandlerMapping.java:362] - Mapped URL path [/webjars/**] onto handler of type [class org.springframework.web.servlet.resource.ResourceHttpRequestHandler]
2018-01-30 17:00:03.721 [main] INFO  org.springframework.web.servlet.handler.SimpleUrlHandlerMapping [AbstractUrlHandlerMapping.java:362] - Mapped URL path [/**] onto handler of type [class org.springframework.web.servlet.resource.ResourceHttpRequestHandler]
2018-01-30 17:00:03.981 [main] INFO  org.springframework.web.servlet.handler.SimpleUrlHandlerMapping [AbstractUrlHandlerMapping.java:362] - Mapped URL path [/**/favicon.ico] onto handler of type [class org.springframework.web.servlet.resource.ResourceHttpRequestHandler]
2018-01-30 17:00:07.118 [main] INFO  org.springframework.cloud.commons.util.InetUtils [InetUtils.java:171] - Cannot determine local hostname
2018-01-30 17:00:10.615 [main] INFO  org.springframework.cloud.commons.util.InetUtils [InetUtils.java:171] - Cannot determine local hostname
2018-01-30 17:00:11.952 [main] INFO  org.springframework.boot.actuate.endpoint.mvc.EndpointHandlerMapping [AbstractHandlerMethodMapping.java:543] - Mapped "{[/auditevents || /auditevents.json],methods=[GET],produces=[application/vnd.spring-boot.actuator.v1+json || application/json]}" onto public org.springframework.http.ResponseEntity<?> org.springframework.boot.actuate.endpoint.mvc.AuditEventsMvcEndpoint.findByPrincipalAndAfterAndType(java.lang.String,java.util.Date,java.lang.String)
2018-01-30 17:00:11.955 [main] INFO  org.springframework.boot.actuate.endpoint.mvc.EndpointHandlerMapping [AbstractHandlerMethodMapping.java:543] - Mapped "{[/info || /info.json],methods=[GET],produces=[application/vnd.spring-boot.actuator.v1+json || application/json]}" onto public java.lang.Object org.springframework.boot.actuate.endpoint.mvc.EndpointMvcAdapter.invoke()
2018-01-30 17:00:11.956 [main] INFO  org.springframework.boot.actuate.endpoint.mvc.EndpointHandlerMapping [AbstractHandlerMethodMapping.java:543] - Mapped "{[/features || /features.json],methods=[GET],produces=[application/vnd.spring-boot.actuator.v1+json || application/json]}" onto public java.lang.Object org.springframework.boot.actuate.endpoint.mvc.EndpointMvcAdapter.invoke()
2018-01-30 17:00:11.957 [main] INFO  org.springframework.boot.actuate.endpoint.mvc.EndpointHandlerMapping [AbstractHandlerMethodMapping.java:543] - Mapped "{[/archaius || /archaius.json],methods=[GET],produces=[application/vnd.spring-boot.actuator.v1+json || application/json]}" onto public java.lang.Object org.springframework.boot.actuate.endpoint.mvc.EndpointMvcAdapter.invoke()
2018-01-30 17:00:11.960 [main] INFO  org.springframework.boot.actuate.endpoint.mvc.EndpointHandlerMapping [AbstractHandlerMethodMapping.java:543] - Mapped "{[/heapdump || /heapdump.json],methods=[GET],produces=[application/octet-stream]}" onto public void org.springframework.boot.actuate.endpoint.mvc.HeapdumpMvcEndpoint.invoke(boolean,javax.servlet.http.HttpServletRequest,javax.servlet.http.HttpServletResponse) throws java.io.IOException,javax.servlet.ServletException
2018-01-30 17:00:11.963 [main] INFO  org.springframework.boot.actuate.endpoint.mvc.EndpointHandlerMapping [AbstractHandlerMethodMapping.java:543] - Mapped "{[/dump || /dump.json],methods=[GET],produces=[application/vnd.spring-boot.actuator.v1+json || application/json]}" onto public java.lang.Object org.springframework.boot.actuate.endpoint.mvc.EndpointMvcAdapter.invoke()
2018-01-30 17:00:11.965 [main] INFO  org.springframework.boot.actuate.endpoint.mvc.EndpointHandlerMapping [AbstractHandlerMethodMapping.java:543] - Mapped "{[/trace || /trace.json],methods=[GET],produces=[application/vnd.spring-boot.actuator.v1+json || application/json]}" onto public java.lang.Object org.springframework.boot.actuate.endpoint.mvc.EndpointMvcAdapter.invoke()
2018-01-30 17:00:11.966 [main] INFO  org.springframework.boot.actuate.endpoint.mvc.EndpointHandlerMapping [AbstractHandlerMethodMapping.java:543] - Mapped "{[/env],methods=[POST]}" onto public java.lang.Object org.springframework.cloud.context.environment.EnvironmentManagerMvcEndpoint.value(java.util.Map<java.lang.String, java.lang.String>)
2018-01-30 17:00:11.967 [main] INFO  org.springframework.boot.actuate.endpoint.mvc.EndpointHandlerMapping [AbstractHandlerMethodMapping.java:543] - Mapped "{[/env/reset],methods=[POST]}" onto public java.util.Map<java.lang.String, java.lang.Object> org.springframework.cloud.context.environment.EnvironmentManagerMvcEndpoint.reset()
2018-01-30 17:00:11.968 [main] INFO  org.springframework.boot.actuate.endpoint.mvc.EndpointHandlerMapping [AbstractHandlerMethodMapping.java:543] - Mapped "{[/configprops || /configprops.json],methods=[GET],produces=[application/vnd.spring-boot.actuator.v1+json || application/json]}" onto public java.lang.Object org.springframework.boot.actuate.endpoint.mvc.EndpointMvcAdapter.invoke()
2018-01-30 17:00:11.970 [main] INFO  org.springframework.boot.actuate.endpoint.mvc.EndpointHandlerMapping [AbstractHandlerMethodMapping.java:543] - Mapped "{[/service-registry/instance-status],methods=[POST]}" onto public org.springframework.http.ResponseEntity<?> org.springframework.cloud.client.serviceregistry.endpoint.ServiceRegistryEndpoint.setStatus(java.lang.String)
2018-01-30 17:00:11.971 [main] INFO  org.springframework.boot.actuate.endpoint.mvc.EndpointHandlerMapping [AbstractHandlerMethodMapping.java:543] - Mapped "{[/service-registry/instance-status],methods=[GET]}" onto public org.springframework.http.ResponseEntity org.springframework.cloud.client.serviceregistry.endpoint.ServiceRegistryEndpoint.getStatus()
2018-01-30 17:00:11.973 [main] INFO  org.springframework.boot.actuate.endpoint.mvc.EndpointHandlerMapping [AbstractHandlerMethodMapping.java:543] - Mapped "{[/mappings || /mappings.json],methods=[GET],produces=[application/vnd.spring-boot.actuator.v1+json || application/json]}" onto public java.lang.Object org.springframework.boot.actuate.endpoint.mvc.EndpointMvcAdapter.invoke()
2018-01-30 17:00:11.975 [main] INFO  org.springframework.boot.actuate.endpoint.mvc.EndpointHandlerMapping [AbstractHandlerMethodMapping.java:543] - Mapped "{[/env/{name:.*}],methods=[GET],produces=[application/vnd.spring-boot.actuator.v1+json || application/json]}" onto public java.lang.Object org.springframework.boot.actuate.endpoint.mvc.EnvironmentMvcEndpoint.value(java.lang.String)
2018-01-30 17:00:11.975 [main] INFO  org.springframework.boot.actuate.endpoint.mvc.EndpointHandlerMapping [AbstractHandlerMethodMapping.java:543] - Mapped "{[/env || /env.json],methods=[GET],produces=[application/vnd.spring-boot.actuator.v1+json || application/json]}" onto public java.lang.Object org.springframework.boot.actuate.endpoint.mvc.EndpointMvcAdapter.invoke()
2018-01-30 17:00:11.976 [main] INFO  org.springframework.boot.actuate.endpoint.mvc.EndpointHandlerMapping [AbstractHandlerMethodMapping.java:543] - Mapped "{[/beans || /beans.json],methods=[GET],produces=[application/vnd.spring-boot.actuator.v1+json || application/json]}" onto public java.lang.Object org.springframework.boot.actuate.endpoint.mvc.EndpointMvcAdapter.invoke()
2018-01-30 17:00:11.979 [main] INFO  org.springframework.boot.actuate.endpoint.mvc.EndpointHandlerMapping [AbstractHandlerMethodMapping.java:543] - Mapped "{[/loggers/{name:.*}],methods=[GET],produces=[application/vnd.spring-boot.actuator.v1+json || application/json]}" onto public java.lang.Object org.springframework.boot.actuate.endpoint.mvc.LoggersMvcEndpoint.get(java.lang.String)
2018-01-30 17:00:11.980 [main] INFO  org.springframework.boot.actuate.endpoint.mvc.EndpointHandlerMapping [AbstractHandlerMethodMapping.java:543] - Mapped "{[/loggers/{name:.*}],methods=[POST],consumes=[application/vnd.spring-boot.actuator.v1+json || application/json],produces=[application/vnd.spring-boot.actuator.v1+json || application/json]}" onto public java.lang.Object org.springframework.boot.actuate.endpoint.mvc.LoggersMvcEndpoint.set(java.lang.String,java.util.Map<java.lang.String, java.lang.String>)
2018-01-30 17:00:11.981 [main] INFO  org.springframework.boot.actuate.endpoint.mvc.EndpointHandlerMapping [AbstractHandlerMethodMapping.java:543] - Mapped "{[/loggers || /loggers.json],methods=[GET],produces=[application/vnd.spring-boot.actuator.v1+json || application/json]}" onto public java.lang.Object org.springframework.boot.actuate.endpoint.mvc.EndpointMvcAdapter.invoke()
2018-01-30 17:00:11.982 [main] INFO  org.springframework.boot.actuate.endpoint.mvc.EndpointHandlerMapping [AbstractHandlerMethodMapping.java:543] - Mapped "{[/refresh || /refresh.json],methods=[POST]}" onto public java.lang.Object org.springframework.cloud.endpoint.GenericPostableMvcEndpoint.invoke()
2018-01-30 17:00:11.984 [main] INFO  org.springframework.boot.actuate.endpoint.mvc.EndpointHandlerMapping [AbstractHandlerMethodMapping.java:543] - Mapped "{[/metrics/{name:.*}],methods=[GET],produces=[application/vnd.spring-boot.actuator.v1+json || application/json]}" onto public java.lang.Object org.springframework.boot.actuate.endpoint.mvc.MetricsMvcEndpoint.value(java.lang.String)
2018-01-30 17:00:11.984 [main] INFO  org.springframework.boot.actuate.endpoint.mvc.EndpointHandlerMapping [AbstractHandlerMethodMapping.java:543] - Mapped "{[/metrics || /metrics.json],methods=[GET],produces=[application/vnd.spring-boot.actuator.v1+json || application/json]}" onto public java.lang.Object org.springframework.boot.actuate.endpoint.mvc.EndpointMvcAdapter.invoke()
2018-01-30 17:00:11.986 [main] INFO  org.springframework.boot.actuate.endpoint.mvc.EndpointHandlerMapping [AbstractHandlerMethodMapping.java:543] - Mapped "{[/health || /health.json],methods=[GET],produces=[application/vnd.spring-boot.actuator.v1+json || application/json]}" onto public java.lang.Object org.springframework.boot.actuate.endpoint.mvc.HealthMvcEndpoint.invoke(javax.servlet.http.HttpServletRequest,java.security.Principal)
2018-01-30 17:00:11.987 [main] INFO  org.springframework.boot.actuate.endpoint.mvc.EndpointHandlerMapping [AbstractHandlerMethodMapping.java:543] - Mapped "{[/autoconfig || /autoconfig.json],methods=[GET],produces=[application/vnd.spring-boot.actuator.v1+json || application/json]}" onto public java.lang.Object org.springframework.boot.actuate.endpoint.mvc.EndpointMvcAdapter.invoke()
2018-01-30 17:00:11.988 [main] INFO  org.springframework.boot.actuate.endpoint.mvc.EndpointHandlerMapping [AbstractHandlerMethodMapping.java:543] - Mapped "{[/hystrix.stream/**]}" onto public org.springframework.web.servlet.ModelAndView org.springframework.cloud.netflix.endpoint.ServletWrappingEndpoint.handle(javax.servlet.http.HttpServletRequest,javax.servlet.http.HttpServletResponse) throws java.lang.Exception
2018-01-30 17:00:15.195 [main] INFO  com.netflix.discovery.DiscoveryClient [DiscoveryClient.java:861] - Shutting down DiscoveryClient ...
2018-01-30 17:00:15.214 [main] INFO  com.netflix.discovery.DiscoveryClient [DiscoveryClient.java:882] - Completed shut down of DiscoveryClient
2018-01-30 17:00:16.499 [main] INFO  org.springframework.scheduling.concurrent.ThreadPoolTaskScheduler [ExecutorConfigurationSupport.java:165] - Initializing ExecutorService 
2018-01-30 17:00:16.689 [main] WARN  org.springframework.cloud.starter.eureka.EurekaStarterDeprecationWarningAutoConfiguration [EurekaStarterDeprecationWarningAutoConfiguration.java:19] - spring-cloud-starter-eureka is deprecated as of Spring Cloud Netflix 1.4.0, please migrate to spring-cloud-starter-netflix-eureka
2018-01-30 17:00:16.828 [main] INFO  org.springframework.jmx.export.annotation.AnnotationMBeanExporter [MBeanExporter.java:431] - Registering beans for JMX exposure on startup
2018-01-30 17:00:16.847 [main] INFO  org.springframework.jmx.export.annotation.AnnotationMBeanExporter [MBeanExporter.java:916] - Bean with name 'environmentManager' has been autodetected for JMX exposure
2018-01-30 17:00:16.849 [main] INFO  org.springframework.jmx.export.annotation.AnnotationMBeanExporter [MBeanExporter.java:916] - Bean with name 'configurationPropertiesRebinder' has been autodetected for JMX exposure
2018-01-30 17:00:16.850 [main] INFO  org.springframework.jmx.export.annotation.AnnotationMBeanExporter [MBeanExporter.java:916] - Bean with name 'refreshEndpoint' has been autodetected for JMX exposure
2018-01-30 17:00:16.851 [main] INFO  org.springframework.jmx.export.annotation.AnnotationMBeanExporter [MBeanExporter.java:916] - Bean with name 'serviceRegistryEndpoint' has been autodetected for JMX exposure
2018-01-30 17:00:16.853 [main] INFO  org.springframework.jmx.export.annotation.AnnotationMBeanExporter [MBeanExporter.java:916] - Bean with name 'refreshScope' has been autodetected for JMX exposure
2018-01-30 17:00:16.867 [main] INFO  org.springframework.jmx.export.annotation.AnnotationMBeanExporter [MBeanExporter.java:678] - Located managed bean 'environmentManager': registering with JMX server as MBean [org.springframework.cloud.context.environment:name=environmentManager,type=EnvironmentManager]
2018-01-30 17:00:16.896 [main] INFO  org.springframework.jmx.export.annotation.AnnotationMBeanExporter [MBeanExporter.java:678] - Located managed bean 'serviceRegistryEndpoint': registering with JMX server as MBean [org.springframework.cloud.client.serviceregistry.endpoint:name=serviceRegistryEndpoint,type=ServiceRegistryEndpoint]
2018-01-30 17:00:16.909 [main] INFO  org.springframework.jmx.export.annotation.AnnotationMBeanExporter [MBeanExporter.java:678] - Located managed bean 'refreshScope': registering with JMX server as MBean [org.springframework.cloud.context.scope.refresh:name=refreshScope,type=RefreshScope]
2018-01-30 17:00:16.938 [main] INFO  org.springframework.jmx.export.annotation.AnnotationMBeanExporter [MBeanExporter.java:678] - Located managed bean 'configurationPropertiesRebinder': registering with JMX server as MBean [org.springframework.cloud.context.properties:name=configurationPropertiesRebinder,context=feb98ef,type=ConfigurationPropertiesRebinder]
2018-01-30 17:00:16.949 [main] INFO  org.springframework.jmx.export.annotation.AnnotationMBeanExporter [MBeanExporter.java:678] - Located managed bean 'refreshEndpoint': registering with JMX server as MBean [org.springframework.cloud.endpoint:name=refreshEndpoint,type=RefreshEndpoint]
2018-01-30 17:00:16.953 [main] INFO  org.springframework.boot.actuate.endpoint.jmx.EndpointMBeanExporter [MBeanExporter.java:431] - Registering beans for JMX exposure on startup
2018-01-30 17:00:17.041 [main] INFO  org.springframework.context.support.DefaultLifecycleProcessor [DefaultLifecycleProcessor.java:343] - Starting beans in phase 0
2018-01-30 17:00:17.058 [main] INFO  org.springframework.cloud.netflix.eureka.InstanceInfoFactory [InstanceInfoFactory.java:71] - Setting initial instance status as: STARTING
2018-01-30 17:00:17.072 [main] INFO  com.netflix.discovery.DiscoveryClient [DiscoveryClient.java:347] - Initializing Eureka in region us-east-1
2018-01-30 17:00:17.077 [main] INFO  com.netflix.discovery.provider.DiscoveryJerseyProvider [DiscoveryJerseyProvider.java:70] - Using JSON encoding codec LegacyJacksonJson
2018-01-30 17:00:17.078 [main] INFO  com.netflix.discovery.provider.DiscoveryJerseyProvider [DiscoveryJerseyProvider.java:71] - Using JSON decoding codec LegacyJacksonJson
2018-01-30 17:00:17.078 [main] INFO  com.netflix.discovery.provider.DiscoveryJerseyProvider [DiscoveryJerseyProvider.java:80] - Using XML encoding codec XStreamXml
2018-01-30 17:00:17.078 [main] INFO  com.netflix.discovery.provider.DiscoveryJerseyProvider [DiscoveryJerseyProvider.java:81] - Using XML decoding codec XStreamXml
2018-01-30 17:00:17.258 [main] INFO  com.netflix.discovery.shared.resolver.aws.ConfigClusterResolver [ConfigClusterResolver.java:43] - Resolving eureka endpoints via configuration
2018-01-30 17:00:17.260 [main] INFO  com.netflix.discovery.DiscoveryClient [DiscoveryClient.java:929] - Disable delta property : false
2018-01-30 17:00:17.261 [main] INFO  com.netflix.discovery.DiscoveryClient [DiscoveryClient.java:930] - Single vip registry refresh property : null
2018-01-30 17:00:17.261 [main] INFO  com.netflix.discovery.DiscoveryClient [DiscoveryClient.java:931] - Force full registry fetch : false
2018-01-30 17:00:17.262 [main] INFO  com.netflix.discovery.DiscoveryClient [DiscoveryClient.java:932] - Application is null : false
2018-01-30 17:00:17.262 [main] INFO  com.netflix.discovery.DiscoveryClient [DiscoveryClient.java:933] - Registered Applications size is zero : true
2018-01-30 17:00:17.262 [main] INFO  com.netflix.discovery.DiscoveryClient [DiscoveryClient.java:935] - Application version is -1: true
2018-01-30 17:00:17.263 [main] INFO  com.netflix.discovery.DiscoveryClient [DiscoveryClient.java:1018] - Getting all instance registry info from the eureka server
2018-01-30 17:00:17.272 [main] INFO  com.netflix.discovery.DiscoveryClient [DiscoveryClient.java:1027] - The response status is 200
2018-01-30 17:00:17.273 [main] INFO  com.netflix.discovery.DiscoveryClient [DiscoveryClient.java:1253] - Starting heartbeat executor: renew interval is: 30
2018-01-30 17:00:17.277 [main] INFO  com.netflix.discovery.InstanceInfoReplicator [InstanceInfoReplicator.java:59] - InstanceInfoReplicator onDemand update allowed rate per min is 4
2018-01-30 17:00:17.279 [main] INFO  com.netflix.discovery.DiscoveryClient [DiscoveryClient.java:434] - Discovery Client initialized at timestamp 1517302817279 with initial instances count: 3
2018-01-30 17:00:17.297 [main] INFO  org.springframework.cloud.netflix.eureka.serviceregistry.EurekaServiceRegistry [EurekaServiceRegistry.java:40] - Registering application App-Service with eureka with status UP
2018-01-30 17:00:17.297 [main] INFO  com.netflix.discovery.DiscoveryClient [DiscoveryClient.java:1288] - Saw local status change event StatusChangeEvent [timestamp=1517302817297, current=UP, previous=STARTING]
2018-01-30 17:00:17.305 [main] INFO  org.springframework.boot.actuate.endpoint.jmx.EndpointMBeanExporter [MBeanExporter.java:678] - Located managed bean 'auditEventsEndpoint': registering with JMX server as MBean [org.springframework.boot:type=Endpoint,name=auditEventsEndpoint]
2018-01-30 17:00:17.312 [main] INFO  org.springframework.boot.actuate.endpoint.jmx.EndpointMBeanExporter [MBeanExporter.java:678] - Located managed bean 'archaiusEndpoint': registering with JMX server as MBean [org.springframework.boot:type=Endpoint,name=archaiusEndpoint]
2018-01-30 17:00:17.326 [main] INFO  org.springframework.boot.actuate.endpoint.jmx.EndpointMBeanExporter [MBeanExporter.java:678] - Located managed bean 'featuresEndpoint': registering with JMX server as MBean [org.springframework.boot:type=Endpoint,name=featuresEndpoint]
2018-01-30 17:00:17.344 [main] INFO  org.springframework.boot.actuate.endpoint.jmx.EndpointMBeanExporter [MBeanExporter.java:678] - Located managed bean 'requestMappingEndpoint': registering with JMX server as MBean [org.springframework.boot:type=Endpoint,name=requestMappingEndpoint]
2018-01-30 17:00:17.374 [main] INFO  org.springframework.boot.actuate.endpoint.jmx.EndpointMBeanExporter [MBeanExporter.java:678] - Located managed bean 'environmentEndpoint': registering with JMX server as MBean [org.springframework.boot:type=Endpoint,name=environmentEndpoint]
2018-01-30 17:00:17.380 [main] INFO  org.springframework.boot.actuate.endpoint.jmx.EndpointMBeanExporter [MBeanExporter.java:678] - Located managed bean 'healthEndpoint': registering with JMX server as MBean [org.springframework.boot:type=Endpoint,name=healthEndpoint]
2018-01-30 17:00:17.388 [main] INFO  org.springframework.boot.actuate.endpoint.jmx.EndpointMBeanExporter [MBeanExporter.java:678] - Located managed bean 'beansEndpoint': registering with JMX server as MBean [org.springframework.boot:type=Endpoint,name=beansEndpoint]
2018-01-30 17:00:17.399 [main] INFO  org.springframework.boot.actuate.endpoint.jmx.EndpointMBeanExporter [MBeanExporter.java:678] - Located managed bean 'infoEndpoint': registering with JMX server as MBean [org.springframework.boot:type=Endpoint,name=infoEndpoint]
2018-01-30 17:00:17.405 [main] INFO  org.springframework.boot.actuate.endpoint.jmx.EndpointMBeanExporter [MBeanExporter.java:678] - Located managed bean 'loggersEndpoint': registering with JMX server as MBean [org.springframework.boot:type=Endpoint,name=loggersEndpoint]
2018-01-30 17:00:17.412 [main] INFO  org.springframework.boot.actuate.endpoint.jmx.EndpointMBeanExporter [MBeanExporter.java:678] - Located managed bean 'metricsEndpoint': registering with JMX server as MBean [org.springframework.boot:type=Endpoint,name=metricsEndpoint]
2018-01-30 17:00:17.434 [main] INFO  org.springframework.boot.actuate.endpoint.jmx.EndpointMBeanExporter [MBeanExporter.java:678] - Located managed bean 'traceEndpoint': registering with JMX server as MBean [org.springframework.boot:type=Endpoint,name=traceEndpoint]
2018-01-30 17:00:17.475 [main] INFO  org.springframework.boot.actuate.endpoint.jmx.EndpointMBeanExporter [MBeanExporter.java:678] - Located managed bean 'dumpEndpoint': registering with JMX server as MBean [org.springframework.boot:type=Endpoint,name=dumpEndpoint]
2018-01-30 17:00:17.481 [main] INFO  org.springframework.boot.actuate.endpoint.jmx.EndpointMBeanExporter [MBeanExporter.java:678] - Located managed bean 'autoConfigurationReportEndpoint': registering with JMX server as MBean [org.springframework.boot:type=Endpoint,name=autoConfigurationReportEndpoint]
2018-01-30 17:00:17.484 [main] INFO  org.springframework.boot.actuate.endpoint.jmx.EndpointMBeanExporter [MBeanExporter.java:678] - Located managed bean 'configurationPropertiesReportEndpoint': registering with JMX server as MBean [org.springframework.boot:type=Endpoint,name=configurationPropertiesReportEndpoint]
2018-01-30 17:00:17.486 [main] INFO  org.springframework.context.support.DefaultLifecycleProcessor [DefaultLifecycleProcessor.java:343] - Starting beans in phase 2147483647
2018-01-30 17:00:17.497 [main] INFO  org.springframework.cloud.netflix.hystrix.HystrixCircuitBreakerConfiguration$HystrixMetricsPollerConfiguration [HystrixCircuitBreakerConfiguration.java:138] - Starting poller
2018-01-30 17:00:17.754 [main] INFO  org.apache.coyote.http11.Http11NioProtocol [DirectJDKLog.java:179] - Initializing ProtocolHandler ["http-nio-5001"]
2018-01-30 17:00:17.774 [main] INFO  org.apache.coyote.http11.Http11NioProtocol [DirectJDKLog.java:179] - Starting ProtocolHandler ["http-nio-5001"]
2018-01-30 17:00:17.820 [DiscoveryClient-InstanceInfoReplicator-0] INFO  com.netflix.discovery.DiscoveryClient [DiscoveryClient.java:804] - DiscoveryClient_APP-SERVICE/localhost:App-Service:5001: registering service...
2018-01-30 17:00:17.821 [main] INFO  org.apache.tomcat.util.net.NioSelectorPool [DirectJDKLog.java:179] - Using a shared selector for servlet write/read
2018-01-30 17:00:17.956 [DiscoveryClient-InstanceInfoReplicator-0] INFO  com.netflix.discovery.DiscoveryClient [DiscoveryClient.java:813] - DiscoveryClient_APP-SERVICE/localhost:App-Service:5001 - registration status: 204
2018-01-30 17:00:17.987 [main] INFO  org.springframework.boot.context.embedded.tomcat.TomcatEmbeddedServletContainer [TomcatEmbeddedServletContainer.java:201] - Tomcat started on port(s): 5001 (http)
2018-01-30 17:00:17.990 [main] INFO  org.springframework.cloud.netflix.eureka.serviceregistry.EurekaAutoServiceRegistration [EurekaAutoServiceRegistration.java:124] - Updating port to 5001
2018-01-30 17:00:18.017 [main] INFO  com.google.style.AppServiceApplication [StartupInfoLogger.java:57] - Started AppServiceApplication in 48.34 seconds (JVM running for 49.587)
2018-01-30 17:01:13.085 [http-nio-5001-exec-4] INFO  org.apache.catalina.core.ContainerBase.[Tomcat].[localhost].[/] [DirectJDKLog.java:179] - Initializing Spring FrameworkServlet 'dispatcherServlet'
2018-01-30 17:01:13.086 [http-nio-5001-exec-4] INFO  org.springframework.web.servlet.DispatcherServlet [FrameworkServlet.java:489] - FrameworkServlet 'dispatcherServlet': initialization started
2018-01-30 17:01:13.160 [http-nio-5001-exec-4] INFO  org.springframework.web.servlet.DispatcherServlet [FrameworkServlet.java:508] - FrameworkServlet 'dispatcherServlet': initialization completed in 74 ms
2018-01-30 17:01:13.587 [AsyncReporter{org.springframework.cloud.sleuth.zipkin2.sender.RestTemplateSender@5c60f096}] INFO  org.springframework.context.annotation.AnnotationConfigApplicationContext [AbstractApplicationContext.java:583] - Refreshing org.springframework.context.annotation.AnnotationConfigApplicationContext@3ea79d17: startup date [Tue Jan 30 17:01:13 CST 2018]; parent: org.springframework.boot.context.embedded.AnnotationConfigEmbeddedWebApplicationContext@feb98ef
2018-01-30 17:01:13.681 [AsyncReporter{org.springframework.cloud.sleuth.zipkin2.sender.RestTemplateSender@5c60f096}] INFO  org.springframework.beans.factory.annotation.AutowiredAnnotationBeanPostProcessor [AutowiredAnnotationBeanPostProcessor.java:155] - JSR-330 'javax.inject.Inject' annotation found and supported for autowiring
2018-01-30 17:01:14.079 [AsyncReporter{org.springframework.cloud.sleuth.zipkin2.sender.RestTemplateSender@5c60f096}] INFO  com.netflix.config.ChainedDynamicProperty [ChainedDynamicProperty.java:115] - Flipping property: localhost.ribbon.ActiveConnectionsLimit to use NEXT property: niws.loadbalancer.availabilityFilteringRule.activeConnectionsLimit = 2147483647
2018-01-30 17:01:14.111 [AsyncReporter{org.springframework.cloud.sleuth.zipkin2.sender.RestTemplateSender@5c60f096}] INFO  com.netflix.util.concurrent.ShutdownEnabledTimer [ShutdownEnabledTimer.java:58] - Shutdown hook installed for: NFLoadBalancer-PingTimer-localhost
2018-01-30 17:01:14.157 [AsyncReporter{org.springframework.cloud.sleuth.zipkin2.sender.RestTemplateSender@5c60f096}] INFO  com.netflix.loadbalancer.BaseLoadBalancer [BaseLoadBalancer.java:192] - Client: localhost instantiated a LoadBalancer: DynamicServerListLoadBalancer:{NFLoadBalancer:name=localhost,current list of Servers=[],Load balancer stats=Zone stats: {},Server stats: []}ServerList:null
2018-01-30 17:01:14.168 [AsyncReporter{org.springframework.cloud.sleuth.zipkin2.sender.RestTemplateSender@5c60f096}] INFO  com.netflix.loadbalancer.DynamicServerListLoadBalancer [DynamicServerListLoadBalancer.java:222] - Using serverListUpdater PollingServerListUpdater
2018-01-30 17:01:14.175 [AsyncReporter{org.springframework.cloud.sleuth.zipkin2.sender.RestTemplateSender@5c60f096}] INFO  com.netflix.loadbalancer.DynamicServerListLoadBalancer [DynamicServerListLoadBalancer.java:150] - DynamicServerListLoadBalancer for client localhost initialized: DynamicServerListLoadBalancer:{NFLoadBalancer:name=localhost,current list of Servers=[],Load balancer stats=Zone stats: {},Server stats: []}ServerList:org.springframework.cloud.netflix.ribbon.eureka.DomainExtractingServerList@46a6345
2018-01-30 17:04:22.793 [main] INFO  org.springframework.context.annotation.AnnotationConfigApplicationContext [AbstractApplicationContext.java:583] - Refreshing org.springframework.context.annotation.AnnotationConfigApplicationContext@4b0d79fc: startup date [Tue Jan 30 17:04:22 CST 2018]; root of context hierarchy
2018-01-30 17:04:23.281 [background-preinit] INFO  org.hibernate.validator.internal.util.Version [Version.java:30] - HV000001: Hibernate Validator 5.3.6.Final
2018-01-30 17:04:23.766 [main] INFO  org.springframework.beans.factory.annotation.AutowiredAnnotationBeanPostProcessor [AutowiredAnnotationBeanPostProcessor.java:155] - JSR-330 'javax.inject.Inject' annotation found and supported for autowiring
2018-01-30 17:04:23.831 [main] INFO  org.springframework.context.support.PostProcessorRegistrationDelegate$BeanPostProcessorChecker [PostProcessorRegistrationDelegate.java:327] - Bean 'configurationPropertiesRebinderAutoConfiguration' of type [org.springframework.cloud.autoconfigure.ConfigurationPropertiesRebinderAutoConfiguration$$EnhancerBySpringCGLIB$$bb2e5eda] is not eligible for getting processed by all BeanPostProcessors (for example: not eligible for auto-proxying)
2018-01-30 17:04:26.285 [main] INFO  org.springframework.cloud.commons.util.InetUtils [InetUtils.java:171] - Cannot determine local hostname
2018-01-30 17:04:26.462 [main] INFO  org.springframework.cloud.netflix.eureka.InstanceInfoFactory [InstanceInfoFactory.java:71] - Setting initial instance status as: STARTING
2018-01-30 17:04:26.682 [main] INFO  com.netflix.discovery.DiscoveryClient [DiscoveryClient.java:347] - Initializing Eureka in region us-east-1
2018-01-30 17:04:27.648 [main] INFO  com.netflix.discovery.provider.DiscoveryJerseyProvider [DiscoveryJerseyProvider.java:70] - Using JSON encoding codec LegacyJacksonJson
2018-01-30 17:04:27.648 [main] INFO  com.netflix.discovery.provider.DiscoveryJerseyProvider [DiscoveryJerseyProvider.java:71] - Using JSON decoding codec LegacyJacksonJson
2018-01-30 17:04:27.856 [main] INFO  com.netflix.discovery.provider.DiscoveryJerseyProvider [DiscoveryJerseyProvider.java:80] - Using XML encoding codec XStreamXml
2018-01-30 17:04:27.858 [main] INFO  com.netflix.discovery.provider.DiscoveryJerseyProvider [DiscoveryJerseyProvider.java:81] - Using XML decoding codec XStreamXml
2018-01-30 17:04:28.277 [main] INFO  com.netflix.discovery.shared.resolver.aws.ConfigClusterResolver [ConfigClusterResolver.java:43] - Resolving eureka endpoints via configuration
2018-01-30 17:04:28.655 [main] INFO  com.netflix.discovery.DiscoveryClient [DiscoveryClient.java:929] - Disable delta property : false
2018-01-30 17:04:28.656 [main] INFO  com.netflix.discovery.DiscoveryClient [DiscoveryClient.java:930] - Single vip registry refresh property : null
2018-01-30 17:04:28.657 [main] INFO  com.netflix.discovery.DiscoveryClient [DiscoveryClient.java:931] - Force full registry fetch : false
2018-01-30 17:04:28.658 [main] INFO  com.netflix.discovery.DiscoveryClient [DiscoveryClient.java:932] - Application is null : false
2018-01-30 17:04:28.658 [main] INFO  com.netflix.discovery.DiscoveryClient [DiscoveryClient.java:933] - Registered Applications size is zero : true
2018-01-30 17:04:28.659 [main] INFO  com.netflix.discovery.DiscoveryClient [DiscoveryClient.java:935] - Application version is -1: true
2018-01-30 17:04:28.661 [main] INFO  com.netflix.discovery.DiscoveryClient [DiscoveryClient.java:1018] - Getting all instance registry info from the eureka server
2018-01-30 17:04:28.928 [main] INFO  com.netflix.discovery.DiscoveryClient [DiscoveryClient.java:1027] - The response status is 200
2018-01-30 17:04:28.935 [main] INFO  com.netflix.discovery.DiscoveryClient [DiscoveryClient.java:1300] - Not registering with Eureka server per configuration
2018-01-30 17:04:28.939 [main] INFO  com.netflix.discovery.DiscoveryClient [DiscoveryClient.java:434] - Discovery Client initialized at timestamp 1517303068939 with initial instances count: 4
2018-01-30 17:04:31.005 [main] INFO  org.springframework.cloud.config.client.ConfigServicePropertySourceLocator [ConfigServicePropertySourceLocator.java:82] - Fetching config from server at: http://169.254.51.185:2005/
2018-01-30 17:04:33.846 [main] INFO  org.springframework.cloud.config.client.ConfigServicePropertySourceLocator [ConfigServicePropertySourceLocator.java:96] - Located environment: name=App-Service, profiles=[dev], label=master, version=ec35a2a04249fdb9aa5a5b950a51937e6ba7ea03, state=null
2018-01-30 17:04:33.847 [main] INFO  org.springframework.cloud.bootstrap.config.PropertySourceBootstrapConfiguration [PropertySourceBootstrapConfiguration.java:98] - Located property source: CompositePropertySource [name='configService', propertySources=[MapPropertySource {name='configClient'}, MapPropertySource {name='https://github.com/passliang/ProjectConfig/styleConfig/App-Service-dev.yml'}]]
2018-01-30 17:04:33.951 [main] INFO  com.google.style.AppServiceApplication [SpringApplication.java:597] - The following profiles are active: dev
2018-01-30 17:04:33.982 [main] INFO  org.springframework.boot.context.embedded.AnnotationConfigEmbeddedWebApplicationContext [AbstractApplicationContext.java:583] - Refreshing org.springframework.boot.context.embedded.AnnotationConfigEmbeddedWebApplicationContext@7bab5898: startup date [Tue Jan 30 17:04:33 CST 2018]; parent: org.springframework.context.annotation.AnnotationConfigApplicationContext@4b0d79fc
2018-01-30 17:04:36.414 [main] INFO  org.springframework.cloud.context.scope.GenericScope [GenericScope.java:287] - BeanFactory id=5ba7747b-a42c-3ea5-845c-2cac880346b2
2018-01-30 17:04:36.441 [main] INFO  org.springframework.beans.factory.annotation.AutowiredAnnotationBeanPostProcessor [AutowiredAnnotationBeanPostProcessor.java:155] - JSR-330 'javax.inject.Inject' annotation found and supported for autowiring
2018-01-30 17:04:36.807 [main] INFO  org.springframework.context.support.PostProcessorRegistrationDelegate$BeanPostProcessorChecker [PostProcessorRegistrationDelegate.java:327] - Bean 'org.springframework.cloud.sleuth.annotation.SleuthAnnotationAutoConfiguration' of type [org.springframework.cloud.sleuth.annotation.SleuthAnnotationAutoConfiguration$$EnhancerBySpringCGLIB$$a179a20f] is not eligible for getting processed by all BeanPostProcessors (for example: not eligible for auto-proxying)
2018-01-30 17:04:37.233 [main] INFO  org.springframework.context.support.PostProcessorRegistrationDelegate$BeanPostProcessorChecker [PostProcessorRegistrationDelegate.java:327] - Bean 'sleuthAdvisorConfig' of type [org.springframework.cloud.sleuth.annotation.SleuthAdvisorConfig] is not eligible for getting processed by all BeanPostProcessors (for example: not eligible for auto-proxying)
2018-01-30 17:04:37.244 [main] INFO  org.springframework.context.support.PostProcessorRegistrationDelegate$BeanPostProcessorChecker [PostProcessorRegistrationDelegate.java:327] - Bean 'org.springframework.cloud.netflix.metrics.MetricsInterceptorConfiguration$MetricsRestTemplateConfiguration' of type [org.springframework.cloud.netflix.metrics.MetricsInterceptorConfiguration$MetricsRestTemplateConfiguration$$EnhancerBySpringCGLIB$$d141021e] is not eligible for getting processed by all BeanPostProcessors (for example: not eligible for auto-proxying)
2018-01-30 17:04:37.283 [main] INFO  org.springframework.context.support.PostProcessorRegistrationDelegate$BeanPostProcessorChecker [PostProcessorRegistrationDelegate.java:327] - Bean 'org.springframework.cloud.autoconfigure.ConfigurationPropertiesRebinderAutoConfiguration' of type [org.springframework.cloud.autoconfigure.ConfigurationPropertiesRebinderAutoConfiguration$$EnhancerBySpringCGLIB$$bb2e5eda] is not eligible for getting processed by all BeanPostProcessors (for example: not eligible for auto-proxying)
2018-01-30 17:04:37.334 [main] INFO  org.springframework.context.support.PostProcessorRegistrationDelegate$BeanPostProcessorChecker [PostProcessorRegistrationDelegate.java:327] - Bean 'org.springframework.cloud.sleuth.instrument.web.client.feign.TraceFeignClientAutoConfiguration$FeignBeanPostProcessorConfiguration' of type [org.springframework.cloud.sleuth.instrument.web.client.feign.TraceFeignClientAutoConfiguration$FeignBeanPostProcessorConfiguration$$EnhancerBySpringCGLIB$$dea634a3] is not eligible for getting processed by all BeanPostProcessors (for example: not eligible for auto-proxying)
2018-01-30 17:04:37.382 [main] INFO  org.springframework.context.support.PostProcessorRegistrationDelegate$BeanPostProcessorChecker [PostProcessorRegistrationDelegate.java:327] - Bean 'org.springframework.cloud.sleuth.instrument.async.AsyncDefaultAutoConfiguration' of type [org.springframework.cloud.sleuth.instrument.async.AsyncDefaultAutoConfiguration$$EnhancerBySpringCGLIB$$86f807fc] is not eligible for getting processed by all BeanPostProcessors (for example: not eligible for auto-proxying)
2018-01-30 17:04:37.418 [main] INFO  org.springframework.context.support.PostProcessorRegistrationDelegate$BeanPostProcessorChecker [PostProcessorRegistrationDelegate.java:327] - Bean 'org.springframework.cloud.sleuth.instrument.web.client.TraceWebClientAutoConfiguration' of type [org.springframework.cloud.sleuth.instrument.web.client.TraceWebClientAutoConfiguration$$EnhancerBySpringCGLIB$$4ba7275c] is not eligible for getting processed by all BeanPostProcessors (for example: not eligible for auto-proxying)
2018-01-30 17:04:38.279 [main] INFO  org.springframework.boot.context.embedded.tomcat.TomcatEmbeddedServletContainer [TomcatEmbeddedServletContainer.java:89] - Tomcat initialized with port(s): 5001 (http)
2018-01-30 17:04:38.306 [main] INFO  org.apache.catalina.core.StandardService [DirectJDKLog.java:179] - Starting service [Tomcat]
2018-01-30 17:04:38.308 [main] INFO  org.apache.catalina.core.StandardEngine [DirectJDKLog.java:179] - Starting Servlet Engine: Apache Tomcat/8.5.23
2018-01-30 17:04:38.633 [localhost-startStop-1] INFO  org.apache.catalina.core.ContainerBase.[Tomcat].[localhost].[/] [DirectJDKLog.java:179] - Initializing Spring embedded WebApplicationContext
2018-01-30 17:04:38.634 [localhost-startStop-1] INFO  org.springframework.web.context.ContextLoader [EmbeddedWebApplicationContext.java:276] - Root WebApplicationContext: initialization completed in 4652 ms
2018-01-30 17:04:39.623 [localhost-startStop-1] INFO  org.springframework.boot.web.servlet.FilterRegistrationBean [AbstractFilterRegistrationBean.java:258] - Mapping filter: 'metricsFilter' to: [/*]
2018-01-30 17:04:39.623 [localhost-startStop-1] INFO  org.springframework.boot.web.servlet.FilterRegistrationBean [AbstractFilterRegistrationBean.java:258] - Mapping filter: 'characterEncodingFilter' to: [/*]
2018-01-30 17:04:39.624 [localhost-startStop-1] INFO  org.springframework.boot.web.servlet.FilterRegistrationBean [AbstractFilterRegistrationBean.java:258] - Mapping filter: 'traceFilter' to: [/*]
2018-01-30 17:04:39.624 [localhost-startStop-1] INFO  org.springframework.boot.web.servlet.FilterRegistrationBean [AbstractFilterRegistrationBean.java:258] - Mapping filter: 'hiddenHttpMethodFilter' to: [/*]
2018-01-30 17:04:39.625 [localhost-startStop-1] INFO  org.springframework.boot.web.servlet.FilterRegistrationBean [AbstractFilterRegistrationBean.java:258] - Mapping filter: 'httpPutFormContentFilter' to: [/*]
2018-01-30 17:04:39.629 [localhost-startStop-1] INFO  org.springframework.boot.web.servlet.FilterRegistrationBean [AbstractFilterRegistrationBean.java:258] - Mapping filter: 'requestContextFilter' to: [/*]
2018-01-30 17:04:39.629 [localhost-startStop-1] INFO  org.springframework.boot.web.servlet.FilterRegistrationBean [AbstractFilterRegistrationBean.java:258] - Mapping filter: 'webRequestLoggingFilter' to: [/*]
2018-01-30 17:04:39.630 [localhost-startStop-1] INFO  org.springframework.boot.web.servlet.FilterRegistrationBean [AbstractFilterRegistrationBean.java:258] - Mapping filter: 'applicationContextIdFilter' to: [/*]
2018-01-30 17:04:39.630 [localhost-startStop-1] INFO  org.springframework.boot.web.servlet.ServletRegistrationBean [ServletRegistrationBean.java:190] - Mapping servlet: 'dispatcherServlet' to [/]
2018-01-30 17:04:39.900 [main] WARN  com.netflix.config.sources.URLConfigurationSource [URLConfigurationSource.java:121] - No URLs will be polled as dynamic configuration sources.
2018-01-30 17:04:39.901 [main] INFO  com.netflix.config.sources.URLConfigurationSource [URLConfigurationSource.java:122] - To enable URLs as dynamic configuration sources, define System property archaius.configurationSource.additionalUrls or make config.properties available on classpath.
2018-01-30 17:04:39.938 [main] INFO  com.netflix.config.DynamicPropertyFactory [DynamicPropertyFactory.java:281] - DynamicPropertyFactory is initialized with configuration sources: com.netflix.config.ConcurrentCompositeConfiguration@7e2bc2f4
2018-01-30 17:04:40.606 [main] WARN  com.netflix.config.sources.URLConfigurationSource [URLConfigurationSource.java:121] - No URLs will be polled as dynamic configuration sources.
2018-01-30 17:04:40.607 [main] INFO  com.netflix.config.sources.URLConfigurationSource [URLConfigurationSource.java:122] - To enable URLs as dynamic configuration sources, define System property archaius.configurationSource.additionalUrls or make config.properties available on classpath.
2018-01-30 17:04:41.352 [main] INFO  org.springframework.web.servlet.mvc.method.annotation.RequestMappingHandlerAdapter [RequestMappingHandlerAdapter.java:534] - Looking for @ControllerAdvice: org.springframework.boot.context.embedded.AnnotationConfigEmbeddedWebApplicationContext@7bab5898: startup date [Tue Jan 30 17:04:33 CST 2018]; parent: org.springframework.context.annotation.AnnotationConfigApplicationContext@4b0d79fc
2018-01-30 17:04:41.646 [main] INFO  org.springframework.web.servlet.mvc.method.annotation.RequestMappingHandlerMapping [AbstractHandlerMethodMapping.java:543] - Mapped "{[/login]}" onto public java.lang.String com.google.style.app.controller.LoginController.login()
2018-01-30 17:04:41.648 [main] INFO  org.springframework.web.servlet.mvc.method.annotation.RequestMappingHandlerMapping [AbstractHandlerMethodMapping.java:543] - Mapped "{[/ti]}" onto public java.lang.String com.google.style.app.controller.TestController.one()
2018-01-30 17:04:41.653 [main] INFO  org.springframework.web.servlet.mvc.method.annotation.RequestMappingHandlerMapping [AbstractHandlerMethodMapping.java:543] - Mapped "{[/error]}" onto public org.springframework.http.ResponseEntity<java.util.Map<java.lang.String, java.lang.Object>> org.springframework.boot.autoconfigure.web.BasicErrorController.error(javax.servlet.http.HttpServletRequest)
2018-01-30 17:04:41.653 [main] INFO  org.springframework.web.servlet.mvc.method.annotation.RequestMappingHandlerMapping [AbstractHandlerMethodMapping.java:543] - Mapped "{[/error],produces=[text/html]}" onto public org.springframework.web.servlet.ModelAndView org.springframework.boot.autoconfigure.web.BasicErrorController.errorHtml(javax.servlet.http.HttpServletRequest,javax.servlet.http.HttpServletResponse)
2018-01-30 17:04:41.783 [main] INFO  org.springframework.web.servlet.handler.SimpleUrlHandlerMapping [AbstractUrlHandlerMapping.java:362] - Mapped URL path [/webjars/**] onto handler of type [class org.springframework.web.servlet.resource.ResourceHttpRequestHandler]
2018-01-30 17:04:41.783 [main] INFO  org.springframework.web.servlet.handler.SimpleUrlHandlerMapping [AbstractUrlHandlerMapping.java:362] - Mapped URL path [/**] onto handler of type [class org.springframework.web.servlet.resource.ResourceHttpRequestHandler]
2018-01-30 17:04:41.931 [main] INFO  org.springframework.web.servlet.handler.SimpleUrlHandlerMapping [AbstractUrlHandlerMapping.java:362] - Mapped URL path [/**/favicon.ico] onto handler of type [class org.springframework.web.servlet.resource.ResourceHttpRequestHandler]
2018-01-30 17:04:44.093 [main] INFO  org.springframework.cloud.commons.util.InetUtils [InetUtils.java:171] - Cannot determine local hostname
2018-01-30 17:04:46.195 [main] INFO  org.springframework.cloud.commons.util.InetUtils [InetUtils.java:171] - Cannot determine local hostname
2018-01-30 17:04:47.376 [main] INFO  org.springframework.boot.actuate.endpoint.mvc.EndpointHandlerMapping [AbstractHandlerMethodMapping.java:543] - Mapped "{[/archaius || /archaius.json],methods=[GET],produces=[application/vnd.spring-boot.actuator.v1+json || application/json]}" onto public java.lang.Object org.springframework.boot.actuate.endpoint.mvc.EndpointMvcAdapter.invoke()
2018-01-30 17:04:47.382 [main] INFO  org.springframework.boot.actuate.endpoint.mvc.EndpointHandlerMapping [AbstractHandlerMethodMapping.java:543] - Mapped "{[/refresh || /refresh.json],methods=[POST]}" onto public java.lang.Object org.springframework.cloud.endpoint.GenericPostableMvcEndpoint.invoke()
2018-01-30 17:04:47.385 [main] INFO  org.springframework.boot.actuate.endpoint.mvc.EndpointHandlerMapping [AbstractHandlerMethodMapping.java:543] - Mapped "{[/mappings || /mappings.json],methods=[GET],produces=[application/vnd.spring-boot.actuator.v1+json || application/json]}" onto public java.lang.Object org.springframework.boot.actuate.endpoint.mvc.EndpointMvcAdapter.invoke()
2018-01-30 17:04:47.386 [main] INFO  org.springframework.boot.actuate.endpoint.mvc.EndpointHandlerMapping [AbstractHandlerMethodMapping.java:543] - Mapped "{[/autoconfig || /autoconfig.json],methods=[GET],produces=[application/vnd.spring-boot.actuator.v1+json || application/json]}" onto public java.lang.Object org.springframework.boot.actuate.endpoint.mvc.EndpointMvcAdapter.invoke()
2018-01-30 17:04:47.389 [main] INFO  org.springframework.boot.actuate.endpoint.mvc.EndpointHandlerMapping [AbstractHandlerMethodMapping.java:543] - Mapped "{[/dump || /dump.json],methods=[GET],produces=[application/vnd.spring-boot.actuator.v1+json || application/json]}" onto public java.lang.Object org.springframework.boot.actuate.endpoint.mvc.EndpointMvcAdapter.invoke()
2018-01-30 17:04:47.392 [main] INFO  org.springframework.boot.actuate.endpoint.mvc.EndpointHandlerMapping [AbstractHandlerMethodMapping.java:543] - Mapped "{[/env],methods=[POST]}" onto public java.lang.Object org.springframework.cloud.context.environment.EnvironmentManagerMvcEndpoint.value(java.util.Map<java.lang.String, java.lang.String>)
2018-01-30 17:04:47.393 [main] INFO  org.springframework.boot.actuate.endpoint.mvc.EndpointHandlerMapping [AbstractHandlerMethodMapping.java:543] - Mapped "{[/env/reset],methods=[POST]}" onto public java.util.Map<java.lang.String, java.lang.Object> org.springframework.cloud.context.environment.EnvironmentManagerMvcEndpoint.reset()
2018-01-30 17:04:47.394 [main] INFO  org.springframework.boot.actuate.endpoint.mvc.EndpointHandlerMapping [AbstractHandlerMethodMapping.java:543] - Mapped "{[/env/{name:.*}],methods=[GET],produces=[application/vnd.spring-boot.actuator.v1+json || application/json]}" onto public java.lang.Object org.springframework.boot.actuate.endpoint.mvc.EnvironmentMvcEndpoint.value(java.lang.String)
2018-01-30 17:04:47.395 [main] INFO  org.springframework.boot.actuate.endpoint.mvc.EndpointHandlerMapping [AbstractHandlerMethodMapping.java:543] - Mapped "{[/env || /env.json],methods=[GET],produces=[application/vnd.spring-boot.actuator.v1+json || application/json]}" onto public java.lang.Object org.springframework.boot.actuate.endpoint.mvc.EndpointMvcAdapter.invoke()
2018-01-30 17:04:47.397 [main] INFO  org.springframework.boot.actuate.endpoint.mvc.EndpointHandlerMapping [AbstractHandlerMethodMapping.java:543] - Mapped "{[/heapdump || /heapdump.json],methods=[GET],produces=[application/octet-stream]}" onto public void org.springframework.boot.actuate.endpoint.mvc.HeapdumpMvcEndpoint.invoke(boolean,javax.servlet.http.HttpServletRequest,javax.servlet.http.HttpServletResponse) throws java.io.IOException,javax.servlet.ServletException
2018-01-30 17:04:47.398 [main] INFO  org.springframework.boot.actuate.endpoint.mvc.EndpointHandlerMapping [AbstractHandlerMethodMapping.java:543] - Mapped "{[/info || /info.json],methods=[GET],produces=[application/vnd.spring-boot.actuator.v1+json || application/json]}" onto public java.lang.Object org.springframework.boot.actuate.endpoint.mvc.EndpointMvcAdapter.invoke()
2018-01-30 17:04:47.402 [main] INFO  org.springframework.boot.actuate.endpoint.mvc.EndpointHandlerMapping [AbstractHandlerMethodMapping.java:543] - Mapped "{[/features || /features.json],methods=[GET],produces=[application/vnd.spring-boot.actuator.v1+json || application/json]}" onto public java.lang.Object org.springframework.boot.actuate.endpoint.mvc.EndpointMvcAdapter.invoke()
2018-01-30 17:04:47.404 [main] INFO  org.springframework.boot.actuate.endpoint.mvc.EndpointHandlerMapping [AbstractHandlerMethodMapping.java:543] - Mapped "{[/health || /health.json],methods=[GET],produces=[application/vnd.spring-boot.actuator.v1+json || application/json]}" onto public java.lang.Object org.springframework.boot.actuate.endpoint.mvc.HealthMvcEndpoint.invoke(javax.servlet.http.HttpServletRequest,java.security.Principal)
2018-01-30 17:04:47.405 [main] INFO  org.springframework.boot.actuate.endpoint.mvc.EndpointHandlerMapping [AbstractHandlerMethodMapping.java:543] - Mapped "{[/auditevents || /auditevents.json],methods=[GET],produces=[application/vnd.spring-boot.actuator.v1+json || application/json]}" onto public org.springframework.http.ResponseEntity<?> org.springframework.boot.actuate.endpoint.mvc.AuditEventsMvcEndpoint.findByPrincipalAndAfterAndType(java.lang.String,java.util.Date,java.lang.String)
2018-01-30 17:04:47.406 [main] INFO  org.springframework.boot.actuate.endpoint.mvc.EndpointHandlerMapping [AbstractHandlerMethodMapping.java:543] - Mapped "{[/trace || /trace.json],methods=[GET],produces=[application/vnd.spring-boot.actuator.v1+json || application/json]}" onto public java.lang.Object org.springframework.boot.actuate.endpoint.mvc.EndpointMvcAdapter.invoke()
2018-01-30 17:04:47.407 [main] INFO  org.springframework.boot.actuate.endpoint.mvc.EndpointHandlerMapping [AbstractHandlerMethodMapping.java:543] - Mapped "{[/service-registry/instance-status],methods=[POST]}" onto public org.springframework.http.ResponseEntity<?> org.springframework.cloud.client.serviceregistry.endpoint.ServiceRegistryEndpoint.setStatus(java.lang.String)
2018-01-30 17:04:47.407 [main] INFO  org.springframework.boot.actuate.endpoint.mvc.EndpointHandlerMapping [AbstractHandlerMethodMapping.java:543] - Mapped "{[/service-registry/instance-status],methods=[GET]}" onto public org.springframework.http.ResponseEntity org.springframework.cloud.client.serviceregistry.endpoint.ServiceRegistryEndpoint.getStatus()
2018-01-30 17:04:47.408 [main] INFO  org.springframework.boot.actuate.endpoint.mvc.EndpointHandlerMapping [AbstractHandlerMethodMapping.java:543] - Mapped "{[/configprops || /configprops.json],methods=[GET],produces=[application/vnd.spring-boot.actuator.v1+json || application/json]}" onto public java.lang.Object org.springframework.boot.actuate.endpoint.mvc.EndpointMvcAdapter.invoke()
2018-01-30 17:04:47.412 [main] INFO  org.springframework.boot.actuate.endpoint.mvc.EndpointHandlerMapping [AbstractHandlerMethodMapping.java:543] - Mapped "{[/loggers/{name:.*}],methods=[GET],produces=[application/vnd.spring-boot.actuator.v1+json || application/json]}" onto public java.lang.Object org.springframework.boot.actuate.endpoint.mvc.LoggersMvcEndpoint.get(java.lang.String)
2018-01-30 17:04:47.412 [main] INFO  org.springframework.boot.actuate.endpoint.mvc.EndpointHandlerMapping [AbstractHandlerMethodMapping.java:543] - Mapped "{[/loggers/{name:.*}],methods=[POST],consumes=[application/vnd.spring-boot.actuator.v1+json || application/json],produces=[application/vnd.spring-boot.actuator.v1+json || application/json]}" onto public java.lang.Object org.springframework.boot.actuate.endpoint.mvc.LoggersMvcEndpoint.set(java.lang.String,java.util.Map<java.lang.String, java.lang.String>)
2018-01-30 17:04:47.413 [main] INFO  org.springframework.boot.actuate.endpoint.mvc.EndpointHandlerMapping [AbstractHandlerMethodMapping.java:543] - Mapped "{[/loggers || /loggers.json],methods=[GET],produces=[application/vnd.spring-boot.actuator.v1+json || application/json]}" onto public java.lang.Object org.springframework.boot.actuate.endpoint.mvc.EndpointMvcAdapter.invoke()
2018-01-30 17:04:47.414 [main] INFO  org.springframework.boot.actuate.endpoint.mvc.EndpointHandlerMapping [AbstractHandlerMethodMapping.java:543] - Mapped "{[/hystrix.stream/**]}" onto public org.springframework.web.servlet.ModelAndView org.springframework.cloud.netflix.endpoint.ServletWrappingEndpoint.handle(javax.servlet.http.HttpServletRequest,javax.servlet.http.HttpServletResponse) throws java.lang.Exception
2018-01-30 17:04:47.417 [main] INFO  org.springframework.boot.actuate.endpoint.mvc.EndpointHandlerMapping [AbstractHandlerMethodMapping.java:543] - Mapped "{[/metrics/{name:.*}],methods=[GET],produces=[application/vnd.spring-boot.actuator.v1+json || application/json]}" onto public java.lang.Object org.springframework.boot.actuate.endpoint.mvc.MetricsMvcEndpoint.value(java.lang.String)
2018-01-30 17:04:47.418 [main] INFO  org.springframework.boot.actuate.endpoint.mvc.EndpointHandlerMapping [AbstractHandlerMethodMapping.java:543] - Mapped "{[/metrics || /metrics.json],methods=[GET],produces=[application/vnd.spring-boot.actuator.v1+json || application/json]}" onto public java.lang.Object org.springframework.boot.actuate.endpoint.mvc.EndpointMvcAdapter.invoke()
2018-01-30 17:04:47.420 [main] INFO  org.springframework.boot.actuate.endpoint.mvc.EndpointHandlerMapping [AbstractHandlerMethodMapping.java:543] - Mapped "{[/beans || /beans.json],methods=[GET],produces=[application/vnd.spring-boot.actuator.v1+json || application/json]}" onto public java.lang.Object org.springframework.boot.actuate.endpoint.mvc.EndpointMvcAdapter.invoke()
2018-01-30 17:04:48.351 [main] INFO  com.netflix.discovery.DiscoveryClient [DiscoveryClient.java:861] - Shutting down DiscoveryClient ...
2018-01-30 17:04:48.380 [main] INFO  com.netflix.discovery.DiscoveryClient [DiscoveryClient.java:882] - Completed shut down of DiscoveryClient
2018-01-30 17:04:48.821 [main] INFO  org.springframework.scheduling.concurrent.ThreadPoolTaskScheduler [ExecutorConfigurationSupport.java:165] - Initializing ExecutorService 
2018-01-30 17:04:48.957 [main] WARN  org.springframework.cloud.starter.eureka.EurekaStarterDeprecationWarningAutoConfiguration [EurekaStarterDeprecationWarningAutoConfiguration.java:19] - spring-cloud-starter-eureka is deprecated as of Spring Cloud Netflix 1.4.0, please migrate to spring-cloud-starter-netflix-eureka
2018-01-30 17:04:49.116 [main] INFO  org.springframework.jmx.export.annotation.AnnotationMBeanExporter [MBeanExporter.java:431] - Registering beans for JMX exposure on startup
2018-01-30 17:04:49.138 [main] INFO  org.springframework.jmx.export.annotation.AnnotationMBeanExporter [MBeanExporter.java:916] - Bean with name 'environmentManager' has been autodetected for JMX exposure
2018-01-30 17:04:49.143 [main] INFO  org.springframework.jmx.export.annotation.AnnotationMBeanExporter [MBeanExporter.java:916] - Bean with name 'configurationPropertiesRebinder' has been autodetected for JMX exposure
2018-01-30 17:04:49.146 [main] INFO  org.springframework.jmx.export.annotation.AnnotationMBeanExporter [MBeanExporter.java:916] - Bean with name 'refreshEndpoint' has been autodetected for JMX exposure
2018-01-30 17:04:49.147 [main] INFO  org.springframework.jmx.export.annotation.AnnotationMBeanExporter [MBeanExporter.java:916] - Bean with name 'serviceRegistryEndpoint' has been autodetected for JMX exposure
2018-01-30 17:04:49.151 [main] INFO  org.springframework.jmx.export.annotation.AnnotationMBeanExporter [MBeanExporter.java:916] - Bean with name 'refreshScope' has been autodetected for JMX exposure
2018-01-30 17:04:49.157 [main] INFO  org.springframework.jmx.export.annotation.AnnotationMBeanExporter [MBeanExporter.java:678] - Located managed bean 'environmentManager': registering with JMX server as MBean [org.springframework.cloud.context.environment:name=environmentManager,type=EnvironmentManager]
2018-01-30 17:04:49.179 [main] INFO  org.springframework.jmx.export.annotation.AnnotationMBeanExporter [MBeanExporter.java:678] - Located managed bean 'serviceRegistryEndpoint': registering with JMX server as MBean [org.springframework.cloud.client.serviceregistry.endpoint:name=serviceRegistryEndpoint,type=ServiceRegistryEndpoint]
2018-01-30 17:04:49.201 [main] INFO  org.springframework.jmx.export.annotation.AnnotationMBeanExporter [MBeanExporter.java:678] - Located managed bean 'refreshScope': registering with JMX server as MBean [org.springframework.cloud.context.scope.refresh:name=refreshScope,type=RefreshScope]
2018-01-30 17:04:49.224 [main] INFO  org.springframework.jmx.export.annotation.AnnotationMBeanExporter [MBeanExporter.java:678] - Located managed bean 'configurationPropertiesRebinder': registering with JMX server as MBean [org.springframework.cloud.context.properties:name=configurationPropertiesRebinder,context=7bab5898,type=ConfigurationPropertiesRebinder]
2018-01-30 17:04:49.256 [main] INFO  org.springframework.jmx.export.annotation.AnnotationMBeanExporter [MBeanExporter.java:678] - Located managed bean 'refreshEndpoint': registering with JMX server as MBean [org.springframework.cloud.endpoint:name=refreshEndpoint,type=RefreshEndpoint]
2018-01-30 17:04:49.260 [main] INFO  org.springframework.boot.actuate.endpoint.jmx.EndpointMBeanExporter [MBeanExporter.java:431] - Registering beans for JMX exposure on startup
2018-01-30 17:04:49.396 [main] INFO  org.springframework.context.support.DefaultLifecycleProcessor [DefaultLifecycleProcessor.java:343] - Starting beans in phase 0
2018-01-30 17:04:49.413 [main] INFO  org.springframework.cloud.netflix.eureka.InstanceInfoFactory [InstanceInfoFactory.java:71] - Setting initial instance status as: STARTING
2018-01-30 17:04:49.460 [main] INFO  com.netflix.discovery.DiscoveryClient [DiscoveryClient.java:347] - Initializing Eureka in region us-east-1
2018-01-30 17:04:49.468 [main] INFO  com.netflix.discovery.provider.DiscoveryJerseyProvider [DiscoveryJerseyProvider.java:70] - Using JSON encoding codec LegacyJacksonJson
2018-01-30 17:04:49.468 [main] INFO  com.netflix.discovery.provider.DiscoveryJerseyProvider [DiscoveryJerseyProvider.java:71] - Using JSON decoding codec LegacyJacksonJson
2018-01-30 17:04:49.470 [main] INFO  com.netflix.discovery.provider.DiscoveryJerseyProvider [DiscoveryJerseyProvider.java:80] - Using XML encoding codec XStreamXml
2018-01-30 17:04:49.471 [main] INFO  com.netflix.discovery.provider.DiscoveryJerseyProvider [DiscoveryJerseyProvider.java:81] - Using XML decoding codec XStreamXml
2018-01-30 17:04:49.580 [main] INFO  com.netflix.discovery.shared.resolver.aws.ConfigClusterResolver [ConfigClusterResolver.java:43] - Resolving eureka endpoints via configuration
2018-01-30 17:04:49.582 [main] INFO  com.netflix.discovery.DiscoveryClient [DiscoveryClient.java:929] - Disable delta property : false
2018-01-30 17:04:49.583 [main] INFO  com.netflix.discovery.DiscoveryClient [DiscoveryClient.java:930] - Single vip registry refresh property : null
2018-01-30 17:04:49.583 [main] INFO  com.netflix.discovery.DiscoveryClient [DiscoveryClient.java:931] - Force full registry fetch : false
2018-01-30 17:04:49.583 [main] INFO  com.netflix.discovery.DiscoveryClient [DiscoveryClient.java:932] - Application is null : false
2018-01-30 17:04:49.584 [main] INFO  com.netflix.discovery.DiscoveryClient [DiscoveryClient.java:933] - Registered Applications size is zero : true
2018-01-30 17:04:49.584 [main] INFO  com.netflix.discovery.DiscoveryClient [DiscoveryClient.java:935] - Application version is -1: true
2018-01-30 17:04:49.585 [main] INFO  com.netflix.discovery.DiscoveryClient [DiscoveryClient.java:1018] - Getting all instance registry info from the eureka server
2018-01-30 17:04:49.593 [main] INFO  com.netflix.discovery.DiscoveryClient [DiscoveryClient.java:1027] - The response status is 200
2018-01-30 17:04:49.595 [main] INFO  com.netflix.discovery.DiscoveryClient [DiscoveryClient.java:1253] - Starting heartbeat executor: renew interval is: 30
2018-01-30 17:04:49.600 [main] INFO  com.netflix.discovery.InstanceInfoReplicator [InstanceInfoReplicator.java:59] - InstanceInfoReplicator onDemand update allowed rate per min is 4
2018-01-30 17:04:49.602 [main] INFO  com.netflix.discovery.DiscoveryClient [DiscoveryClient.java:434] - Discovery Client initialized at timestamp 1517303089602 with initial instances count: 4
2018-01-30 17:04:49.624 [main] INFO  org.springframework.cloud.netflix.eureka.serviceregistry.EurekaServiceRegistry [EurekaServiceRegistry.java:40] - Registering application App-Service with eureka with status UP
2018-01-30 17:04:49.625 [main] INFO  com.netflix.discovery.DiscoveryClient [DiscoveryClient.java:1288] - Saw local status change event StatusChangeEvent [timestamp=1517303089625, current=UP, previous=STARTING]
2018-01-30 17:04:49.639 [main] INFO  org.springframework.boot.actuate.endpoint.jmx.EndpointMBeanExporter [MBeanExporter.java:678] - Located managed bean 'auditEventsEndpoint': registering with JMX server as MBean [org.springframework.boot:type=Endpoint,name=auditEventsEndpoint]
2018-01-30 17:04:49.655 [main] INFO  org.springframework.boot.actuate.endpoint.jmx.EndpointMBeanExporter [MBeanExporter.java:678] - Located managed bean 'archaiusEndpoint': registering with JMX server as MBean [org.springframework.boot:type=Endpoint,name=archaiusEndpoint]
2018-01-30 17:04:49.692 [main] INFO  org.springframework.boot.actuate.endpoint.jmx.EndpointMBeanExporter [MBeanExporter.java:678] - Located managed bean 'featuresEndpoint': registering with JMX server as MBean [org.springframework.boot:type=Endpoint,name=featuresEndpoint]
2018-01-30 17:04:49.701 [main] INFO  org.springframework.boot.actuate.endpoint.jmx.EndpointMBeanExporter [MBeanExporter.java:678] - Located managed bean 'requestMappingEndpoint': registering with JMX server as MBean [org.springframework.boot:type=Endpoint,name=requestMappingEndpoint]
2018-01-30 17:04:49.725 [main] INFO  org.springframework.boot.actuate.endpoint.jmx.EndpointMBeanExporter [MBeanExporter.java:678] - Located managed bean 'environmentEndpoint': registering with JMX server as MBean [org.springframework.boot:type=Endpoint,name=environmentEndpoint]
2018-01-30 17:04:49.729 [main] INFO  org.springframework.boot.actuate.endpoint.jmx.EndpointMBeanExporter [MBeanExporter.java:678] - Located managed bean 'healthEndpoint': registering with JMX server as MBean [org.springframework.boot:type=Endpoint,name=healthEndpoint]
2018-01-30 17:04:49.741 [DiscoveryClient-InstanceInfoReplicator-0] INFO  com.netflix.discovery.DiscoveryClient [DiscoveryClient.java:804] - DiscoveryClient_APP-SERVICE/localhost:App-Service:5001: registering service...
2018-01-30 17:04:49.746 [main] INFO  org.springframework.boot.actuate.endpoint.jmx.EndpointMBeanExporter [MBeanExporter.java:678] - Located managed bean 'beansEndpoint': registering with JMX server as MBean [org.springframework.boot:type=Endpoint,name=beansEndpoint]
2018-01-30 17:04:49.755 [main] INFO  org.springframework.boot.actuate.endpoint.jmx.EndpointMBeanExporter [MBeanExporter.java:678] - Located managed bean 'infoEndpoint': registering with JMX server as MBean [org.springframework.boot:type=Endpoint,name=infoEndpoint]
2018-01-30 17:04:49.764 [main] INFO  org.springframework.boot.actuate.endpoint.jmx.EndpointMBeanExporter [MBeanExporter.java:678] - Located managed bean 'loggersEndpoint': registering with JMX server as MBean [org.springframework.boot:type=Endpoint,name=loggersEndpoint]
2018-01-30 17:04:49.779 [main] INFO  org.springframework.boot.actuate.endpoint.jmx.EndpointMBeanExporter [MBeanExporter.java:678] - Located managed bean 'metricsEndpoint': registering with JMX server as MBean [org.springframework.boot:type=Endpoint,name=metricsEndpoint]
2018-01-30 17:04:49.782 [main] INFO  org.springframework.boot.actuate.endpoint.jmx.EndpointMBeanExporter [MBeanExporter.java:678] - Located managed bean 'traceEndpoint': registering with JMX server as MBean [org.springframework.boot:type=Endpoint,name=traceEndpoint]
2018-01-30 17:04:49.803 [main] INFO  org.springframework.boot.actuate.endpoint.jmx.EndpointMBeanExporter [MBeanExporter.java:678] - Located managed bean 'dumpEndpoint': registering with JMX server as MBean [org.springframework.boot:type=Endpoint,name=dumpEndpoint]
2018-01-30 17:04:49.808 [main] INFO  org.springframework.boot.actuate.endpoint.jmx.EndpointMBeanExporter [MBeanExporter.java:678] - Located managed bean 'autoConfigurationReportEndpoint': registering with JMX server as MBean [org.springframework.boot:type=Endpoint,name=autoConfigurationReportEndpoint]
2018-01-30 17:04:49.820 [main] INFO  org.springframework.boot.actuate.endpoint.jmx.EndpointMBeanExporter [MBeanExporter.java:678] - Located managed bean 'configurationPropertiesReportEndpoint': registering with JMX server as MBean [org.springframework.boot:type=Endpoint,name=configurationPropertiesReportEndpoint]
2018-01-30 17:04:49.833 [main] INFO  org.springframework.context.support.DefaultLifecycleProcessor [DefaultLifecycleProcessor.java:343] - Starting beans in phase 2147483647
2018-01-30 17:04:49.842 [main] INFO  org.springframework.cloud.netflix.hystrix.HystrixCircuitBreakerConfiguration$HystrixMetricsPollerConfiguration [HystrixCircuitBreakerConfiguration.java:138] - Starting poller
2018-01-30 17:04:49.864 [DiscoveryClient-InstanceInfoReplicator-0] INFO  com.netflix.discovery.DiscoveryClient [DiscoveryClient.java:813] - DiscoveryClient_APP-SERVICE/localhost:App-Service:5001 - registration status: 204
2018-01-30 17:04:49.912 [main] INFO  org.apache.coyote.http11.Http11NioProtocol [DirectJDKLog.java:179] - Initializing ProtocolHandler ["http-nio-5001"]
2018-01-30 17:04:49.931 [main] INFO  org.apache.coyote.http11.Http11NioProtocol [DirectJDKLog.java:179] - Starting ProtocolHandler ["http-nio-5001"]
2018-01-30 17:04:49.953 [main] INFO  org.apache.tomcat.util.net.NioSelectorPool [DirectJDKLog.java:179] - Using a shared selector for servlet write/read
2018-01-30 17:04:49.979 [main] INFO  org.springframework.boot.context.embedded.tomcat.TomcatEmbeddedServletContainer [TomcatEmbeddedServletContainer.java:201] - Tomcat started on port(s): 5001 (http)
2018-01-30 17:04:49.980 [main] INFO  org.springframework.cloud.netflix.eureka.serviceregistry.EurekaAutoServiceRegistration [EurekaAutoServiceRegistration.java:124] - Updating port to 5001
2018-01-30 17:04:49.988 [main] INFO  com.google.style.AppServiceApplication [StartupInfoLogger.java:57] - Started AppServiceApplication in 31.622 seconds (JVM running for 32.867)
2018-01-30 17:04:55.301 [http-nio-5001-exec-1] INFO  org.apache.catalina.core.ContainerBase.[Tomcat].[localhost].[/] [DirectJDKLog.java:179] - Initializing Spring FrameworkServlet 'dispatcherServlet'
2018-01-30 17:04:55.302 [http-nio-5001-exec-1] INFO  org.springframework.web.servlet.DispatcherServlet [FrameworkServlet.java:489] - FrameworkServlet 'dispatcherServlet': initialization started
2018-01-30 17:04:55.422 [http-nio-5001-exec-1] INFO  org.springframework.web.servlet.DispatcherServlet [FrameworkServlet.java:508] - FrameworkServlet 'dispatcherServlet': initialization completed in 120 ms
2018-01-30 17:04:56.018 [AsyncReporter{org.springframework.cloud.sleuth.zipkin2.sender.RestTemplateSender@7030b74c}] INFO  org.springframework.context.annotation.AnnotationConfigApplicationContext [AbstractApplicationContext.java:583] - Refreshing org.springframework.context.annotation.AnnotationConfigApplicationContext@48fe9b3d: startup date [Tue Jan 30 17:04:56 CST 2018]; parent: org.springframework.boot.context.embedded.AnnotationConfigEmbeddedWebApplicationContext@7bab5898
2018-01-30 17:04:56.112 [AsyncReporter{org.springframework.cloud.sleuth.zipkin2.sender.RestTemplateSender@7030b74c}] INFO  org.springframework.beans.factory.annotation.AutowiredAnnotationBeanPostProcessor [AutowiredAnnotationBeanPostProcessor.java:155] - JSR-330 'javax.inject.Inject' annotation found and supported for autowiring
2018-01-30 17:04:56.558 [AsyncReporter{org.springframework.cloud.sleuth.zipkin2.sender.RestTemplateSender@7030b74c}] INFO  com.netflix.config.ChainedDynamicProperty [ChainedDynamicProperty.java:115] - Flipping property: localhost.ribbon.ActiveConnectionsLimit to use NEXT property: niws.loadbalancer.availabilityFilteringRule.activeConnectionsLimit = 2147483647
2018-01-30 17:04:56.602 [AsyncReporter{org.springframework.cloud.sleuth.zipkin2.sender.RestTemplateSender@7030b74c}] INFO  com.netflix.util.concurrent.ShutdownEnabledTimer [ShutdownEnabledTimer.java:58] - Shutdown hook installed for: NFLoadBalancer-PingTimer-localhost
2018-01-30 17:04:56.657 [AsyncReporter{org.springframework.cloud.sleuth.zipkin2.sender.RestTemplateSender@7030b74c}] INFO  com.netflix.loadbalancer.BaseLoadBalancer [BaseLoadBalancer.java:192] - Client: localhost instantiated a LoadBalancer: DynamicServerListLoadBalancer:{NFLoadBalancer:name=localhost,current list of Servers=[],Load balancer stats=Zone stats: {},Server stats: []}ServerList:null
2018-01-30 17:04:56.680 [AsyncReporter{org.springframework.cloud.sleuth.zipkin2.sender.RestTemplateSender@7030b74c}] INFO  com.netflix.loadbalancer.DynamicServerListLoadBalancer [DynamicServerListLoadBalancer.java:222] - Using serverListUpdater PollingServerListUpdater
2018-01-30 17:04:56.691 [AsyncReporter{org.springframework.cloud.sleuth.zipkin2.sender.RestTemplateSender@7030b74c}] INFO  com.netflix.loadbalancer.DynamicServerListLoadBalancer [DynamicServerListLoadBalancer.java:150] - DynamicServerListLoadBalancer for client localhost initialized: DynamicServerListLoadBalancer:{NFLoadBalancer:name=localhost,current list of Servers=[],Load balancer stats=Zone stats: {},Server stats: []}ServerList:org.springframework.cloud.netflix.ribbon.eureka.DomainExtractingServerList@4324cd4c
2018-01-30 17:09:49.586 [AsyncResolver-bootstrap-executor-0] INFO  com.netflix.discovery.shared.resolver.aws.ConfigClusterResolver [ConfigClusterResolver.java:43] - Resolving eureka endpoints via configuration
2018-01-30 17:14:49.588 [AsyncResolver-bootstrap-executor-0] INFO  com.netflix.discovery.shared.resolver.aws.ConfigClusterResolver [ConfigClusterResolver.java:43] - Resolving eureka endpoints via configuration
2018-01-30 17:19:49.589 [AsyncResolver-bootstrap-executor-0] INFO  com.netflix.discovery.shared.resolver.aws.ConfigClusterResolver [ConfigClusterResolver.java:43] - Resolving eureka endpoints via configuration
2018-01-30 17:24:49.592 [AsyncResolver-bootstrap-executor-0] INFO  com.netflix.discovery.shared.resolver.aws.ConfigClusterResolver [ConfigClusterResolver.java:43] - Resolving eureka endpoints via configuration
2018-01-30 17:29:49.594 [AsyncResolver-bootstrap-executor-0] INFO  com.netflix.discovery.shared.resolver.aws.ConfigClusterResolver [ConfigClusterResolver.java:43] - Resolving eureka endpoints via configuration
2018-01-30 17:34:49.606 [AsyncResolver-bootstrap-executor-0] INFO  com.netflix.discovery.shared.resolver.aws.ConfigClusterResolver [ConfigClusterResolver.java:43] - Resolving eureka endpoints via configuration
2018-01-30 17:39:49.607 [AsyncResolver-bootstrap-executor-0] INFO  com.netflix.discovery.shared.resolver.aws.ConfigClusterResolver [ConfigClusterResolver.java:43] - Resolving eureka endpoints via configuration
