2018-01-30 14:04:49.128 [main] INFO  org.springframework.context.annotation.AnnotationConfigApplicationContext [AbstractApplicationContext.java:583] - Refreshing org.springframework.context.annotation.AnnotationConfigApplicationContext@54d9d12d: startup date [Tue Jan 30 14:04:49 CST 2018]; root of context hierarchy
2018-01-30 14:04:49.808 [background-preinit] INFO  org.hibernate.validator.internal.util.Version [Version.java:30] - HV000001: Hibernate Validator 5.3.6.Final
2018-01-30 14:04:49.837 [main] INFO  org.springframework.beans.factory.annotation.AutowiredAnnotationBeanPostProcessor [AutowiredAnnotationBeanPostProcessor.java:155] - JSR-330 'javax.inject.Inject' annotation found and supported for autowiring
2018-01-30 14:04:49.905 [main] INFO  org.springframework.context.support.PostProcessorRegistrationDelegate$BeanPostProcessorChecker [PostProcessorRegistrationDelegate.java:327] - Bean 'configurationPropertiesRebinderAutoConfiguration' of type [org.springframework.cloud.autoconfigure.ConfigurationPropertiesRebinderAutoConfiguration$$EnhancerBySpringCGLIB$$b8cd12ee] is not eligible for getting processed by all BeanPostProcessors (for example: not eligible for auto-proxying)
2018-01-30 14:04:52.137 [main] INFO  com.google.gateway.ApiServiceGatewayApplication [SpringApplication.java:597] - The following profiles are active: dev
2018-01-30 14:04:52.167 [main] INFO  org.springframework.boot.context.embedded.AnnotationConfigEmbeddedWebApplicationContext [AbstractApplicationContext.java:583] - Refreshing org.springframework.boot.context.embedded.AnnotationConfigEmbeddedWebApplicationContext@7e928e2f: startup date [Tue Jan 30 14:04:52 CST 2018]; parent: org.springframework.context.annotation.AnnotationConfigApplicationContext@54d9d12d
2018-01-30 14:04:54.195 [main] INFO  org.springframework.beans.factory.support.DefaultListableBeanFactory [DefaultListableBeanFactory.java:828] - Overriding bean definition for bean 'counterFactory' with a different definition: replacing [Root bean: class [null]; scope=; abstract=false; lazyInit=false; autowireMode=3; dependencyCheck=0; autowireCandidate=true; primary=false; factoryBeanName=org.springframework.cloud.netflix.zuul.ZuulServerAutoConfiguration$ZuulMetricsConfiguration; factoryMethodName=counterFactory; initMethodName=null; destroyMethodName=(inferred); defined in class path resource [org/springframework/cloud/netflix/zuul/ZuulServerAutoConfiguration$ZuulMetricsConfiguration.class]] with [Root bean: class [null]; scope=; abstract=false; lazyInit=false; autowireMode=3; dependencyCheck=0; autowireCandidate=true; primary=false; factoryBeanName=org.springframework.cloud.netflix.zuul.ZuulServerAutoConfiguration$ZuulCounterFactoryConfiguration; factoryMethodName=counterFactory; initMethodName=null; destroyMethodName=(inferred); defined in class path resource [org/springframework/cloud/netflix/zuul/ZuulServerAutoConfiguration$ZuulCounterFactoryConfiguration.class]]
2018-01-30 14:04:54.651 [main] INFO  org.springframework.cloud.context.scope.GenericScope [GenericScope.java:287] - BeanFactory id=6f551513-326b-31a2-96dc-b202b02ad12d
2018-01-30 14:04:54.702 [main] INFO  org.springframework.beans.factory.annotation.AutowiredAnnotationBeanPostProcessor [AutowiredAnnotationBeanPostProcessor.java:155] - JSR-330 'javax.inject.Inject' annotation found and supported for autowiring
2018-01-30 14:04:54.979 [main] INFO  org.springframework.context.support.PostProcessorRegistrationDelegate$BeanPostProcessorChecker [PostProcessorRegistrationDelegate.java:327] - Bean 'org.springframework.cloud.netflix.metrics.MetricsInterceptorConfiguration$MetricsRestTemplateConfiguration' of type [org.springframework.cloud.netflix.metrics.MetricsInterceptorConfiguration$MetricsRestTemplateConfiguration$$EnhancerBySpringCGLIB$$cedfb632] is not eligible for getting processed by all BeanPostProcessors (for example: not eligible for auto-proxying)
2018-01-30 14:04:55.219 [main] INFO  org.springframework.context.support.PostProcessorRegistrationDelegate$BeanPostProcessorChecker [PostProcessorRegistrationDelegate.java:327] - Bean 'org.springframework.cloud.autoconfigure.ConfigurationPropertiesRebinderAutoConfiguration' of type [org.springframework.cloud.autoconfigure.ConfigurationPropertiesRebinderAutoConfiguration$$EnhancerBySpringCGLIB$$b8cd12ee] is not eligible for getting processed by all BeanPostProcessors (for example: not eligible for auto-proxying)
2018-01-30 14:04:56.061 [main] INFO  org.springframework.boot.context.embedded.tomcat.TomcatEmbeddedServletContainer [TomcatEmbeddedServletContainer.java:89] - Tomcat initialized with port(s): 2000 (http)
2018-01-30 14:04:56.076 [main] INFO  org.apache.catalina.core.StandardService [DirectJDKLog.java:179] - Starting service [Tomcat]
2018-01-30 14:04:56.079 [main] INFO  org.apache.catalina.core.StandardEngine [DirectJDKLog.java:179] - Starting Servlet Engine: Apache Tomcat/8.5.23
2018-01-30 14:04:56.401 [localhost-startStop-1] INFO  org.apache.catalina.core.ContainerBase.[Tomcat].[localhost].[/] [DirectJDKLog.java:179] - Initializing Spring embedded WebApplicationContext
2018-01-30 14:04:56.402 [localhost-startStop-1] INFO  org.springframework.web.context.ContextLoader [EmbeddedWebApplicationContext.java:276] - Root WebApplicationContext: initialization completed in 4235 ms
2018-01-30 14:04:58.434 [localhost-startStop-1] INFO  org.springframework.cloud.commons.util.InetUtils [InetUtils.java:171] - Cannot determine local hostname
2018-01-30 14:05:00.233 [localhost-startStop-1] INFO  org.springframework.cloud.commons.util.InetUtils [InetUtils.java:171] - Cannot determine local hostname
2018-01-30 14:05:00.574 [localhost-startStop-1] INFO  org.springframework.boot.web.servlet.ServletRegistrationBean [ServletRegistrationBean.java:190] - Mapping servlet: 'dispatcherServlet' to [/]
2018-01-30 14:05:00.577 [localhost-startStop-1] INFO  org.springframework.boot.web.servlet.ServletRegistrationBean [ServletRegistrationBean.java:190] - Mapping servlet: 'zuulServlet' to [/zuul/*]
2018-01-30 14:05:00.583 [localhost-startStop-1] INFO  org.springframework.boot.web.servlet.FilterRegistrationBean [AbstractFilterRegistrationBean.java:258] - Mapping filter: 'metricsFilter' to: [/*]
2018-01-30 14:05:00.584 [localhost-startStop-1] INFO  org.springframework.boot.web.servlet.FilterRegistrationBean [AbstractFilterRegistrationBean.java:258] - Mapping filter: 'characterEncodingFilter' to: [/*]
2018-01-30 14:05:00.584 [localhost-startStop-1] INFO  org.springframework.boot.web.servlet.FilterRegistrationBean [AbstractFilterRegistrationBean.java:258] - Mapping filter: 'hiddenHttpMethodFilter' to: [/*]
2018-01-30 14:05:00.585 [localhost-startStop-1] INFO  org.springframework.boot.web.servlet.FilterRegistrationBean [AbstractFilterRegistrationBean.java:258] - Mapping filter: 'httpPutFormContentFilter' to: [/*]
2018-01-30 14:05:00.585 [localhost-startStop-1] INFO  org.springframework.boot.web.servlet.FilterRegistrationBean [AbstractFilterRegistrationBean.java:258] - Mapping filter: 'requestContextFilter' to: [/*]
2018-01-30 14:05:00.586 [localhost-startStop-1] INFO  org.springframework.boot.web.servlet.FilterRegistrationBean [AbstractFilterRegistrationBean.java:258] - Mapping filter: 'webRequestLoggingFilter' to: [/*]
2018-01-30 14:05:00.586 [localhost-startStop-1] INFO  org.springframework.boot.web.servlet.FilterRegistrationBean [AbstractFilterRegistrationBean.java:258] - Mapping filter: 'applicationContextIdFilter' to: [/*]
2018-01-30 14:05:00.855 [main] WARN  com.netflix.config.sources.URLConfigurationSource [URLConfigurationSource.java:121] - No URLs will be polled as dynamic configuration sources.
2018-01-30 14:05:00.856 [main] INFO  com.netflix.config.sources.URLConfigurationSource [URLConfigurationSource.java:122] - To enable URLs as dynamic configuration sources, define System property archaius.configurationSource.additionalUrls or make config.properties available on classpath.
2018-01-30 14:05:00.872 [main] INFO  com.netflix.config.DynamicPropertyFactory [DynamicPropertyFactory.java:281] - DynamicPropertyFactory is initialized with configuration sources: com.netflix.config.ConcurrentCompositeConfiguration@aaa0f76
2018-01-30 14:05:01.310 [main] WARN  com.netflix.config.sources.URLConfigurationSource [URLConfigurationSource.java:121] - No URLs will be polled as dynamic configuration sources.
2018-01-30 14:05:01.312 [main] INFO  com.netflix.config.sources.URLConfigurationSource [URLConfigurationSource.java:122] - To enable URLs as dynamic configuration sources, define System property archaius.configurationSource.additionalUrls or make config.properties available on classpath.
2018-01-30 14:05:01.778 [main] INFO  org.springframework.web.servlet.mvc.method.annotation.RequestMappingHandlerAdapter [RequestMappingHandlerAdapter.java:534] - Looking for @ControllerAdvice: org.springframework.boot.context.embedded.AnnotationConfigEmbeddedWebApplicationContext@7e928e2f: startup date [Tue Jan 30 14:04:52 CST 2018]; parent: org.springframework.context.annotation.AnnotationConfigApplicationContext@54d9d12d
2018-01-30 14:05:01.938 [main] INFO  org.springframework.web.servlet.mvc.method.annotation.RequestMappingHandlerMapping [AbstractHandlerMethodMapping.java:543] - Mapped "{[/error]}" onto public org.springframework.http.ResponseEntity<java.util.Map<java.lang.String, java.lang.Object>> org.springframework.boot.autoconfigure.web.BasicErrorController.error(javax.servlet.http.HttpServletRequest)
2018-01-30 14:05:01.939 [main] INFO  org.springframework.web.servlet.mvc.method.annotation.RequestMappingHandlerMapping [AbstractHandlerMethodMapping.java:543] - Mapped "{[/error],produces=[text/html]}" onto public org.springframework.web.servlet.ModelAndView org.springframework.boot.autoconfigure.web.BasicErrorController.errorHtml(javax.servlet.http.HttpServletRequest,javax.servlet.http.HttpServletResponse)
2018-01-30 14:05:02.016 [main] INFO  org.springframework.web.servlet.handler.SimpleUrlHandlerMapping [AbstractUrlHandlerMapping.java:362] - Mapped URL path [/webjars/**] onto handler of type [class org.springframework.web.servlet.resource.ResourceHttpRequestHandler]
2018-01-30 14:05:02.017 [main] INFO  org.springframework.web.servlet.handler.SimpleUrlHandlerMapping [AbstractUrlHandlerMapping.java:362] - Mapped URL path [/**] onto handler of type [class org.springframework.web.servlet.resource.ResourceHttpRequestHandler]
2018-01-30 14:05:02.107 [main] INFO  org.springframework.web.servlet.handler.SimpleUrlHandlerMapping [AbstractUrlHandlerMapping.java:362] - Mapped URL path [/**/favicon.ico] onto handler of type [class org.springframework.web.servlet.resource.ResourceHttpRequestHandler]
2018-01-30 14:05:03.215 [main] INFO  org.springframework.boot.actuate.endpoint.mvc.EndpointHandlerMapping [AbstractHandlerMethodMapping.java:543] - Mapped "{[/routes || /routes.json],methods=[POST]}" onto public java.lang.Object org.springframework.cloud.netflix.zuul.RoutesMvcEndpoint.reset()
2018-01-30 14:05:03.216 [main] INFO  org.springframework.boot.actuate.endpoint.mvc.EndpointHandlerMapping [AbstractHandlerMethodMapping.java:543] - Mapped "{[/routes || /routes.json],methods=[GET],params=[format],produces=[application/vnd.spring-boot.actuator.v1+json || application/json]}" onto public java.lang.Object org.springframework.cloud.netflix.zuul.RoutesMvcEndpoint.invokeRouteDetails(java.lang.String)
2018-01-30 14:05:03.217 [main] INFO  org.springframework.boot.actuate.endpoint.mvc.EndpointHandlerMapping [AbstractHandlerMethodMapping.java:543] - Mapped "{[/routes || /routes.json],methods=[GET],produces=[application/vnd.spring-boot.actuator.v1+json || application/json]}" onto public java.lang.Object org.springframework.boot.actuate.endpoint.mvc.EndpointMvcAdapter.invoke()
2018-01-30 14:05:03.218 [main] INFO  org.springframework.boot.actuate.endpoint.mvc.EndpointHandlerMapping [AbstractHandlerMethodMapping.java:543] - Mapped "{[/auditevents || /auditevents.json],methods=[GET],produces=[application/vnd.spring-boot.actuator.v1+json || application/json]}" onto public org.springframework.http.ResponseEntity<?> org.springframework.boot.actuate.endpoint.mvc.AuditEventsMvcEndpoint.findByPrincipalAndAfterAndType(java.lang.String,java.util.Date,java.lang.String)
2018-01-30 14:05:03.220 [main] INFO  org.springframework.boot.actuate.endpoint.mvc.EndpointHandlerMapping [AbstractHandlerMethodMapping.java:543] - Mapped "{[/env/{name:.*}],methods=[GET],produces=[application/vnd.spring-boot.actuator.v1+json || application/json]}" onto public java.lang.Object org.springframework.boot.actuate.endpoint.mvc.EnvironmentMvcEndpoint.value(java.lang.String)
2018-01-30 14:05:03.221 [main] INFO  org.springframework.boot.actuate.endpoint.mvc.EndpointHandlerMapping [AbstractHandlerMethodMapping.java:543] - Mapped "{[/env || /env.json],methods=[GET],produces=[application/vnd.spring-boot.actuator.v1+json || application/json]}" onto public java.lang.Object org.springframework.boot.actuate.endpoint.mvc.EndpointMvcAdapter.invoke()
2018-01-30 14:05:03.222 [main] INFO  org.springframework.boot.actuate.endpoint.mvc.EndpointHandlerMapping [AbstractHandlerMethodMapping.java:543] - Mapped "{[/autoconfig || /autoconfig.json],methods=[GET],produces=[application/vnd.spring-boot.actuator.v1+json || application/json]}" onto public java.lang.Object org.springframework.boot.actuate.endpoint.mvc.EndpointMvcAdapter.invoke()
2018-01-30 14:05:03.223 [main] INFO  org.springframework.boot.actuate.endpoint.mvc.EndpointHandlerMapping [AbstractHandlerMethodMapping.java:543] - Mapped "{[/heapdump || /heapdump.json],methods=[GET],produces=[application/octet-stream]}" onto public void org.springframework.boot.actuate.endpoint.mvc.HeapdumpMvcEndpoint.invoke(boolean,javax.servlet.http.HttpServletRequest,javax.servlet.http.HttpServletResponse) throws java.io.IOException,javax.servlet.ServletException
2018-01-30 14:05:03.225 [main] INFO  org.springframework.boot.actuate.endpoint.mvc.EndpointHandlerMapping [AbstractHandlerMethodMapping.java:543] - Mapped "{[/configprops || /configprops.json],methods=[GET],produces=[application/vnd.spring-boot.actuator.v1+json || application/json]}" onto public java.lang.Object org.springframework.boot.actuate.endpoint.mvc.EndpointMvcAdapter.invoke()
2018-01-30 14:05:03.235 [main] INFO  org.springframework.boot.actuate.endpoint.mvc.EndpointHandlerMapping [AbstractHandlerMethodMapping.java:543] - Mapped "{[/loggers/{name:.*}],methods=[GET],produces=[application/vnd.spring-boot.actuator.v1+json || application/json]}" onto public java.lang.Object org.springframework.boot.actuate.endpoint.mvc.LoggersMvcEndpoint.get(java.lang.String)
2018-01-30 14:05:03.236 [main] INFO  org.springframework.boot.actuate.endpoint.mvc.EndpointHandlerMapping [AbstractHandlerMethodMapping.java:543] - Mapped "{[/loggers/{name:.*}],methods=[POST],consumes=[application/vnd.spring-boot.actuator.v1+json || application/json],produces=[application/vnd.spring-boot.actuator.v1+json || application/json]}" onto public java.lang.Object org.springframework.boot.actuate.endpoint.mvc.LoggersMvcEndpoint.set(java.lang.String,java.util.Map<java.lang.String, java.lang.String>)
2018-01-30 14:05:03.236 [main] INFO  org.springframework.boot.actuate.endpoint.mvc.EndpointHandlerMapping [AbstractHandlerMethodMapping.java:543] - Mapped "{[/loggers || /loggers.json],methods=[GET],produces=[application/vnd.spring-boot.actuator.v1+json || application/json]}" onto public java.lang.Object org.springframework.boot.actuate.endpoint.mvc.EndpointMvcAdapter.invoke()
2018-01-30 14:05:03.239 [main] INFO  org.springframework.boot.actuate.endpoint.mvc.EndpointHandlerMapping [AbstractHandlerMethodMapping.java:543] - Mapped "{[/archaius || /archaius.json],methods=[GET],produces=[application/vnd.spring-boot.actuator.v1+json || application/json]}" onto public java.lang.Object org.springframework.boot.actuate.endpoint.mvc.EndpointMvcAdapter.invoke()
2018-01-30 14:05:03.240 [main] INFO  org.springframework.boot.actuate.endpoint.mvc.EndpointHandlerMapping [AbstractHandlerMethodMapping.java:543] - Mapped "{[/filters || /filters.json],methods=[GET],produces=[application/vnd.spring-boot.actuator.v1+json || application/json]}" onto public java.lang.Object org.springframework.boot.actuate.endpoint.mvc.EndpointMvcAdapter.invoke()
2018-01-30 14:05:03.241 [main] INFO  org.springframework.boot.actuate.endpoint.mvc.EndpointHandlerMapping [AbstractHandlerMethodMapping.java:543] - Mapped "{[/refresh || /refresh.json],methods=[POST]}" onto public java.lang.Object org.springframework.cloud.endpoint.GenericPostableMvcEndpoint.invoke()
2018-01-30 14:05:03.242 [main] INFO  org.springframework.boot.actuate.endpoint.mvc.EndpointHandlerMapping [AbstractHandlerMethodMapping.java:543] - Mapped "{[/env],methods=[POST]}" onto public java.lang.Object org.springframework.cloud.context.environment.EnvironmentManagerMvcEndpoint.value(java.util.Map<java.lang.String, java.lang.String>)
2018-01-30 14:05:03.243 [main] INFO  org.springframework.boot.actuate.endpoint.mvc.EndpointHandlerMapping [AbstractHandlerMethodMapping.java:543] - Mapped "{[/env/reset],methods=[POST]}" onto public java.util.Map<java.lang.String, java.lang.Object> org.springframework.cloud.context.environment.EnvironmentManagerMvcEndpoint.reset()
2018-01-30 14:05:03.244 [main] INFO  org.springframework.boot.actuate.endpoint.mvc.EndpointHandlerMapping [AbstractHandlerMethodMapping.java:543] - Mapped "{[/features || /features.json],methods=[GET],produces=[application/vnd.spring-boot.actuator.v1+json || application/json]}" onto public java.lang.Object org.springframework.boot.actuate.endpoint.mvc.EndpointMvcAdapter.invoke()
2018-01-30 14:05:03.245 [main] INFO  org.springframework.boot.actuate.endpoint.mvc.EndpointHandlerMapping [AbstractHandlerMethodMapping.java:543] - Mapped "{[/service-registry/instance-status],methods=[POST]}" onto public org.springframework.http.ResponseEntity<?> org.springframework.cloud.client.serviceregistry.endpoint.ServiceRegistryEndpoint.setStatus(java.lang.String)
2018-01-30 14:05:03.245 [main] INFO  org.springframework.boot.actuate.endpoint.mvc.EndpointHandlerMapping [AbstractHandlerMethodMapping.java:543] - Mapped "{[/service-registry/instance-status],methods=[GET]}" onto public org.springframework.http.ResponseEntity org.springframework.cloud.client.serviceregistry.endpoint.ServiceRegistryEndpoint.getStatus()
2018-01-30 14:05:03.247 [main] INFO  org.springframework.boot.actuate.endpoint.mvc.EndpointHandlerMapping [AbstractHandlerMethodMapping.java:543] - Mapped "{[/dump || /dump.json],methods=[GET],produces=[application/vnd.spring-boot.actuator.v1+json || application/json]}" onto public java.lang.Object org.springframework.boot.actuate.endpoint.mvc.EndpointMvcAdapter.invoke()
2018-01-30 14:05:03.248 [main] INFO  org.springframework.boot.actuate.endpoint.mvc.EndpointHandlerMapping [AbstractHandlerMethodMapping.java:543] - Mapped "{[/beans || /beans.json],methods=[GET],produces=[application/vnd.spring-boot.actuator.v1+json || application/json]}" onto public java.lang.Object org.springframework.boot.actuate.endpoint.mvc.EndpointMvcAdapter.invoke()
2018-01-30 14:05:03.250 [main] INFO  org.springframework.boot.actuate.endpoint.mvc.EndpointHandlerMapping [AbstractHandlerMethodMapping.java:543] - Mapped "{[/metrics/{name:.*}],methods=[GET],produces=[application/vnd.spring-boot.actuator.v1+json || application/json]}" onto public java.lang.Object org.springframework.boot.actuate.endpoint.mvc.MetricsMvcEndpoint.value(java.lang.String)
2018-01-30 14:05:03.251 [main] INFO  org.springframework.boot.actuate.endpoint.mvc.EndpointHandlerMapping [AbstractHandlerMethodMapping.java:543] - Mapped "{[/metrics || /metrics.json],methods=[GET],produces=[application/vnd.spring-boot.actuator.v1+json || application/json]}" onto public java.lang.Object org.springframework.boot.actuate.endpoint.mvc.EndpointMvcAdapter.invoke()
2018-01-30 14:05:03.252 [main] INFO  org.springframework.boot.actuate.endpoint.mvc.EndpointHandlerMapping [AbstractHandlerMethodMapping.java:543] - Mapped "{[/health || /health.json],methods=[GET],produces=[application/vnd.spring-boot.actuator.v1+json || application/json]}" onto public java.lang.Object org.springframework.boot.actuate.endpoint.mvc.HealthMvcEndpoint.invoke(javax.servlet.http.HttpServletRequest,java.security.Principal)
2018-01-30 14:05:03.253 [main] INFO  org.springframework.boot.actuate.endpoint.mvc.EndpointHandlerMapping [AbstractHandlerMethodMapping.java:543] - Mapped "{[/info || /info.json],methods=[GET],produces=[application/vnd.spring-boot.actuator.v1+json || application/json]}" onto public java.lang.Object org.springframework.boot.actuate.endpoint.mvc.EndpointMvcAdapter.invoke()
2018-01-30 14:05:03.254 [main] INFO  org.springframework.boot.actuate.endpoint.mvc.EndpointHandlerMapping [AbstractHandlerMethodMapping.java:543] - Mapped "{[/trace || /trace.json],methods=[GET],produces=[application/vnd.spring-boot.actuator.v1+json || application/json]}" onto public java.lang.Object org.springframework.boot.actuate.endpoint.mvc.EndpointMvcAdapter.invoke()
2018-01-30 14:05:03.255 [main] INFO  org.springframework.boot.actuate.endpoint.mvc.EndpointHandlerMapping [AbstractHandlerMethodMapping.java:543] - Mapped "{[/mappings || /mappings.json],methods=[GET],produces=[application/vnd.spring-boot.actuator.v1+json || application/json]}" onto public java.lang.Object org.springframework.boot.actuate.endpoint.mvc.EndpointMvcAdapter.invoke()
2018-01-30 14:05:03.256 [main] INFO  org.springframework.boot.actuate.endpoint.mvc.EndpointHandlerMapping [AbstractHandlerMethodMapping.java:543] - Mapped "{[/hystrix.stream/**]}" onto public org.springframework.web.servlet.ModelAndView org.springframework.cloud.netflix.endpoint.ServletWrappingEndpoint.handle(javax.servlet.http.HttpServletRequest,javax.servlet.http.HttpServletResponse) throws java.lang.Exception
2018-01-30 14:05:04.544 [main] INFO  org.springframework.cloud.netflix.zuul.ZuulFilterInitializer [ZuulFilterInitializer.java:65] - Starting filter initializer
2018-01-30 14:05:04.590 [main] WARN  org.springframework.cloud.starter.eureka.EurekaStarterDeprecationWarningAutoConfiguration [EurekaStarterDeprecationWarningAutoConfiguration.java:19] - spring-cloud-starter-eureka is deprecated as of Spring Cloud Netflix 1.4.0, please migrate to spring-cloud-starter-netflix-eureka
2018-01-30 14:05:04.661 [main] INFO  org.springframework.jmx.export.annotation.AnnotationMBeanExporter [MBeanExporter.java:431] - Registering beans for JMX exposure on startup
2018-01-30 14:05:04.675 [main] INFO  org.springframework.jmx.export.annotation.AnnotationMBeanExporter [MBeanExporter.java:916] - Bean with name 'environmentManager' has been autodetected for JMX exposure
2018-01-30 14:05:04.683 [main] INFO  org.springframework.jmx.export.annotation.AnnotationMBeanExporter [MBeanExporter.java:916] - Bean with name 'configurationPropertiesRebinder' has been autodetected for JMX exposure
2018-01-30 14:05:04.686 [main] INFO  org.springframework.jmx.export.annotation.AnnotationMBeanExporter [MBeanExporter.java:916] - Bean with name 'refreshEndpoint' has been autodetected for JMX exposure
2018-01-30 14:05:04.687 [main] INFO  org.springframework.jmx.export.annotation.AnnotationMBeanExporter [MBeanExporter.java:916] - Bean with name 'serviceRegistryEndpoint' has been autodetected for JMX exposure
2018-01-30 14:05:04.689 [main] INFO  org.springframework.jmx.export.annotation.AnnotationMBeanExporter [MBeanExporter.java:916] - Bean with name 'routesEndpoint' has been autodetected for JMX exposure
2018-01-30 14:05:04.690 [main] INFO  org.springframework.jmx.export.annotation.AnnotationMBeanExporter [MBeanExporter.java:916] - Bean with name 'routesMvcEndpoint' has been autodetected for JMX exposure
2018-01-30 14:05:04.692 [main] INFO  org.springframework.jmx.export.annotation.AnnotationMBeanExporter [MBeanExporter.java:916] - Bean with name 'filtersEndpoint' has been autodetected for JMX exposure
2018-01-30 14:05:04.693 [main] INFO  org.springframework.jmx.export.annotation.AnnotationMBeanExporter [MBeanExporter.java:916] - Bean with name 'refreshScope' has been autodetected for JMX exposure
2018-01-30 14:05:04.697 [main] INFO  org.springframework.jmx.export.annotation.AnnotationMBeanExporter [MBeanExporter.java:678] - Located managed bean 'environmentManager': registering with JMX server as MBean [org.springframework.cloud.context.environment:name=environmentManager,type=EnvironmentManager]
2018-01-30 14:05:04.715 [main] INFO  org.springframework.jmx.export.annotation.AnnotationMBeanExporter [MBeanExporter.java:678] - Located managed bean 'routesEndpoint': registering with JMX server as MBean [org.springframework.cloud.netflix.zuul:name=routesEndpoint,type=RoutesEndpoint]
2018-01-30 14:05:04.721 [main] WARN  org.springframework.jmx.export.annotation.AnnotationMBeanExporter [MBeanExporter.java:849] - Bean with key 'routesEndpoint' has been registered as an MBean but has no exposed attributes or operations
2018-01-30 14:05:04.722 [main] INFO  org.springframework.jmx.export.annotation.AnnotationMBeanExporter [MBeanExporter.java:678] - Located managed bean 'routesMvcEndpoint': registering with JMX server as MBean [org.springframework.cloud.netflix.zuul:name=routesMvcEndpoint,type=RoutesMvcEndpoint]
2018-01-30 14:05:04.738 [main] INFO  org.springframework.jmx.export.annotation.AnnotationMBeanExporter [MBeanExporter.java:678] - Located managed bean 'serviceRegistryEndpoint': registering with JMX server as MBean [org.springframework.cloud.client.serviceregistry.endpoint:name=serviceRegistryEndpoint,type=ServiceRegistryEndpoint]
2018-01-30 14:05:04.781 [main] INFO  org.springframework.jmx.export.annotation.AnnotationMBeanExporter [MBeanExporter.java:678] - Located managed bean 'filtersEndpoint': registering with JMX server as MBean [org.springframework.cloud.netflix.zuul:name=filtersEndpoint,type=FiltersEndpoint]
2018-01-30 14:05:04.783 [main] WARN  org.springframework.jmx.export.annotation.AnnotationMBeanExporter [MBeanExporter.java:849] - Bean with key 'filtersEndpoint' has been registered as an MBean but has no exposed attributes or operations
2018-01-30 14:05:04.792 [main] INFO  org.springframework.jmx.export.annotation.AnnotationMBeanExporter [MBeanExporter.java:678] - Located managed bean 'refreshScope': registering with JMX server as MBean [org.springframework.cloud.context.scope.refresh:name=refreshScope,type=RefreshScope]
2018-01-30 14:05:04.826 [main] INFO  org.springframework.jmx.export.annotation.AnnotationMBeanExporter [MBeanExporter.java:678] - Located managed bean 'configurationPropertiesRebinder': registering with JMX server as MBean [org.springframework.cloud.context.properties:name=configurationPropertiesRebinder,context=7e928e2f,type=ConfigurationPropertiesRebinder]
2018-01-30 14:05:04.837 [main] INFO  org.springframework.jmx.export.annotation.AnnotationMBeanExporter [MBeanExporter.java:678] - Located managed bean 'refreshEndpoint': registering with JMX server as MBean [org.springframework.cloud.endpoint:name=refreshEndpoint,type=RefreshEndpoint]
2018-01-30 14:05:04.843 [main] INFO  org.springframework.boot.actuate.endpoint.jmx.EndpointMBeanExporter [MBeanExporter.java:431] - Registering beans for JMX exposure on startup
2018-01-30 14:05:04.871 [main] INFO  org.springframework.context.support.DefaultLifecycleProcessor [DefaultLifecycleProcessor.java:343] - Starting beans in phase 0
2018-01-30 14:05:04.883 [main] INFO  org.springframework.cloud.netflix.eureka.InstanceInfoFactory [InstanceInfoFactory.java:71] - Setting initial instance status as: STARTING
2018-01-30 14:05:04.947 [main] INFO  com.netflix.discovery.DiscoveryClient [DiscoveryClient.java:347] - Initializing Eureka in region us-east-1
2018-01-30 14:05:05.092 [main] INFO  com.netflix.discovery.provider.DiscoveryJerseyProvider [DiscoveryJerseyProvider.java:70] - Using JSON encoding codec LegacyJacksonJson
2018-01-30 14:05:05.093 [main] INFO  com.netflix.discovery.provider.DiscoveryJerseyProvider [DiscoveryJerseyProvider.java:71] - Using JSON decoding codec LegacyJacksonJson
2018-01-30 14:05:05.315 [main] INFO  com.netflix.discovery.provider.DiscoveryJerseyProvider [DiscoveryJerseyProvider.java:80] - Using XML encoding codec XStreamXml
2018-01-30 14:05:05.315 [main] INFO  com.netflix.discovery.provider.DiscoveryJerseyProvider [DiscoveryJerseyProvider.java:81] - Using XML decoding codec XStreamXml
2018-01-30 14:05:05.766 [main] INFO  com.netflix.discovery.shared.resolver.aws.ConfigClusterResolver [ConfigClusterResolver.java:43] - Resolving eureka endpoints via configuration
2018-01-30 14:05:06.119 [main] INFO  com.netflix.discovery.DiscoveryClient [DiscoveryClient.java:929] - Disable delta property : false
2018-01-30 14:05:06.119 [main] INFO  com.netflix.discovery.DiscoveryClient [DiscoveryClient.java:930] - Single vip registry refresh property : null
2018-01-30 14:05:06.120 [main] INFO  com.netflix.discovery.DiscoveryClient [DiscoveryClient.java:931] - Force full registry fetch : false
2018-01-30 14:05:06.120 [main] INFO  com.netflix.discovery.DiscoveryClient [DiscoveryClient.java:932] - Application is null : false
2018-01-30 14:05:06.120 [main] INFO  com.netflix.discovery.DiscoveryClient [DiscoveryClient.java:933] - Registered Applications size is zero : true
2018-01-30 14:05:06.122 [main] INFO  com.netflix.discovery.DiscoveryClient [DiscoveryClient.java:935] - Application version is -1: true
2018-01-30 14:05:06.122 [main] INFO  com.netflix.discovery.DiscoveryClient [DiscoveryClient.java:1018] - Getting all instance registry info from the eureka server
2018-01-30 14:05:06.394 [main] INFO  com.netflix.discovery.DiscoveryClient [DiscoveryClient.java:1027] - The response status is 200
2018-01-30 14:05:06.395 [main] INFO  com.netflix.discovery.DiscoveryClient [DiscoveryClient.java:1253] - Starting heartbeat executor: renew interval is: 30
2018-01-30 14:05:06.401 [main] INFO  com.netflix.discovery.InstanceInfoReplicator [InstanceInfoReplicator.java:59] - InstanceInfoReplicator onDemand update allowed rate per min is 4
2018-01-30 14:05:06.405 [main] INFO  com.netflix.discovery.DiscoveryClient [DiscoveryClient.java:434] - Discovery Client initialized at timestamp 1517292306405 with initial instances count: 2
2018-01-30 14:05:06.414 [main] INFO  org.springframework.cloud.netflix.eureka.serviceregistry.EurekaServiceRegistry [EurekaServiceRegistry.java:40] - Registering application Api-Service-Gateway with eureka with status UP
2018-01-30 14:05:06.415 [main] INFO  com.netflix.discovery.DiscoveryClient [DiscoveryClient.java:1288] - Saw local status change event StatusChangeEvent [timestamp=1517292306415, current=UP, previous=STARTING]
2018-01-30 14:05:06.420 [DiscoveryClient-InstanceInfoReplicator-0] INFO  com.netflix.discovery.DiscoveryClient [DiscoveryClient.java:804] - DiscoveryClient_API-SERVICE-GATEWAY/localhost:Api-Service-Gateway:2000: registering service...
2018-01-30 14:05:06.444 [main] INFO  org.springframework.boot.actuate.endpoint.jmx.EndpointMBeanExporter [MBeanExporter.java:678] - Located managed bean 'auditEventsEndpoint': registering with JMX server as MBean [org.springframework.boot:type=Endpoint,name=auditEventsEndpoint]
2018-01-30 14:05:06.467 [main] INFO  org.springframework.boot.actuate.endpoint.jmx.EndpointMBeanExporter [MBeanExporter.java:678] - Located managed bean 'archaiusEndpoint': registering with JMX server as MBean [org.springframework.boot:type=Endpoint,name=archaiusEndpoint]
2018-01-30 14:05:06.481 [DiscoveryClient-InstanceInfoReplicator-0] INFO  com.netflix.discovery.DiscoveryClient [DiscoveryClient.java:813] - DiscoveryClient_API-SERVICE-GATEWAY/localhost:Api-Service-Gateway:2000 - registration status: 204
2018-01-30 14:05:06.485 [main] INFO  org.springframework.boot.actuate.endpoint.jmx.EndpointMBeanExporter [MBeanExporter.java:678] - Located managed bean 'featuresEndpoint': registering with JMX server as MBean [org.springframework.boot:type=Endpoint,name=featuresEndpoint]
2018-01-30 14:05:06.490 [main] INFO  org.springframework.boot.actuate.endpoint.jmx.EndpointMBeanExporter [MBeanExporter.java:678] - Located managed bean 'requestMappingEndpoint': registering with JMX server as MBean [org.springframework.boot:type=Endpoint,name=requestMappingEndpoint]
2018-01-30 14:05:06.495 [main] INFO  org.springframework.boot.actuate.endpoint.jmx.EndpointMBeanExporter [MBeanExporter.java:678] - Located managed bean 'environmentEndpoint': registering with JMX server as MBean [org.springframework.boot:type=Endpoint,name=environmentEndpoint]
2018-01-30 14:05:06.500 [main] INFO  org.springframework.boot.actuate.endpoint.jmx.EndpointMBeanExporter [MBeanExporter.java:678] - Located managed bean 'healthEndpoint': registering with JMX server as MBean [org.springframework.boot:type=Endpoint,name=healthEndpoint]
2018-01-30 14:05:06.503 [main] INFO  org.springframework.boot.actuate.endpoint.jmx.EndpointMBeanExporter [MBeanExporter.java:678] - Located managed bean 'beansEndpoint': registering with JMX server as MBean [org.springframework.boot:type=Endpoint,name=beansEndpoint]
2018-01-30 14:05:06.508 [main] INFO  org.springframework.boot.actuate.endpoint.jmx.EndpointMBeanExporter [MBeanExporter.java:678] - Located managed bean 'infoEndpoint': registering with JMX server as MBean [org.springframework.boot:type=Endpoint,name=infoEndpoint]
2018-01-30 14:05:06.511 [main] INFO  org.springframework.boot.actuate.endpoint.jmx.EndpointMBeanExporter [MBeanExporter.java:678] - Located managed bean 'loggersEndpoint': registering with JMX server as MBean [org.springframework.boot:type=Endpoint,name=loggersEndpoint]
2018-01-30 14:05:06.520 [main] INFO  org.springframework.boot.actuate.endpoint.jmx.EndpointMBeanExporter [MBeanExporter.java:678] - Located managed bean 'metricsEndpoint': registering with JMX server as MBean [org.springframework.boot:type=Endpoint,name=metricsEndpoint]
2018-01-30 14:05:06.522 [main] INFO  org.springframework.boot.actuate.endpoint.jmx.EndpointMBeanExporter [MBeanExporter.java:678] - Located managed bean 'traceEndpoint': registering with JMX server as MBean [org.springframework.boot:type=Endpoint,name=traceEndpoint]
2018-01-30 14:05:06.526 [main] INFO  org.springframework.boot.actuate.endpoint.jmx.EndpointMBeanExporter [MBeanExporter.java:678] - Located managed bean 'dumpEndpoint': registering with JMX server as MBean [org.springframework.boot:type=Endpoint,name=dumpEndpoint]
2018-01-30 14:05:06.530 [main] INFO  org.springframework.boot.actuate.endpoint.jmx.EndpointMBeanExporter [MBeanExporter.java:678] - Located managed bean 'autoConfigurationReportEndpoint': registering with JMX server as MBean [org.springframework.boot:type=Endpoint,name=autoConfigurationReportEndpoint]
2018-01-30 14:05:06.534 [main] INFO  org.springframework.boot.actuate.endpoint.jmx.EndpointMBeanExporter [MBeanExporter.java:678] - Located managed bean 'configurationPropertiesReportEndpoint': registering with JMX server as MBean [org.springframework.boot:type=Endpoint,name=configurationPropertiesReportEndpoint]
2018-01-30 14:05:06.536 [main] INFO  org.springframework.context.support.DefaultLifecycleProcessor [DefaultLifecycleProcessor.java:343] - Starting beans in phase 2147483647
2018-01-30 14:05:06.542 [main] INFO  org.springframework.cloud.netflix.hystrix.HystrixCircuitBreakerConfiguration$HystrixMetricsPollerConfiguration [HystrixCircuitBreakerConfiguration.java:138] - Starting poller
2018-01-30 14:05:06.579 [main] INFO  org.apache.coyote.http11.Http11NioProtocol [DirectJDKLog.java:179] - Initializing ProtocolHandler ["http-nio-2000"]
2018-01-30 14:05:06.609 [main] INFO  org.apache.coyote.http11.Http11NioProtocol [DirectJDKLog.java:179] - Starting ProtocolHandler ["http-nio-2000"]
2018-01-30 14:05:06.655 [main] INFO  org.apache.tomcat.util.net.NioSelectorPool [DirectJDKLog.java:179] - Using a shared selector for servlet write/read
2018-01-30 14:05:06.727 [main] INFO  org.springframework.boot.context.embedded.tomcat.TomcatEmbeddedServletContainer [TomcatEmbeddedServletContainer.java:201] - Tomcat started on port(s): 2000 (http)
2018-01-30 14:05:06.729 [main] INFO  org.springframework.cloud.netflix.eureka.serviceregistry.EurekaAutoServiceRegistration [EurekaAutoServiceRegistration.java:124] - Updating port to 2000
2018-01-30 14:05:06.735 [main] INFO  com.google.gateway.ApiServiceGatewayApplication [StartupInfoLogger.java:57] - Started ApiServiceGatewayApplication in 20.706 seconds (JVM running for 21.839)
2018-01-30 14:08:28.616 [http-nio-2000-exec-10] INFO  org.apache.catalina.core.ContainerBase.[Tomcat].[localhost].[/] [DirectJDKLog.java:179] - Initializing Spring FrameworkServlet 'dispatcherServlet'
2018-01-30 14:08:28.617 [http-nio-2000-exec-10] INFO  org.springframework.web.servlet.DispatcherServlet [FrameworkServlet.java:489] - FrameworkServlet 'dispatcherServlet': initialization started
2018-01-30 14:08:28.691 [http-nio-2000-exec-10] INFO  org.springframework.web.servlet.DispatcherServlet [FrameworkServlet.java:508] - FrameworkServlet 'dispatcherServlet': initialization completed in 72 ms
2018-01-30 14:08:28.733 [http-nio-2000-exec-10] INFO  org.springframework.cloud.netflix.zuul.web.ZuulHandlerMapping [AbstractUrlHandlerMapping.java:362] - Mapped URL path [/Api-App/**] onto handler of type [class org.springframework.cloud.netflix.zuul.web.ZuulController]
2018-01-30 14:08:28.733 [http-nio-2000-exec-10] INFO  org.springframework.cloud.netflix.zuul.web.ZuulHandlerMapping [AbstractUrlHandlerMapping.java:362] - Mapped URL path [/api-b/**] onto handler of type [class org.springframework.cloud.netflix.zuul.web.ZuulController]
2018-01-30 14:08:28.734 [http-nio-2000-exec-10] INFO  org.springframework.cloud.netflix.zuul.web.ZuulHandlerMapping [AbstractUrlHandlerMapping.java:362] - Mapped URL path [/appservice/**] onto handler of type [class org.springframework.cloud.netflix.zuul.web.ZuulController]
2018-01-30 14:08:28.734 [http-nio-2000-exec-10] INFO  org.springframework.cloud.netflix.zuul.web.ZuulHandlerMapping [AbstractUrlHandlerMapping.java:362] - Mapped URL path [/config-server/**] onto handler of type [class org.springframework.cloud.netflix.zuul.web.ZuulController]
2018-01-30 14:08:28.734 [http-nio-2000-exec-10] INFO  org.springframework.cloud.netflix.zuul.web.ZuulHandlerMapping [AbstractUrlHandlerMapping.java:362] - Mapped URL path [/api-service-gateway/**] onto handler of type [class org.springframework.cloud.netflix.zuul.web.ZuulController]
2018-01-30 14:08:58.273 [http-nio-2000-exec-7] INFO  com.google.gateway.filter.PreRequestFilter [PreRequestFilter.java:84] - ip=0:0:0:0:0:0:0:1, req=/Api-App/ti
2018-01-30 14:08:58.311 [http-nio-2000-exec-7] INFO  com.google.gateway.filter.PreRequestFilter [PreRequestFilter.java:103] - 安全请求/Api-App/ti
2018-01-30 14:08:58.329 [http-nio-2000-exec-7] INFO  org.springframework.context.annotation.AnnotationConfigApplicationContext [AbstractApplicationContext.java:583] - Refreshing org.springframework.context.annotation.AnnotationConfigApplicationContext@7a231381: startup date [Tue Jan 30 14:08:58 CST 2018]; parent: org.springframework.boot.context.embedded.AnnotationConfigEmbeddedWebApplicationContext@7e928e2f
2018-01-30 14:08:58.438 [http-nio-2000-exec-7] INFO  org.springframework.beans.factory.annotation.AutowiredAnnotationBeanPostProcessor [AutowiredAnnotationBeanPostProcessor.java:155] - JSR-330 'javax.inject.Inject' annotation found and supported for autowiring
2018-01-30 14:08:58.824 [http-nio-2000-exec-7] INFO  com.netflix.config.ChainedDynamicProperty [ChainedDynamicProperty.java:115] - Flipping property: App-Service.ribbon.ActiveConnectionsLimit to use NEXT property: niws.loadbalancer.availabilityFilteringRule.activeConnectionsLimit = 2147483647
2018-01-30 14:08:58.856 [http-nio-2000-exec-7] INFO  com.netflix.util.concurrent.ShutdownEnabledTimer [ShutdownEnabledTimer.java:58] - Shutdown hook installed for: NFLoadBalancer-PingTimer-App-Service
2018-01-30 14:08:58.862 [http-nio-2000-exec-7] INFO  com.netflix.loadbalancer.BaseLoadBalancer [BaseLoadBalancer.java:192] - Client: App-Service instantiated a LoadBalancer: DynamicServerListLoadBalancer:{NFLoadBalancer:name=App-Service,current list of Servers=[],Load balancer stats=Zone stats: {},Server stats: []}ServerList:null
2018-01-30 14:08:58.881 [http-nio-2000-exec-7] INFO  com.netflix.loadbalancer.DynamicServerListLoadBalancer [DynamicServerListLoadBalancer.java:222] - Using serverListUpdater PollingServerListUpdater
2018-01-30 14:08:58.889 [http-nio-2000-exec-7] INFO  com.netflix.loadbalancer.DynamicServerListLoadBalancer [DynamicServerListLoadBalancer.java:150] - DynamicServerListLoadBalancer for client App-Service initialized: DynamicServerListLoadBalancer:{NFLoadBalancer:name=App-Service,current list of Servers=[],Load balancer stats=Zone stats: {},Server stats: []}ServerList:org.springframework.cloud.netflix.ribbon.eureka.DomainExtractingServerList@43dbf5b3
2018-01-30 14:08:58.998 [http-nio-2000-exec-7] WARN  org.springframework.cloud.netflix.zuul.filters.route.support.AbstractRibbonCommand [AbstractRibbonCommand.java:111] - The Hystrix timeout of 30000ms for the command App-Service is set lower than the combination of the Ribbon read and connect timeout, 40000ms.
2018-01-30 14:08:59.371 [http-nio-2000-exec-7] ERROR com.google.gateway.config.ZuulFallbackConfig [ZuulFallbackConfig.java:73] - 路由失败回调,req=/Api-App/ti
2018-01-30 14:10:06.126 [AsyncResolver-bootstrap-executor-0] INFO  com.netflix.discovery.shared.resolver.aws.ConfigClusterResolver [ConfigClusterResolver.java:43] - Resolving eureka endpoints via configuration
2018-01-30 14:15:06.128 [AsyncResolver-bootstrap-executor-0] INFO  com.netflix.discovery.shared.resolver.aws.ConfigClusterResolver [ConfigClusterResolver.java:43] - Resolving eureka endpoints via configuration
2018-01-30 14:20:06.129 [AsyncResolver-bootstrap-executor-0] INFO  com.netflix.discovery.shared.resolver.aws.ConfigClusterResolver [ConfigClusterResolver.java:43] - Resolving eureka endpoints via configuration
2018-01-30 14:25:06.131 [AsyncResolver-bootstrap-executor-0] INFO  com.netflix.discovery.shared.resolver.aws.ConfigClusterResolver [ConfigClusterResolver.java:43] - Resolving eureka endpoints via configuration
2018-01-30 14:30:06.132 [AsyncResolver-bootstrap-executor-0] INFO  com.netflix.discovery.shared.resolver.aws.ConfigClusterResolver [ConfigClusterResolver.java:43] - Resolving eureka endpoints via configuration
