2018-02-22 16:03:36.230 [AsyncResolver-bootstrap-executor-0] INFO  com.netflix.discovery.shared.resolver.aws.ConfigClusterResolver [ConfigClusterResolver.java:43] - Resolving eureka endpoints via configuration
2018-02-22 16:08:36.245 [AsyncResolver-bootstrap-executor-0] INFO  com.netflix.discovery.shared.resolver.aws.ConfigClusterResolver [ConfigClusterResolver.java:43] - Resolving eureka endpoints via configuration
2018-02-22 16:13:36.248 [AsyncResolver-bootstrap-executor-0] INFO  com.netflix.discovery.shared.resolver.aws.ConfigClusterResolver [ConfigClusterResolver.java:43] - Resolving eureka endpoints via configuration
2018-02-22 16:18:36.251 [AsyncResolver-bootstrap-executor-0] INFO  com.netflix.discovery.shared.resolver.aws.ConfigClusterResolver [ConfigClusterResolver.java:43] - Resolving eureka endpoints via configuration
2018-02-22 16:23:36.256 [AsyncResolver-bootstrap-executor-0] INFO  com.netflix.discovery.shared.resolver.aws.ConfigClusterResolver [ConfigClusterResolver.java:43] - Resolving eureka endpoints via configuration
2018-02-22 16:28:36.258 [AsyncResolver-bootstrap-executor-0] INFO  com.netflix.discovery.shared.resolver.aws.ConfigClusterResolver [ConfigClusterResolver.java:43] - Resolving eureka endpoints via configuration
2018-02-22 16:33:36.260 [AsyncResolver-bootstrap-executor-0] INFO  com.netflix.discovery.shared.resolver.aws.ConfigClusterResolver [ConfigClusterResolver.java:43] - Resolving eureka endpoints via configuration
2018-02-22 16:38:36.262 [AsyncResolver-bootstrap-executor-0] INFO  com.netflix.discovery.shared.resolver.aws.ConfigClusterResolver [ConfigClusterResolver.java:43] - Resolving eureka endpoints via configuration
2018-02-22 16:43:36.265 [AsyncResolver-bootstrap-executor-0] INFO  com.netflix.discovery.shared.resolver.aws.ConfigClusterResolver [ConfigClusterResolver.java:43] - Resolving eureka endpoints via configuration
2018-02-22 16:46:20.328 [http-nio-2000-exec-1] INFO  org.apache.catalina.core.ContainerBase.[Tomcat].[localhost].[/] [DirectJDKLog.java:179] - Initializing Spring FrameworkServlet 'dispatcherServlet'
2018-02-22 16:46:20.329 [http-nio-2000-exec-1] INFO  org.springframework.web.servlet.DispatcherServlet [FrameworkServlet.java:489] - FrameworkServlet 'dispatcherServlet': initialization started
2018-02-22 16:46:20.440 [http-nio-2000-exec-1] INFO  org.springframework.web.servlet.DispatcherServlet [FrameworkServlet.java:508] - FrameworkServlet 'dispatcherServlet': initialization completed in 110 ms
2018-02-22 16:46:20.487 [http-nio-2000-exec-1] INFO  org.springframework.cloud.netflix.zuul.web.ZuulHandlerMapping [AbstractUrlHandlerMapping.java:362] - Mapped URL path [/Api-App/**] onto handler of type [class org.springframework.cloud.netflix.zuul.web.ZuulController]
2018-02-22 16:46:20.489 [http-nio-2000-exec-1] INFO  org.springframework.cloud.netflix.zuul.web.ZuulHandlerMapping [AbstractUrlHandlerMapping.java:362] - Mapped URL path [/api-b/**] onto handler of type [class org.springframework.cloud.netflix.zuul.web.ZuulController]
2018-02-22 16:46:20.489 [http-nio-2000-exec-1] INFO  org.springframework.cloud.netflix.zuul.web.ZuulHandlerMapping [AbstractUrlHandlerMapping.java:362] - Mapped URL path [/zipkin-server/**] onto handler of type [class org.springframework.cloud.netflix.zuul.web.ZuulController]
2018-02-22 16:46:20.490 [http-nio-2000-exec-1] INFO  org.springframework.cloud.netflix.zuul.web.ZuulHandlerMapping [AbstractUrlHandlerMapping.java:362] - Mapped URL path [/config-server/**] onto handler of type [class org.springframework.cloud.netflix.zuul.web.ZuulController]
2018-02-22 16:46:20.490 [http-nio-2000-exec-1] INFO  org.springframework.cloud.netflix.zuul.web.ZuulHandlerMapping [AbstractUrlHandlerMapping.java:362] - Mapped URL path [/api-service-gateway/**] onto handler of type [class org.springframework.cloud.netflix.zuul.web.ZuulController]
2018-02-22 16:46:20.491 [http-nio-2000-exec-1] INFO  org.springframework.cloud.netflix.zuul.web.ZuulHandlerMapping [AbstractUrlHandlerMapping.java:362] - Mapped URL path [/service/**] onto handler of type [class org.springframework.cloud.netflix.zuul.web.ZuulController]
2018-02-22 16:46:20.491 [http-nio-2000-exec-1] INFO  org.springframework.cloud.netflix.zuul.web.ZuulHandlerMapping [AbstractUrlHandlerMapping.java:362] - Mapped URL path [/common/**] onto handler of type [class org.springframework.cloud.netflix.zuul.web.ZuulController]
2018-02-22 16:46:20.492 [http-nio-2000-exec-1] INFO  org.springframework.cloud.netflix.zuul.web.ZuulHandlerMapping [AbstractUrlHandlerMapping.java:362] - Mapped URL path [/appservice/**] onto handler of type [class org.springframework.cloud.netflix.zuul.web.ZuulController]
2018-02-22 16:46:20.545 [http-nio-2000-exec-1] INFO  com.google.gateway.filter.PreRequestFilter [PreRequestFilter.java:104] - ip=0:0:0:0:0:0:0:1, req=/Api-App/login
2018-02-22 16:46:20.614 [http-nio-2000-exec-1] INFO  com.google.gateway.filter.PreRequestFilter [PreRequestFilter.java:123] - 安全请求/Api-App/login
2018-02-22 16:46:20.648 [http-nio-2000-exec-1] INFO  org.springframework.context.annotation.AnnotationConfigApplicationContext [AbstractApplicationContext.java:583] - Refreshing org.springframework.context.annotation.AnnotationConfigApplicationContext@6a41c20a: startup date [Thu Feb 22 16:46:20 CST 2018]; parent: org.springframework.boot.context.embedded.AnnotationConfigEmbeddedWebApplicationContext@2cae1042
2018-02-22 16:46:20.809 [http-nio-2000-exec-1] INFO  org.springframework.beans.factory.annotation.AutowiredAnnotationBeanPostProcessor [AutowiredAnnotationBeanPostProcessor.java:155] - JSR-330 'javax.inject.Inject' annotation found and supported for autowiring
2018-02-22 16:46:21.467 [http-nio-2000-exec-1] INFO  com.netflix.config.ChainedDynamicProperty [ChainedDynamicProperty.java:115] - Flipping property: App-Service.ribbon.ActiveConnectionsLimit to use NEXT property: niws.loadbalancer.availabilityFilteringRule.activeConnectionsLimit = 2147483647
2018-02-22 16:46:21.527 [http-nio-2000-exec-1] INFO  com.netflix.util.concurrent.ShutdownEnabledTimer [ShutdownEnabledTimer.java:58] - Shutdown hook installed for: NFLoadBalancer-PingTimer-App-Service
2018-02-22 16:46:21.536 [http-nio-2000-exec-1] INFO  com.netflix.loadbalancer.BaseLoadBalancer [BaseLoadBalancer.java:192] - Client: App-Service instantiated a LoadBalancer: DynamicServerListLoadBalancer:{NFLoadBalancer:name=App-Service,current list of Servers=[],Load balancer stats=Zone stats: {},Server stats: []}ServerList:null
2018-02-22 16:46:21.550 [http-nio-2000-exec-1] INFO  com.netflix.loadbalancer.DynamicServerListLoadBalancer [DynamicServerListLoadBalancer.java:222] - Using serverListUpdater PollingServerListUpdater
2018-02-22 16:46:21.558 [http-nio-2000-exec-1] INFO  com.netflix.loadbalancer.DynamicServerListLoadBalancer [DynamicServerListLoadBalancer.java:150] - DynamicServerListLoadBalancer for client App-Service initialized: DynamicServerListLoadBalancer:{NFLoadBalancer:name=App-Service,current list of Servers=[],Load balancer stats=Zone stats: {},Server stats: []}ServerList:org.springframework.cloud.netflix.ribbon.eureka.DomainExtractingServerList@2b5dab49
2018-02-22 16:46:22.121 [http-nio-2000-exec-1] ERROR com.google.gateway.config.ZuulFallbackConfig [ZuulFallbackConfig.java:93] - 路由失败回调，错误信息=Load balancer does not have available server for client: App-Service,req=/Api-App/login
2018-02-22 16:48:36.266 [AsyncResolver-bootstrap-executor-0] INFO  com.netflix.discovery.shared.resolver.aws.ConfigClusterResolver [ConfigClusterResolver.java:43] - Resolving eureka endpoints via configuration
2018-02-22 16:53:36.267 [AsyncResolver-bootstrap-executor-0] INFO  com.netflix.discovery.shared.resolver.aws.ConfigClusterResolver [ConfigClusterResolver.java:43] - Resolving eureka endpoints via configuration
2018-02-22 16:58:36.269 [AsyncResolver-bootstrap-executor-0] INFO  com.netflix.discovery.shared.resolver.aws.ConfigClusterResolver [ConfigClusterResolver.java:43] - Resolving eureka endpoints via configuration
2018-02-22 17:01:06.706 [http-nio-2000-exec-5] INFO  com.google.gateway.filter.PreRequestFilter [PreRequestFilter.java:104] - ip=0:0:0:0:0:0:0:1, req=/Api-App/login
2018-02-22 17:01:06.720 [http-nio-2000-exec-5] INFO  com.google.gateway.filter.PreRequestFilter [PreRequestFilter.java:123] - 安全请求/Api-App/login
2018-02-22 17:01:06.723 [http-nio-2000-exec-5] ERROR com.google.gateway.config.ZuulFallbackConfig [ZuulFallbackConfig.java:93] - 路由失败回调，错误信息=Load balancer does not have available server for client: App-Service,req=/Api-App/login
2018-02-22 17:01:08.721 [http-nio-2000-exec-7] INFO  org.springframework.cloud.netflix.zuul.web.ZuulHandlerMapping [AbstractUrlHandlerMapping.java:362] - Mapped URL path [/app-service/**] onto handler of type [class org.springframework.cloud.netflix.zuul.web.ZuulController]
2018-02-22 17:01:08.726 [http-nio-2000-exec-7] INFO  com.google.gateway.filter.PreRequestFilter [PreRequestFilter.java:104] - ip=0:0:0:0:0:0:0:1, req=/Api-App/login
2018-02-22 17:01:08.726 [http-nio-2000-exec-7] INFO  com.google.gateway.filter.PreRequestFilter [PreRequestFilter.java:123] - 安全请求/Api-App/login
2018-02-22 17:01:08.729 [http-nio-2000-exec-7] ERROR com.google.gateway.config.ZuulFallbackConfig [ZuulFallbackConfig.java:93] - 路由失败回调，错误信息=Load balancer does not have available server for client: App-Service,req=/Api-App/login
2018-02-22 17:01:09.809 [http-nio-2000-exec-9] INFO  com.google.gateway.filter.PreRequestFilter [PreRequestFilter.java:104] - ip=0:0:0:0:0:0:0:1, req=/Api-App/login
2018-02-22 17:01:09.811 [http-nio-2000-exec-9] INFO  com.google.gateway.filter.PreRequestFilter [PreRequestFilter.java:123] - 安全请求/Api-App/login
2018-02-22 17:01:09.814 [http-nio-2000-exec-9] ERROR com.google.gateway.config.ZuulFallbackConfig [ZuulFallbackConfig.java:93] - 路由失败回调，错误信息=Load balancer does not have available server for client: App-Service,req=/Api-App/login
2018-02-22 17:01:10.007 [http-nio-2000-exec-1] INFO  com.google.gateway.filter.PreRequestFilter [PreRequestFilter.java:104] - ip=0:0:0:0:0:0:0:1, req=/Api-App/login
2018-02-22 17:01:10.008 [http-nio-2000-exec-1] INFO  com.google.gateway.filter.PreRequestFilter [PreRequestFilter.java:123] - 安全请求/Api-App/login
2018-02-22 17:01:10.011 [http-nio-2000-exec-1] ERROR com.google.gateway.config.ZuulFallbackConfig [ZuulFallbackConfig.java:93] - 路由失败回调，错误信息=Load balancer does not have available server for client: App-Service,req=/Api-App/login
2018-02-22 17:01:10.381 [http-nio-2000-exec-3] INFO  com.google.gateway.filter.PreRequestFilter [PreRequestFilter.java:104] - ip=0:0:0:0:0:0:0:1, req=/Api-App/login
2018-02-22 17:01:10.382 [http-nio-2000-exec-3] INFO  com.google.gateway.filter.PreRequestFilter [PreRequestFilter.java:123] - 安全请求/Api-App/login
2018-02-22 17:01:10.383 [http-nio-2000-exec-3] ERROR com.google.gateway.config.ZuulFallbackConfig [ZuulFallbackConfig.java:93] - 路由失败回调，错误信息=Load balancer does not have available server for client: App-Service,req=/Api-App/login
2018-02-22 17:01:10.566 [http-nio-2000-exec-5] INFO  com.google.gateway.filter.PreRequestFilter [PreRequestFilter.java:104] - ip=0:0:0:0:0:0:0:1, req=/Api-App/login
2018-02-22 17:01:10.566 [http-nio-2000-exec-5] INFO  com.google.gateway.filter.PreRequestFilter [PreRequestFilter.java:123] - 安全请求/Api-App/login
2018-02-22 17:01:10.568 [http-nio-2000-exec-5] ERROR com.google.gateway.config.ZuulFallbackConfig [ZuulFallbackConfig.java:93] - 路由失败回调，错误信息=Load balancer does not have available server for client: App-Service,req=/Api-App/login
2018-02-22 17:01:10.749 [http-nio-2000-exec-7] INFO  com.google.gateway.filter.PreRequestFilter [PreRequestFilter.java:104] - ip=0:0:0:0:0:0:0:1, req=/Api-App/login
2018-02-22 17:01:10.749 [http-nio-2000-exec-7] INFO  com.google.gateway.filter.PreRequestFilter [PreRequestFilter.java:123] - 安全请求/Api-App/login
2018-02-22 17:01:10.751 [http-nio-2000-exec-7] ERROR com.google.gateway.config.ZuulFallbackConfig [ZuulFallbackConfig.java:93] - 路由失败回调，错误信息=Load balancer does not have available server for client: App-Service,req=/Api-App/login
2018-02-22 17:01:22.680 [PollingServerListUpdater-0] INFO  com.netflix.config.ChainedDynamicProperty [ChainedDynamicProperty.java:115] - Flipping property: App-Service.ribbon.ActiveConnectionsLimit to use NEXT property: niws.loadbalancer.availabilityFilteringRule.activeConnectionsLimit = 2147483647
2018-02-22 17:02:56.007 [http-nio-2000-exec-3] INFO  com.google.gateway.filter.PreRequestFilter [PreRequestFilter.java:104] - ip=0:0:0:0:0:0:0:1, req=/Api-App/ti
2018-02-22 17:02:56.008 [http-nio-2000-exec-3] INFO  com.google.gateway.filter.PreRequestFilter [PreRequestFilter.java:123] - 安全请求/Api-App/ti
2018-02-22 17:03:26.718 [http-nio-2000-exec-6] INFO  com.google.gateway.filter.PreRequestFilter [PreRequestFilter.java:104] - ip=0:0:0:0:0:0:0:1, req=/Api-App/login
2018-02-22 17:03:26.719 [http-nio-2000-exec-6] INFO  com.google.gateway.filter.PreRequestFilter [PreRequestFilter.java:123] - 安全请求/Api-App/login
2018-02-22 17:03:28.983 [http-nio-2000-exec-7] INFO  com.google.gateway.filter.PreRequestFilter [PreRequestFilter.java:104] - ip=0:0:0:0:0:0:0:1, req=/Api-App/login
2018-02-22 17:03:28.983 [http-nio-2000-exec-7] INFO  com.google.gateway.filter.PreRequestFilter [PreRequestFilter.java:123] - 安全请求/Api-App/login
2018-02-22 17:03:36.270 [AsyncResolver-bootstrap-executor-0] INFO  com.netflix.discovery.shared.resolver.aws.ConfigClusterResolver [ConfigClusterResolver.java:43] - Resolving eureka endpoints via configuration
