2018-04-19 19:08:29.863 [AsyncResolver-bootstrap-executor-0] INFO  com.netflix.discovery.shared.resolver.aws.ConfigClusterResolver [ConfigClusterResolver.java:43] - Resolving eureka endpoints via configuration
2018-04-19 19:13:29.869 [AsyncResolver-bootstrap-executor-0] INFO  com.netflix.discovery.shared.resolver.aws.ConfigClusterResolver [ConfigClusterResolver.java:43] - Resolving eureka endpoints via configuration
2018-04-19 19:18:29.871 [AsyncResolver-bootstrap-executor-0] INFO  com.netflix.discovery.shared.resolver.aws.ConfigClusterResolver [ConfigClusterResolver.java:43] - Resolving eureka endpoints via configuration
2018-04-19 19:18:58.576 [http-nio-5060-exec-1] INFO  org.apache.tomcat.util.http.parser.Cookie [DirectJDKLog.java:179] - A cookie header was received [1523865871,1524046153,1524115358] that contained an invalid cookie. That cookie will be ignored.Note: further occurrences of this error will be logged at DEBUG level.
2018-04-19 19:18:58.621 [http-nio-5060-exec-1] INFO  org.apache.catalina.core.ContainerBase.[Tomcat].[localhost].[/] [DirectJDKLog.java:179] - Initializing Spring FrameworkServlet 'dispatcherServlet'
2018-04-19 19:18:58.622 [http-nio-5060-exec-1] INFO  org.springframework.web.servlet.DispatcherServlet [FrameworkServlet.java:489] - FrameworkServlet 'dispatcherServlet': initialization started
2018-04-19 19:18:58.888 [http-nio-5060-exec-1] INFO  org.springframework.web.servlet.DispatcherServlet [FrameworkServlet.java:508] - FrameworkServlet 'dispatcherServlet': initialization completed in 265 ms
2018-04-19 19:18:58.981 [http-nio-5060-exec-1] INFO  org.apache.shiro.session.mgt.AbstractValidatingSessionManager [AbstractValidatingSessionManager.java:233] - Enabling session validation scheduler...
2018-04-19 19:18:59.285 [http-nio-5060-exec-1] INFO  org.thymeleaf.TemplateEngine [TemplateEngine.java:825] - [THYMELEAF] INITIALIZING TEMPLATE ENGINE
2018-04-19 19:18:59.378 [http-nio-5060-exec-1] INFO  org.thymeleaf.templateresolver.AbstractTemplateResolver [AbstractTemplateResolver.java:99] - [THYMELEAF] INITIALIZING TEMPLATE RESOLVER: org.thymeleaf.spring4.templateresolver.SpringResourceTemplateResolver
2018-04-19 19:18:59.379 [http-nio-5060-exec-1] INFO  org.thymeleaf.templateresolver.AbstractTemplateResolver [AbstractTemplateResolver.java:110] - [THYMELEAF] TEMPLATE RESOLVER INITIALIZED OK
2018-04-19 19:18:59.379 [http-nio-5060-exec-1] INFO  org.thymeleaf.messageresolver.AbstractMessageResolver [AbstractMessageResolver.java:72] - [THYMELEAF] INITIALIZING MESSAGE RESOLVER: org.thymeleaf.spring4.messageresolver.SpringMessageResolver
2018-04-19 19:18:59.380 [http-nio-5060-exec-1] INFO  org.thymeleaf.messageresolver.AbstractMessageResolver [AbstractMessageResolver.java:78] - [THYMELEAF] MESSAGE RESOLVER INITIALIZED OK
2018-04-19 19:18:59.388 [http-nio-5060-exec-1] INFO  org.thymeleaf.TemplateEngine.CONFIG [ConfigurationPrinterHelper.java:123] - [THYMELEAF] TEMPLATE ENGINE CONFIGURATION:
[THYMELEAF] * Cache Factory implementation: org.thymeleaf.cache.StandardCacheManager
[THYMELEAF] * Template modes:
[THYMELEAF]     * VALIDXHTML
[THYMELEAF]     * HTML5
[THYMELEAF]     * LEGACYHTML5
[THYMELEAF]     * XML
[THYMELEAF]     * VALIDXML
[THYMELEAF]     * XHTML
[THYMELEAF] * Template resolvers (in order):
[THYMELEAF]     * org.thymeleaf.spring4.templateresolver.SpringResourceTemplateResolver
[THYMELEAF] * Message resolvers (in order):
[THYMELEAF]     * org.thymeleaf.spring4.messageresolver.SpringMessageResolver
[THYMELEAF] * Dialect [1 of 3]: org.thymeleaf.spring4.dialect.SpringStandardDialect
[THYMELEAF]     * Prefix: "th"
[THYMELEAF] * Dialect [2 of 3]: at.pollux.thymeleaf.shiro.dialect.ShiroDialect
[THYMELEAF]     * Prefix: "shiro"
[THYMELEAF] * Dialect [3 of 3]: nz.net.ultraq.thymeleaf.LayoutDialect
[THYMELEAF]     * Prefix: "layout"
[THYMELEAF] TEMPLATE ENGINE CONFIGURED OK
2018-04-19 19:18:59.389 [http-nio-5060-exec-1] INFO  org.thymeleaf.TemplateEngine [TemplateEngine.java:838] - [THYMELEAF] TEMPLATE ENGINE INITIALIZED
2018-04-19 19:19:00.783 [AsyncReporter{org.springframework.cloud.sleuth.zipkin2.sender.RestTemplateSender@2810618f}] INFO  org.springframework.context.annotation.AnnotationConfigApplicationContext [AbstractApplicationContext.java:583] - Refreshing org.springframework.context.annotation.AnnotationConfigApplicationContext@4aaa8e7c: startup date [Thu Apr 19 19:19:00 CST 2018]; parent: org.springframework.boot.context.embedded.AnnotationConfigEmbeddedWebApplicationContext@642857e0
2018-04-19 19:19:00.947 [AsyncReporter{org.springframework.cloud.sleuth.zipkin2.sender.RestTemplateSender@2810618f}] INFO  org.springframework.beans.factory.annotation.AutowiredAnnotationBeanPostProcessor [AutowiredAnnotationBeanPostProcessor.java:155] - JSR-330 'javax.inject.Inject' annotation found and supported for autowiring
2018-04-19 19:19:01.379 [AsyncReporter{org.springframework.cloud.sleuth.zipkin2.sender.RestTemplateSender@2810618f}] INFO  com.netflix.config.ChainedDynamicProperty [ChainedDynamicProperty.java:115] - Flipping property: localhost.ribbon.ActiveConnectionsLimit to use NEXT property: niws.loadbalancer.availabilityFilteringRule.activeConnectionsLimit = 2147483647
2018-04-19 19:19:01.417 [AsyncReporter{org.springframework.cloud.sleuth.zipkin2.sender.RestTemplateSender@2810618f}] INFO  com.netflix.util.concurrent.ShutdownEnabledTimer [ShutdownEnabledTimer.java:58] - Shutdown hook installed for: NFLoadBalancer-PingTimer-localhost
2018-04-19 19:19:01.427 [AsyncReporter{org.springframework.cloud.sleuth.zipkin2.sender.RestTemplateSender@2810618f}] INFO  com.netflix.loadbalancer.BaseLoadBalancer [BaseLoadBalancer.java:192] - Client: localhost instantiated a LoadBalancer: DynamicServerListLoadBalancer:{NFLoadBalancer:name=localhost,current list of Servers=[],Load balancer stats=Zone stats: {},Server stats: []}ServerList:null
2018-04-19 19:19:01.437 [AsyncReporter{org.springframework.cloud.sleuth.zipkin2.sender.RestTemplateSender@2810618f}] INFO  com.netflix.loadbalancer.DynamicServerListLoadBalancer [DynamicServerListLoadBalancer.java:222] - Using serverListUpdater PollingServerListUpdater
2018-04-19 19:19:01.448 [AsyncReporter{org.springframework.cloud.sleuth.zipkin2.sender.RestTemplateSender@2810618f}] INFO  com.netflix.loadbalancer.DynamicServerListLoadBalancer [DynamicServerListLoadBalancer.java:150] - DynamicServerListLoadBalancer for client localhost initialized: DynamicServerListLoadBalancer:{NFLoadBalancer:name=localhost,current list of Servers=[],Load balancer stats=Zone stats: {},Server stats: []}ServerList:org.springframework.cloud.netflix.ribbon.eureka.DomainExtractingServerList@25659ac2
2018-04-19 19:19:07.190 [http-nio-5060-exec-3] INFO  com.google.style.manage.aspect.SysLogAspect [SysLogAspect.java:76] - ========args========[Ljava.lang.Object;@3d44cac8
2018-04-19 19:19:07.214 [http-nio-5060-exec-3] INFO  com.google.style.manage.aspect.SysLogAspect [SysLogAspect.java:100] - ========================日志保存成功===========================
2018-04-19 19:19:07.546 [http-nio-5060-exec-10] INFO  com.google.style.manage.aspect.SysLogAspect [SysLogAspect.java:76] - ========args========[Ljava.lang.Object;@2252dfe7
2018-04-19 19:19:07.606 [http-nio-5060-exec-10] INFO  com.google.style.manage.aspect.SysLogAspect [SysLogAspect.java:100] - ========================日志保存成功===========================
2018-04-19 19:19:12.974 [http-nio-5060-exec-8] INFO  com.google.style.manage.aspect.SysLogAspect [SysLogAspect.java:76] - ========args========[Ljava.lang.Object;@d88e704
2018-04-19 19:19:12.979 [http-nio-5060-exec-8] INFO  com.google.style.manage.aspect.SysLogAspect [SysLogAspect.java:100] - ========================日志保存成功===========================
2018-04-19 19:19:13.430 [http-nio-5060-exec-2] INFO  com.google.style.manage.aspect.SysLogAspect [SysLogAspect.java:76] - ========args========[Ljava.lang.Object;@2e2ac8f9
2018-04-19 19:19:13.435 [http-nio-5060-exec-2] INFO  com.google.style.manage.aspect.SysLogAspect [SysLogAspect.java:100] - ========================日志保存成功===========================
2018-04-19 19:19:15.207 [http-nio-5060-exec-7] INFO  com.google.style.manage.aspect.SysLogAspect [SysLogAspect.java:76] - ========args========[Ljava.lang.Object;@20b21be7
2018-04-19 19:19:15.213 [http-nio-5060-exec-7] INFO  com.google.style.manage.aspect.SysLogAspect [SysLogAspect.java:100] - ========================日志保存成功===========================
2018-04-19 19:19:20.575 [http-nio-5060-exec-1] INFO  com.google.style.manage.aspect.SysLogAspect [SysLogAspect.java:76] - ========args========[Ljava.lang.Object;@3b1c13b8
2018-04-19 19:19:20.582 [http-nio-5060-exec-1] INFO  com.google.style.manage.aspect.SysLogAspect [SysLogAspect.java:100] - ========================日志保存成功===========================
2018-04-19 19:19:20.765 [http-nio-5060-exec-10] INFO  com.google.style.manage.aspect.RequestLogAspect [RequestLogAspect.java:34] - 请求ip地址:0:0:0:0:0:0:0:1
2018-04-19 19:19:20.766 [http-nio-5060-exec-10] INFO  com.google.style.manage.aspect.RequestLogAspect [RequestLogAspect.java:35] - 请求url地址：http://localhost:5060/tools/dict/type
2018-04-19 19:19:20.767 [http-nio-5060-exec-10] INFO  com.google.style.manage.aspect.RequestLogAspect [RequestLogAspect.java:36] - 处理class:com.google.style.manage.controller.tools.DictController.listType
2018-04-19 19:19:20.767 [http-nio-5060-exec-10] INFO  com.google.style.manage.aspect.RequestLogAspect [RequestLogAspect.java:37] - 请求方法：GET
2018-04-19 19:19:20.768 [http-nio-5060-exec-10] INFO  com.google.style.manage.aspect.RequestLogAspect [RequestLogAspect.java:38] - 请求参数:{}
2018-04-19 19:19:20.796 [http-nio-5060-exec-10] INFO  com.google.style.manage.aspect.SysLogAspect [SysLogAspect.java:76] - ========args========[Ljava.lang.Object;@2483f8cb
2018-04-19 19:19:20.806 [http-nio-5060-exec-2] INFO  com.google.style.manage.aspect.RequestLogAspect [RequestLogAspect.java:34] - 请求ip地址:0:0:0:0:0:0:0:1
2018-04-19 19:19:20.806 [http-nio-5060-exec-2] INFO  com.google.style.manage.aspect.RequestLogAspect [RequestLogAspect.java:35] - 请求url地址：http://localhost:5060/tools/dict/list
2018-04-19 19:19:20.807 [http-nio-5060-exec-2] INFO  com.google.style.manage.aspect.RequestLogAspect [RequestLogAspect.java:36] - 处理class:com.google.style.manage.controller.tools.DictController.list
2018-04-19 19:19:20.807 [http-nio-5060-exec-10] INFO  com.google.style.manage.aspect.SysLogAspect [SysLogAspect.java:100] - ========================日志保存成功===========================
2018-04-19 19:19:20.808 [http-nio-5060-exec-2] INFO  com.google.style.manage.aspect.RequestLogAspect [RequestLogAspect.java:37] - 请求方法：GET
2018-04-19 19:19:20.808 [http-nio-5060-exec-10] INFO  com.google.style.manage.aspect.RequestLogAspect [RequestLogAspect.java:51] - 接口耗时:43
2018-04-19 19:19:20.809 [http-nio-5060-exec-2] INFO  com.google.style.manage.aspect.RequestLogAspect [RequestLogAspect.java:38] - 请求参数:{limit=10, offset=0}
2018-04-19 19:19:20.810 [http-nio-5060-exec-10] INFO  com.google.style.manage.aspect.RequestLogAspect [RequestLogAspect.java:57] - 接口返回：[Dict(id=null, name=null, value=null, type=del_flag, description=删除标记, sort=null, parentId=null, createBy=null, createDate=null, updateBy=null, updateDate=null, remarks=null, delFlag=null), Dict(id=null, name=null, value=null, type=show_hide, description=显示/隐藏, sort=null, parentId=null, createBy=null, createDate=null, updateBy=null, updateDate=null, remarks=null, delFlag=null), Dict(id=null, name=null, value=null, type=yes_no, description=是/否, sort=null, parentId=null, createBy=null, createDate=null, updateBy=null, updateDate=null, remarks=null, delFlag=null), Dict(id=null, name=null, value=null, type=color, description=颜色值, sort=null, parentId=null, createBy=null, createDate=null, updateBy=null, updateDate=null, remarks=null, delFlag=null), Dict(id=null, name=null, value=null, type=theme, description=主题方案, sort=null, parentId=null, createBy=null, createDate=null, updateBy=null, updateDate=null, remarks=null, delFlag=null), Dict(id=null, name=null, value=null, type=sys_area_type, description=区域类型, sort=null, parentId=null, createBy=null, createDate=null, updateBy=null, updateDate=null, remarks=null, delFlag=null), Dict(id=null, name=null, value=null, type=sys_office_type, description=机构类型, sort=null, parentId=null, createBy=null, createDate=null, updateBy=null, updateDate=null, remarks=null, delFlag=null), Dict(id=null, name=null, value=null, type=sys_office_common, description=快捷通用部门, sort=null, parentId=null, createBy=null, createDate=null, updateBy=null, updateDate=null, remarks=null, delFlag=null), Dict(id=null, name=null, value=null, type=sys_office_grade, description=机构等级, sort=null, parentId=null, createBy=null, createDate=null, updateBy=null, updateDate=null, remarks=null, delFlag=null), Dict(id=null, name=null, value=null, type=sys_data_scope, description=数据范围, sort=null, parentId=null, createBy=null, createDate=null, updateBy=null, updateDate=null, remarks=null, delFlag=null), Dict(id=null, name=null, value=null, type=sys_user_type, description=用户类型, sort=null, parentId=null, createBy=null, createDate=null, updateBy=null, updateDate=null, remarks=null, delFlag=null), Dict(id=null, name=null, value=null, type=cms_theme, description=站点主题, sort=null, parentId=null, createBy=null, createDate=null, updateBy=null, updateDate=null, remarks=null, delFlag=null), Dict(id=null, name=null, value=null, type=cms_module, description=栏目模型, sort=null, parentId=null, createBy=null, createDate=null, updateBy=null, updateDate=null, remarks=null, delFlag=null), Dict(id=null, name=null, value=null, type=cms_show_modes, description=展现方式, sort=null, parentId=null, createBy=null, createDate=null, updateBy=null, updateDate=null, remarks=null, delFlag=null), Dict(id=null, name=null, value=null, type=cms_del_flag, description=内容状态, sort=null, parentId=null, createBy=null, createDate=null, updateBy=null, updateDate=null, remarks=null, delFlag=null), Dict(id=null, name=null, value=null, type=cms_posid, description=推荐位, sort=null, parentId=null, createBy=null, createDate=null, updateBy=null, updateDate=null, remarks=null, delFlag=null), Dict(id=null, name=null, value=null, type=cms_guestbook, description=留言板分类, sort=null, parentId=null, createBy=null, createDate=null, updateBy=null, updateDate=null, remarks=null, delFlag=null), Dict(id=null, name=null, value=null, type=oa_leave_type, description=请假类型, sort=null, parentId=null, createBy=null, createDate=null, updateBy=null, updateDate=null, remarks=null, delFlag=null), Dict(id=null, name=null, value=null, type=sys_log_type, description=日志类型, sort=null, parentId=null, createBy=null, createDate=null, updateBy=null, updateDate=null, remarks=null, delFlag=null), Dict(id=null, name=null, value=null, type=act_type, description=流程类型, sort=null, parentId=null, createBy=null, createDate=null, updateBy=null, updateDate=null, remarks=null, delFlag=null), Dict(id=null, name=null, value=null, type=act_category, description=流程分类, sort=null, parentId=null, createBy=null, createDate=null, updateBy=null, updateDate=null, remarks=null, delFlag=null), Dict(id=null, name=null, value=null, type=gen_category, description=代码生成分类, sort=null, parentId=null, createBy=null, createDate=null, updateBy=null, updateDate=null, remarks=null, delFlag=null), Dict(id=null, name=null, value=null, type=gen_query_type, description=查询方式, sort=null, parentId=null, createBy=null, createDate=null, updateBy=null, updateDate=null, remarks=null, delFlag=null), Dict(id=null, name=null, value=null, type=gen_show_type, description=字段生成方案, sort=null, parentId=null, createBy=null, createDate=null, updateBy=null, updateDate=null, remarks=null, delFlag=null), Dict(id=null, name=null, value=null, type=gen_java_type, description=Java类型, sort=null, parentId=null, createBy=null, createDate=null, updateBy=null, updateDate=null, remarks=null, delFlag=null), Dict(id=null, name=null, value=null, type=sex, description=性别, sort=null, parentId=null, createBy=null, createDate=null, updateBy=null, updateDate=null, remarks=null, delFlag=null), Dict(id=null, name=null, value=null, type=oa_notify_type, description=通知通告类型, sort=null, parentId=null, createBy=null, createDate=null, updateBy=null, updateDate=null, remarks=null, delFlag=null), Dict(id=null, name=null, value=null, type=oa_notify_status, description=通知通告状态, sort=null, parentId=null, createBy=null, createDate=null, updateBy=null, updateDate=null, remarks=null, delFlag=null), Dict(id=null, name=null, value=null, type=oa_notify_read, description=通知通告状态, sort=null, parentId=null, createBy=null, createDate=null, updateBy=null, updateDate=null, remarks=null, delFlag=null), Dict(id=null, name=null, value=null, type=blog_type, description=博客类型, sort=null, parentId=null, createBy=null, createDate=null, updateBy=null, updateDate=null, remarks=null, delFlag=null), Dict(id=null, name=null, value=null, type=hobby, description=爱好, sort=null, parentId=null, createBy=null, createDate=null, updateBy=null, updateDate=null, remarks=null, delFlag=null)]
2018-04-19 19:19:21.027 [http-nio-5060-exec-2] INFO  com.google.style.manage.aspect.SysLogAspect [SysLogAspect.java:76] - ========args========[Ljava.lang.Object;@23ae50cd
2018-04-19 19:19:21.037 [http-nio-5060-exec-2] INFO  com.google.style.manage.aspect.SysLogAspect [SysLogAspect.java:100] - ========================日志保存成功===========================
2018-04-19 19:19:21.038 [http-nio-5060-exec-2] INFO  com.google.style.manage.aspect.RequestLogAspect [RequestLogAspect.java:51] - 接口耗时:232
2018-04-19 19:19:21.038 [http-nio-5060-exec-2] INFO  com.google.style.manage.aspect.RequestLogAspect [RequestLogAspect.java:57] - 接口返回：com.google.style.utils.PageUtils@3ccaa4c3
2018-04-19 19:20:32.995 [http-nio-5060-exec-6] INFO  com.google.style.manage.aspect.RequestLogAspect [RequestLogAspect.java:34] - 请求ip地址:0:0:0:0:0:0:0:1
2018-04-19 19:20:32.995 [http-nio-5060-exec-6] INFO  com.google.style.manage.aspect.RequestLogAspect [RequestLogAspect.java:35] - 请求url地址：http://localhost:5060/system/sysDept/tree
2018-04-19 19:20:32.996 [http-nio-5060-exec-6] INFO  com.google.style.manage.aspect.RequestLogAspect [RequestLogAspect.java:36] - 处理class:com.google.style.manage.controller.system.DeptController.tree
2018-04-19 19:20:32.996 [http-nio-5060-exec-6] INFO  com.google.style.manage.aspect.RequestLogAspect [RequestLogAspect.java:37] - 请求方法：GET
2018-04-19 19:20:32.997 [http-nio-5060-exec-6] INFO  com.google.style.manage.aspect.RequestLogAspect [RequestLogAspect.java:38] - 请求参数:{}
2018-04-19 19:20:33.011 [http-nio-5060-exec-6] INFO  com.google.style.manage.aspect.SysLogAspect [SysLogAspect.java:76] - ========args========[Ljava.lang.Object;@286f00b
2018-04-19 19:20:33.017 [http-nio-5060-exec-6] INFO  com.google.style.manage.aspect.SysLogAspect [SysLogAspect.java:100] - ========================日志保存成功===========================
2018-04-19 19:20:33.018 [http-nio-5060-exec-6] INFO  com.google.style.manage.aspect.RequestLogAspect [RequestLogAspect.java:51] - 接口耗时:23
2018-04-19 19:20:33.019 [http-nio-5060-exec-6] INFO  com.google.style.manage.aspect.RequestLogAspect [RequestLogAspect.java:57] - 接口返回：{"checked":true,"children":[{"checked":false,"children":[{"checked":false,"children":[],"hasChildren":false,"hasParent":true,"id":"12","parentId":"11","state":{"opened":true},"text":"运营二部"}],"hasChildren":true,"hasParent":false,"id":"11","parentId":"0","state":{"opened":true},"text":"运营部"},{"checked":false,"children":[{"checked":false,"children":[],"hasChildren":false,"hasParent":true,"id":"10","parentId":"8","state":{"opened":true},"text":"测试二部"},{"checked":false,"children":[],"hasChildren":false,"hasParent":true,"id":"9","parentId":"8","state":{"opened":true},"text":"测试一部"}],"hasChildren":true,"hasParent":false,"id":"8","parentId":"0","state":{"opened":true},"text":"测试部"},{"checked":false,"children":[{"checked":false,"children":[],"hasChildren":false,"hasParent":true,"id":"7","parentId":"6","state":{"opened":true},"text":"产品一部"}],"hasChildren":true,"hasParent":false,"id":"6","parentId":"0","state":{"opened":true},"text":"产品部"},{"checked":false,"children":[{"checked":false,"children":[],"hasChildren":false,"hasParent":true,"id":"5","parentId":"4","state":{"opened":true},"text":"销售一部"}],"hasChildren":true,"hasParent":false,"id":"4","parentId":"0","state":{"opened":true},"text":"销售部"},{"checked":false,"children":[{"checked":false,"children":[],"hasChildren":false,"hasParent":true,"id":"3","parentId":"1","state":{"opened":true},"text":"研发二部"},{"checked":false,"children":[],"hasChildren":false,"hasParent":true,"id":"2","parentId":"1","state":{"opened":true},"text":"研發一部"}],"hasChildren":true,"hasParent":false,"id":"1","parentId":"0","state":{"opened":true},"text":"研发部"}],"hasChildren":true,"hasParent":false,"id":"-1","parentId":"","state":{"opened":true},"text":"顶级节点"}
2018-04-19 19:20:33.058 [http-nio-5060-exec-7] INFO  com.google.style.manage.aspect.SysLogAspect [SysLogAspect.java:76] - ========args========[Ljava.lang.Object;@507733e6
2018-04-19 19:20:33.063 [http-nio-5060-exec-7] INFO  com.google.style.manage.aspect.SysLogAspect [SysLogAspect.java:100] - ========================日志保存成功===========================
2018-04-19 19:20:41.944 [http-nio-5060-exec-1] INFO  com.google.style.manage.aspect.SysLogAspect [SysLogAspect.java:76] - ========args========[Ljava.lang.Object;@2fe35161
2018-04-19 19:20:41.955 [http-nio-5060-exec-1] INFO  com.google.style.manage.aspect.SysLogAspect [SysLogAspect.java:100] - ========================日志保存成功===========================
2018-04-19 19:20:42.157 [http-nio-5060-exec-4] INFO  com.google.style.manage.aspect.SysLogAspect [SysLogAspect.java:76] - ========args========[Ljava.lang.Object;@6e90ecfc
2018-04-19 19:20:42.163 [http-nio-5060-exec-4] INFO  com.google.style.manage.aspect.SysLogAspect [SysLogAspect.java:100] - ========================日志保存成功===========================
2018-04-19 19:20:56.269 [http-nio-5060-exec-5] INFO  com.google.style.manage.aspect.RequestLogAspect [RequestLogAspect.java:34] - 请求ip地址:0:0:0:0:0:0:0:1
2018-04-19 19:20:56.270 [http-nio-5060-exec-5] INFO  com.google.style.manage.aspect.RequestLogAspect [RequestLogAspect.java:35] - 请求url地址：http://localhost:5060/sys/online
2018-04-19 19:20:56.270 [http-nio-5060-exec-5] INFO  com.google.style.manage.aspect.RequestLogAspect [RequestLogAspect.java:36] - 处理class:com.google.style.manage.controller.tools.SessionController.online
2018-04-19 19:20:56.271 [http-nio-5060-exec-5] INFO  com.google.style.manage.aspect.RequestLogAspect [RequestLogAspect.java:37] - 请求方法：GET
2018-04-19 19:20:56.272 [http-nio-5060-exec-5] INFO  com.google.style.manage.aspect.RequestLogAspect [RequestLogAspect.java:38] - 请求参数:{}
2018-04-19 19:20:56.281 [http-nio-5060-exec-5] INFO  com.google.style.manage.aspect.RequestLogAspect [RequestLogAspect.java:51] - 接口耗时:12
2018-04-19 19:20:56.282 [http-nio-5060-exec-5] INFO  com.google.style.manage.aspect.RequestLogAspect [RequestLogAspect.java:57] - 接口返回：system/online/online
2018-04-19 19:20:56.545 [http-nio-5060-exec-1] INFO  com.google.style.manage.aspect.RequestLogAspect [RequestLogAspect.java:34] - 请求ip地址:0:0:0:0:0:0:0:1
2018-04-19 19:20:56.546 [http-nio-5060-exec-1] INFO  com.google.style.manage.aspect.RequestLogAspect [RequestLogAspect.java:35] - 请求url地址：http://localhost:5060/sys/online/list
2018-04-19 19:20:56.547 [http-nio-5060-exec-1] INFO  com.google.style.manage.aspect.RequestLogAspect [RequestLogAspect.java:36] - 处理class:com.google.style.manage.controller.tools.SessionController.list
2018-04-19 19:20:56.547 [http-nio-5060-exec-1] INFO  com.google.style.manage.aspect.RequestLogAspect [RequestLogAspect.java:37] - 请求方法：GET
2018-04-19 19:20:56.548 [http-nio-5060-exec-1] INFO  com.google.style.manage.aspect.RequestLogAspect [RequestLogAspect.java:38] - 请求参数:{}
2018-04-19 19:20:56.552 [http-nio-5060-exec-1] INFO  com.google.style.manage.aspect.RequestLogAspect [RequestLogAspect.java:51] - 接口耗时:7
2018-04-19 19:20:56.553 [http-nio-5060-exec-1] INFO  com.google.style.manage.aspect.RequestLogAspect [RequestLogAspect.java:57] - 接口返回：[UserOnline(id=d5c808ed-8490-4a62-a577-98e5352ec602, userId=null, username=admin, host=0:0:0:0:0:0:0:1, systemHost=null, userAgent=null, status=on_line, startTimestamp=Thu Apr 19 19:19:07 CST 2018, lastAccessTime=Thu Apr 19 19:20:56 CST 2018, timeout=1800000, onlineSession=null)]
2018-04-19 19:21:12.015 [http-nio-5060-exec-10] INFO  com.google.style.manage.aspect.RequestLogAspect [RequestLogAspect.java:34] - 请求ip地址:0:0:0:0:0:0:0:1
2018-04-19 19:21:12.015 [http-nio-5060-exec-10] INFO  com.google.style.manage.aspect.RequestLogAspect [RequestLogAspect.java:35] - 请求url地址：http://localhost:5060/sys/online/forceLogout/d5c808ed-8490-4a62-a577-98e5352ec602
2018-04-19 19:21:12.016 [http-nio-5060-exec-10] INFO  com.google.style.manage.aspect.RequestLogAspect [RequestLogAspect.java:36] - 处理class:com.google.style.manage.controller.tools.SessionController.forceLogout
2018-04-19 19:21:12.017 [http-nio-5060-exec-10] INFO  com.google.style.manage.aspect.RequestLogAspect [RequestLogAspect.java:37] - 请求方法：POST
2018-04-19 19:21:12.018 [http-nio-5060-exec-10] INFO  com.google.style.manage.aspect.RequestLogAspect [RequestLogAspect.java:38] - 请求参数:d5c808ed-8490-4a62-a577-98e5352ec602
2018-04-19 19:21:12.020 [http-nio-5060-exec-10] INFO  com.google.style.manage.aspect.RequestLogAspect [RequestLogAspect.java:51] - 接口耗时:6
2018-04-19 19:21:12.021 [http-nio-5060-exec-10] INFO  com.google.style.manage.aspect.RequestLogAspect [RequestLogAspect.java:57] - 接口返回：{msg=操作成功, code=0}
2018-04-19 19:21:12.054 [http-nio-5060-exec-4] INFO  com.google.style.manage.aspect.RequestLogAspect [RequestLogAspect.java:34] - 请求ip地址:0:0:0:0:0:0:0:1
2018-04-19 19:21:12.056 [http-nio-5060-exec-4] INFO  com.google.style.manage.aspect.RequestLogAspect [RequestLogAspect.java:35] - 请求url地址：http://localhost:5060/sys/online/list
2018-04-19 19:21:12.058 [http-nio-5060-exec-4] INFO  com.google.style.manage.aspect.RequestLogAspect [RequestLogAspect.java:36] - 处理class:com.google.style.manage.controller.tools.SessionController.list
2018-04-19 19:21:12.060 [http-nio-5060-exec-4] INFO  com.google.style.manage.aspect.RequestLogAspect [RequestLogAspect.java:37] - 请求方法：GET
2018-04-19 19:21:12.060 [http-nio-5060-exec-4] INFO  com.google.style.manage.aspect.RequestLogAspect [RequestLogAspect.java:38] - 请求参数:{}
2018-04-19 19:21:12.062 [http-nio-5060-exec-4] INFO  com.google.style.manage.aspect.RequestLogAspect [RequestLogAspect.java:51] - 接口耗时:8
2018-04-19 19:21:12.063 [http-nio-5060-exec-4] INFO  com.google.style.manage.aspect.RequestLogAspect [RequestLogAspect.java:57] - 接口返回：[UserOnline(id=d5c808ed-8490-4a62-a577-98e5352ec602, userId=null, username=admin, host=0:0:0:0:0:0:0:1, systemHost=null, userAgent=null, status=on_line, startTimestamp=Thu Apr 19 19:19:07 CST 2018, lastAccessTime=Thu Apr 19 19:21:12 CST 2018, timeout=1800000, onlineSession=null)]
2018-04-19 19:21:14.429 [http-nio-5060-exec-3] INFO  com.google.style.manage.aspect.SysLogAspect [SysLogAspect.java:76] - ========args========[Ljava.lang.Object;@1235dbe7
2018-04-19 19:21:14.435 [http-nio-5060-exec-3] INFO  com.google.style.manage.aspect.SysLogAspect [SysLogAspect.java:100] - ========================日志保存成功===========================
2018-04-19 19:21:22.577 [http-nio-5060-exec-5] INFO  com.google.style.manage.aspect.RequestLogAspect [RequestLogAspect.java:34] - 请求ip地址:0:0:0:0:0:0:0:1
2018-04-19 19:21:22.578 [http-nio-5060-exec-5] INFO  com.google.style.manage.aspect.RequestLogAspect [RequestLogAspect.java:35] - 请求url地址：http://localhost:5060/sys/online
2018-04-19 19:21:22.579 [http-nio-5060-exec-5] INFO  com.google.style.manage.aspect.RequestLogAspect [RequestLogAspect.java:36] - 处理class:com.google.style.manage.controller.tools.SessionController.online
2018-04-19 19:21:22.580 [http-nio-5060-exec-5] INFO  com.google.style.manage.aspect.RequestLogAspect [RequestLogAspect.java:37] - 请求方法：GET
2018-04-19 19:21:22.580 [http-nio-5060-exec-5] INFO  com.google.style.manage.aspect.RequestLogAspect [RequestLogAspect.java:38] - 请求参数:{}
2018-04-19 19:21:22.581 [http-nio-5060-exec-5] INFO  com.google.style.manage.aspect.RequestLogAspect [RequestLogAspect.java:51] - 接口耗时:4
2018-04-19 19:21:22.582 [http-nio-5060-exec-5] INFO  com.google.style.manage.aspect.RequestLogAspect [RequestLogAspect.java:57] - 接口返回：system/online/online
2018-04-19 19:21:22.791 [http-nio-5060-exec-4] INFO  com.google.style.manage.aspect.RequestLogAspect [RequestLogAspect.java:34] - 请求ip地址:0:0:0:0:0:0:0:1
2018-04-19 19:21:22.792 [http-nio-5060-exec-4] INFO  com.google.style.manage.aspect.RequestLogAspect [RequestLogAspect.java:35] - 请求url地址：http://localhost:5060/sys/online/list
2018-04-19 19:21:22.793 [http-nio-5060-exec-4] INFO  com.google.style.manage.aspect.RequestLogAspect [RequestLogAspect.java:36] - 处理class:com.google.style.manage.controller.tools.SessionController.list
2018-04-19 19:21:22.793 [http-nio-5060-exec-4] INFO  com.google.style.manage.aspect.RequestLogAspect [RequestLogAspect.java:37] - 请求方法：GET
2018-04-19 19:21:22.793 [http-nio-5060-exec-4] INFO  com.google.style.manage.aspect.RequestLogAspect [RequestLogAspect.java:38] - 请求参数:{}
2018-04-19 19:21:22.795 [http-nio-5060-exec-4] INFO  com.google.style.manage.aspect.RequestLogAspect [RequestLogAspect.java:51] - 接口耗时:4
2018-04-19 19:21:22.796 [http-nio-5060-exec-4] INFO  com.google.style.manage.aspect.RequestLogAspect [RequestLogAspect.java:57] - 接口返回：[UserOnline(id=d5c808ed-8490-4a62-a577-98e5352ec602, userId=null, username=admin, host=0:0:0:0:0:0:0:1, systemHost=null, userAgent=null, status=on_line, startTimestamp=Thu Apr 19 19:19:07 CST 2018, lastAccessTime=Thu Apr 19 19:21:22 CST 2018, timeout=1800000, onlineSession=null)]
2018-04-19 19:21:29.687 [http-nio-5060-exec-3] INFO  com.google.style.manage.aspect.SysLogAspect [SysLogAspect.java:76] - ========args========[Ljava.lang.Object;@16cfaef1
2018-04-19 19:21:29.692 [http-nio-5060-exec-3] INFO  com.google.style.manage.aspect.SysLogAspect [SysLogAspect.java:100] - ========================日志保存成功===========================
2018-04-19 19:21:54.342 [http-nio-5060-exec-5] INFO  com.google.style.manage.aspect.RequestLogAspect [RequestLogAspect.java:34] - 请求ip地址:0:0:0:0:0:0:0:1
2018-04-19 19:21:54.342 [http-nio-5060-exec-5] INFO  com.google.style.manage.aspect.RequestLogAspect [RequestLogAspect.java:35] - 请求url地址：http://localhost:5060/blog/content/list
2018-04-19 19:21:54.342 [http-nio-5060-exec-5] INFO  com.google.style.manage.aspect.RequestLogAspect [RequestLogAspect.java:36] - 处理class:com.google.style.manage.controller.blog.ContentController.list
2018-04-19 19:21:54.343 [http-nio-5060-exec-5] INFO  com.google.style.manage.aspect.RequestLogAspect [RequestLogAspect.java:37] - 请求方法：GET
2018-04-19 19:21:54.343 [http-nio-5060-exec-5] INFO  com.google.style.manage.aspect.RequestLogAspect [RequestLogAspect.java:38] - 请求参数:{limit=10, offset=0}
2018-04-19 19:21:54.379 [http-nio-5060-exec-5] INFO  com.google.style.manage.aspect.RequestLogAspect [RequestLogAspect.java:51] - 接口耗时:38
2018-04-19 19:21:54.380 [http-nio-5060-exec-5] INFO  com.google.style.manage.aspect.RequestLogAspect [RequestLogAspect.java:57] - 接口返回：com.google.style.utils.PageUtils@2a093b03
2018-04-19 19:21:56.955 [http-nio-5060-exec-2] INFO  com.google.style.manage.aspect.RequestLogAspect [RequestLogAspect.java:34] - 请求ip地址:0:0:0:0:0:0:0:1
2018-04-19 19:21:56.955 [http-nio-5060-exec-2] INFO  com.google.style.manage.aspect.RequestLogAspect [RequestLogAspect.java:35] - 请求url地址：http://localhost:5060/blog/open/list
2018-04-19 19:21:56.956 [http-nio-5060-exec-2] INFO  com.google.style.manage.aspect.RequestLogAspect [RequestLogAspect.java:36] - 处理class:com.google.style.manage.controller.blog.BlogController.opentList
2018-04-19 19:21:56.957 [http-nio-5060-exec-2] INFO  com.google.style.manage.aspect.RequestLogAspect [RequestLogAspect.java:37] - 请求方法：GET
2018-04-19 19:21:56.958 [http-nio-5060-exec-2] INFO  com.google.style.manage.aspect.RequestLogAspect [RequestLogAspect.java:38] - 请求参数:{type=article, limit=10, offset=0}
2018-04-19 19:21:56.986 [http-nio-5060-exec-2] INFO  com.google.style.manage.aspect.RequestLogAspect [RequestLogAspect.java:51] - 接口耗时:31
2018-04-19 19:21:56.987 [http-nio-5060-exec-2] INFO  com.google.style.manage.aspect.RequestLogAspect [RequestLogAspect.java:57] - 接口返回：com.google.style.utils.PageUtils@642a00c6
2018-04-19 19:22:47.992 [http-nio-5060-exec-1] INFO  com.google.style.manage.aspect.RequestLogAspect [RequestLogAspect.java:34] - 请求ip地址:0:0:0:0:0:0:0:1
2018-04-19 19:22:47.993 [http-nio-5060-exec-1] INFO  com.google.style.manage.aspect.RequestLogAspect [RequestLogAspect.java:35] - 请求url地址：http://localhost:5060/blog/open/list
2018-04-19 19:22:47.993 [http-nio-5060-exec-1] INFO  com.google.style.manage.aspect.RequestLogAspect [RequestLogAspect.java:36] - 处理class:com.google.style.manage.controller.blog.BlogController.opentList
2018-04-19 19:22:47.994 [http-nio-5060-exec-1] INFO  com.google.style.manage.aspect.RequestLogAspect [RequestLogAspect.java:37] - 请求方法：GET
2018-04-19 19:22:47.995 [http-nio-5060-exec-1] INFO  com.google.style.manage.aspect.RequestLogAspect [RequestLogAspect.java:38] - 请求参数:{type=article, limit=10, offset=0}
2018-04-19 19:22:48.010 [http-nio-5060-exec-1] INFO  com.google.style.manage.aspect.RequestLogAspect [RequestLogAspect.java:51] - 接口耗时:18
2018-04-19 19:22:48.010 [http-nio-5060-exec-1] INFO  com.google.style.manage.aspect.RequestLogAspect [RequestLogAspect.java:57] - 接口返回：com.google.style.utils.PageUtils@1ef28c51
2018-04-19 19:23:29.872 [AsyncResolver-bootstrap-executor-0] INFO  com.netflix.discovery.shared.resolver.aws.ConfigClusterResolver [ConfigClusterResolver.java:43] - Resolving eureka endpoints via configuration
