2018-01-30 12:00:12.901 [DiscoveryClient-CacheRefreshExecutor-0] WARN  org.springframework.cloud.config.client.DiscoveryClientConfigServiceBootstrapConfiguration [DiscoveryClientConfigServiceBootstrapConfiguration.java:103] - Could not locate configserver via discovery
java.lang.IllegalStateException: No instances found of configserver (config-server)
	at org.springframework.cloud.config.client.ConfigServerInstanceProvider.getConfigServerInstance(ConfigServerInstanceProvider.java:25)
	at org.springframework.cloud.config.client.DiscoveryClientConfigServiceBootstrapConfiguration.refresh(DiscoveryClientConfigServiceBootstrapConfiguration.java:80)
	at org.springframework.cloud.config.client.DiscoveryClientConfigServiceBootstrapConfiguration.heartbeat(DiscoveryClientConfigServiceBootstrapConfiguration.java:72)
	at sun.reflect.NativeMethodAccessorImpl.invoke0(Native Method)
	at sun.reflect.NativeMethodAccessorImpl.invoke(NativeMethodAccessorImpl.java:62)
	at sun.reflect.DelegatingMethodAccessorImpl.invoke(DelegatingMethodAccessorImpl.java:43)
	at java.lang.reflect.Method.invoke(Method.java:498)
	at org.springframework.context.event.ApplicationListenerMethodAdapter.doInvoke(ApplicationListenerMethodAdapter.java:256)
	at org.springframework.context.event.ApplicationListenerMethodAdapter.processEvent(ApplicationListenerMethodAdapter.java:177)
	at org.springframework.context.event.ApplicationListenerMethodAdapter.onApplicationEvent(ApplicationListenerMethodAdapter.java:140)
	at org.springframework.context.event.SimpleApplicationEventMulticaster.doInvokeListener(SimpleApplicationEventMulticaster.java:172)
	at org.springframework.context.event.SimpleApplicationEventMulticaster.invokeListener(SimpleApplicationEventMulticaster.java:165)
	at org.springframework.context.event.SimpleApplicationEventMulticaster.multicastEvent(SimpleApplicationEventMulticaster.java:139)
	at org.springframework.context.support.AbstractApplicationContext.publishEvent(AbstractApplicationContext.java:393)
	at org.springframework.context.support.AbstractApplicationContext.publishEvent(AbstractApplicationContext.java:399)
	at org.springframework.context.support.AbstractApplicationContext.publishEvent(AbstractApplicationContext.java:347)
	at org.springframework.cloud.netflix.eureka.CloudEurekaClient.onCacheRefreshed(CloudEurekaClient.java:99)
	at com.netflix.discovery.DiscoveryClient.fetchRegistry(DiscoveryClient.java:952)
	at com.netflix.discovery.DiscoveryClient.refreshRegistry(DiscoveryClient.java:1460)
	at com.netflix.discovery.DiscoveryClient$CacheRefreshThread.run(DiscoveryClient.java:1427)
	at java.util.concurrent.Executors$RunnableAdapter.call(Executors.java:511)
	at java.util.concurrent.FutureTask.run(FutureTask.java:266)
	at java.util.concurrent.ThreadPoolExecutor.runWorker(ThreadPoolExecutor.java:1149)
	at java.util.concurrent.ThreadPoolExecutor$Worker.run(ThreadPoolExecutor.java:624)
	at java.lang.Thread.run(Thread.java:748)
2018-01-30 12:00:42.915 [DiscoveryClient-CacheRefreshExecutor-0] WARN  org.springframework.cloud.config.client.DiscoveryClientConfigServiceBootstrapConfiguration [DiscoveryClientConfigServiceBootstrapConfiguration.java:103] - Could not locate configserver via discovery
java.lang.IllegalStateException: No instances found of configserver (config-server)
	at org.springframework.cloud.config.client.ConfigServerInstanceProvider.getConfigServerInstance(ConfigServerInstanceProvider.java:25)
	at org.springframework.cloud.config.client.DiscoveryClientConfigServiceBootstrapConfiguration.refresh(DiscoveryClientConfigServiceBootstrapConfiguration.java:80)
	at org.springframework.cloud.config.client.DiscoveryClientConfigServiceBootstrapConfiguration.heartbeat(DiscoveryClientConfigServiceBootstrapConfiguration.java:72)
	at sun.reflect.NativeMethodAccessorImpl.invoke0(Native Method)
	at sun.reflect.NativeMethodAccessorImpl.invoke(NativeMethodAccessorImpl.java:62)
	at sun.reflect.DelegatingMethodAccessorImpl.invoke(DelegatingMethodAccessorImpl.java:43)
	at java.lang.reflect.Method.invoke(Method.java:498)
	at org.springframework.context.event.ApplicationListenerMethodAdapter.doInvoke(ApplicationListenerMethodAdapter.java:256)
	at org.springframework.context.event.ApplicationListenerMethodAdapter.processEvent(ApplicationListenerMethodAdapter.java:177)
	at org.springframework.context.event.ApplicationListenerMethodAdapter.onApplicationEvent(ApplicationListenerMethodAdapter.java:140)
	at org.springframework.context.event.SimpleApplicationEventMulticaster.doInvokeListener(SimpleApplicationEventMulticaster.java:172)
	at org.springframework.context.event.SimpleApplicationEventMulticaster.invokeListener(SimpleApplicationEventMulticaster.java:165)
	at org.springframework.context.event.SimpleApplicationEventMulticaster.multicastEvent(SimpleApplicationEventMulticaster.java:139)
	at org.springframework.context.support.AbstractApplicationContext.publishEvent(AbstractApplicationContext.java:393)
	at org.springframework.context.support.AbstractApplicationContext.publishEvent(AbstractApplicationContext.java:399)
	at org.springframework.context.support.AbstractApplicationContext.publishEvent(AbstractApplicationContext.java:347)
	at org.springframework.cloud.netflix.eureka.CloudEurekaClient.onCacheRefreshed(CloudEurekaClient.java:99)
	at com.netflix.discovery.DiscoveryClient.fetchRegistry(DiscoveryClient.java:952)
	at com.netflix.discovery.DiscoveryClient.refreshRegistry(DiscoveryClient.java:1460)
	at com.netflix.discovery.DiscoveryClient$CacheRefreshThread.run(DiscoveryClient.java:1427)
	at java.util.concurrent.Executors$RunnableAdapter.call(Executors.java:511)
	at java.util.concurrent.FutureTask.run(FutureTask.java:266)
	at java.util.concurrent.ThreadPoolExecutor.runWorker(ThreadPoolExecutor.java:1149)
	at java.util.concurrent.ThreadPoolExecutor$Worker.run(ThreadPoolExecutor.java:624)
	at java.lang.Thread.run(Thread.java:748)
2018-01-30 12:01:12.922 [DiscoveryClient-CacheRefreshExecutor-0] WARN  org.springframework.cloud.config.client.DiscoveryClientConfigServiceBootstrapConfiguration [DiscoveryClientConfigServiceBootstrapConfiguration.java:103] - Could not locate configserver via discovery
java.lang.IllegalStateException: No instances found of configserver (config-server)
	at org.springframework.cloud.config.client.ConfigServerInstanceProvider.getConfigServerInstance(ConfigServerInstanceProvider.java:25)
	at org.springframework.cloud.config.client.DiscoveryClientConfigServiceBootstrapConfiguration.refresh(DiscoveryClientConfigServiceBootstrapConfiguration.java:80)
	at org.springframework.cloud.config.client.DiscoveryClientConfigServiceBootstrapConfiguration.heartbeat(DiscoveryClientConfigServiceBootstrapConfiguration.java:72)
	at sun.reflect.NativeMethodAccessorImpl.invoke0(Native Method)
	at sun.reflect.NativeMethodAccessorImpl.invoke(NativeMethodAccessorImpl.java:62)
	at sun.reflect.DelegatingMethodAccessorImpl.invoke(DelegatingMethodAccessorImpl.java:43)
	at java.lang.reflect.Method.invoke(Method.java:498)
	at org.springframework.context.event.ApplicationListenerMethodAdapter.doInvoke(ApplicationListenerMethodAdapter.java:256)
	at org.springframework.context.event.ApplicationListenerMethodAdapter.processEvent(ApplicationListenerMethodAdapter.java:177)
	at org.springframework.context.event.ApplicationListenerMethodAdapter.onApplicationEvent(ApplicationListenerMethodAdapter.java:140)
	at org.springframework.context.event.SimpleApplicationEventMulticaster.doInvokeListener(SimpleApplicationEventMulticaster.java:172)
	at org.springframework.context.event.SimpleApplicationEventMulticaster.invokeListener(SimpleApplicationEventMulticaster.java:165)
	at org.springframework.context.event.SimpleApplicationEventMulticaster.multicastEvent(SimpleApplicationEventMulticaster.java:139)
	at org.springframework.context.support.AbstractApplicationContext.publishEvent(AbstractApplicationContext.java:393)
	at org.springframework.context.support.AbstractApplicationContext.publishEvent(AbstractApplicationContext.java:399)
	at org.springframework.context.support.AbstractApplicationContext.publishEvent(AbstractApplicationContext.java:347)
	at org.springframework.cloud.netflix.eureka.CloudEurekaClient.onCacheRefreshed(CloudEurekaClient.java:99)
	at com.netflix.discovery.DiscoveryClient.fetchRegistry(DiscoveryClient.java:952)
	at com.netflix.discovery.DiscoveryClient.refreshRegistry(DiscoveryClient.java:1460)
	at com.netflix.discovery.DiscoveryClient$CacheRefreshThread.run(DiscoveryClient.java:1427)
	at java.util.concurrent.Executors$RunnableAdapter.call(Executors.java:511)
	at java.util.concurrent.FutureTask.run(FutureTask.java:266)
	at java.util.concurrent.ThreadPoolExecutor.runWorker(ThreadPoolExecutor.java:1149)
	at java.util.concurrent.ThreadPoolExecutor$Worker.run(ThreadPoolExecutor.java:624)
	at java.lang.Thread.run(Thread.java:748)
2018-01-30 12:01:42.929 [DiscoveryClient-CacheRefreshExecutor-0] WARN  org.springframework.cloud.config.client.DiscoveryClientConfigServiceBootstrapConfiguration [DiscoveryClientConfigServiceBootstrapConfiguration.java:103] - Could not locate configserver via discovery
java.lang.IllegalStateException: No instances found of configserver (config-server)
	at org.springframework.cloud.config.client.ConfigServerInstanceProvider.getConfigServerInstance(ConfigServerInstanceProvider.java:25)
	at org.springframework.cloud.config.client.DiscoveryClientConfigServiceBootstrapConfiguration.refresh(DiscoveryClientConfigServiceBootstrapConfiguration.java:80)
	at org.springframework.cloud.config.client.DiscoveryClientConfigServiceBootstrapConfiguration.heartbeat(DiscoveryClientConfigServiceBootstrapConfiguration.java:72)
	at sun.reflect.NativeMethodAccessorImpl.invoke0(Native Method)
	at sun.reflect.NativeMethodAccessorImpl.invoke(NativeMethodAccessorImpl.java:62)
	at sun.reflect.DelegatingMethodAccessorImpl.invoke(DelegatingMethodAccessorImpl.java:43)
	at java.lang.reflect.Method.invoke(Method.java:498)
	at org.springframework.context.event.ApplicationListenerMethodAdapter.doInvoke(ApplicationListenerMethodAdapter.java:256)
	at org.springframework.context.event.ApplicationListenerMethodAdapter.processEvent(ApplicationListenerMethodAdapter.java:177)
	at org.springframework.context.event.ApplicationListenerMethodAdapter.onApplicationEvent(ApplicationListenerMethodAdapter.java:140)
	at org.springframework.context.event.SimpleApplicationEventMulticaster.doInvokeListener(SimpleApplicationEventMulticaster.java:172)
	at org.springframework.context.event.SimpleApplicationEventMulticaster.invokeListener(SimpleApplicationEventMulticaster.java:165)
	at org.springframework.context.event.SimpleApplicationEventMulticaster.multicastEvent(SimpleApplicationEventMulticaster.java:139)
	at org.springframework.context.support.AbstractApplicationContext.publishEvent(AbstractApplicationContext.java:393)
	at org.springframework.context.support.AbstractApplicationContext.publishEvent(AbstractApplicationContext.java:399)
	at org.springframework.context.support.AbstractApplicationContext.publishEvent(AbstractApplicationContext.java:347)
	at org.springframework.cloud.netflix.eureka.CloudEurekaClient.onCacheRefreshed(CloudEurekaClient.java:99)
	at com.netflix.discovery.DiscoveryClient.fetchRegistry(DiscoveryClient.java:952)
	at com.netflix.discovery.DiscoveryClient.refreshRegistry(DiscoveryClient.java:1460)
	at com.netflix.discovery.DiscoveryClient$CacheRefreshThread.run(DiscoveryClient.java:1427)
	at java.util.concurrent.Executors$RunnableAdapter.call(Executors.java:511)
	at java.util.concurrent.FutureTask.run(FutureTask.java:266)
	at java.util.concurrent.ThreadPoolExecutor.runWorker(ThreadPoolExecutor.java:1149)
	at java.util.concurrent.ThreadPoolExecutor$Worker.run(ThreadPoolExecutor.java:624)
	at java.lang.Thread.run(Thread.java:748)
